#
# A fatal error has been detected by the Java Runtime Environment:
#
#  SIGSEGV (0xb) at pc=0x00007f876d468a10, pid=9180, tid=140219672377088
#
# JRE version: 6.0_45-b06
# Java VM: Java HotSpot(TM) 64-Bit Server VM (20.45-b01 mixed mode linux-amd64 compressed oops)
# Problematic frame:
# C  [libgobject-2.0.so.0+0x18a10]  __float128+0x20
#
# If you would like to submit a bug report, please visit:
#   http://java.sun.com/webapps/bugreport/crash.jsp
# The crash happened outside the Java Virtual Machine in native code.
# See problematic frame for where to report the bug.
#

---------------  T H R E A D  ---------------

Current thread (0x00007f8768007800):  JavaThread "main" [_thread_in_native, id=9181, stack(0x00007f876fb33000,0x00007f876fc34000)]

siginfo:si_signo=SIGSEGV: si_errno=0, si_code=1 (SEGV_MAPERR), si_addr=0x00000000000000c8

Registers:
RAX=0x00000000000000c8, RBX=0x00007f8768bf1680, RCX=0x00000000000002a2, RDX=0x00007f8768bf1680
RSP=0x00007f876fc2fd00, RBP=0x00000000000002a2, RSI=0x00000000000002a2, RDI=0x00007f8768bf1680
R8 =0x0000000000701341, R9 =0x00000000e02682a8, R10=0x00007f8765360124, R11=0x00000000e02682a8
R12=0x0000000000000000, R13=0x00007f876fc2fdc8, R14=0x00007f876fc2fd60, R15=0x00007f8768007800
RIP=0x00007f876d468a10, EFLAGS=0x0000000000010202, CSGSFS=0x0000000000000033, ERR=0x0000000000000004
  TRAPNO=0x000000000000000e

Top of Stack: (sp=0x00007f876fc2fd00)
0x00007f876fc2fd00:   00000000d0ec2b40 00000000e05c37c8
0x00007f876fc2fd10:   00007f876fc2fd70 00007f872ec01371
0x00007f876fc2fd20:   00007f876fc2fd38 00007f8765360196
0x00007f876fc2fd30:   0000000000000000 00000000f9405738
0x00007f876fc2fd40:   00007f876fc2fd40 00000000d0c4ec72
0x00007f876fc2fd50:   00007f876fc2fda0 00000000d0ebd690
0x00007f876fc2fd60:   00000000d0e61750 00000000d0c4ecb0
0x00007f876fc2fd70:   0000000000000007 00007f8765387724
0x00007f876fc2fd80:   00007f8768bf1680 00007f87000002a2
0x00007f876fc2fd90:   0000000000000000 00000000e05c37c8
0x00007f876fc2fda0:   0000000000000001 00007f876fc2fda8
0x00007f876fc2fdb0:   00007f876fc2fe20 00007f87650059b3
0x00007f876fc2fdc0:   00007f87650059b3 00000000000002a2
0x00007f876fc2fdd0:   00007f8768bf1680 0000000000000000
0x00007f876fc2fde0:   00007f876fc2fde0 00000000d0d1ec63
0x00007f876fc2fdf0:   00007f876fc2fe50 00000000d0d76d10
0x00007f876fc2fe00:   0000000000000000 00000000d0d1ece8
0x00007f876fc2fe10:   00007f876fc2fdc8 00007f876fc2fe40
0x00007f876fc2fe20:   00007f876fc2fe98 00007f8765005929
0x00007f876fc2fe30:   0000000000000000 0000000000000000
0x00007f876fc2fe40:   00007f8768bf1680 00007f8768bf1680
0x00007f876fc2fe50:   00000000e024d108 00007f876fc2fe58
0x00007f876fc2fe60:   00000000d1066da5 00007f876fc2feb8
0x00007f876fc2fe70:   00000000d106eee8 0000000000000000
0x00007f876fc2fe80:   00000000d1066e40 00007f876fc2fe40
0x00007f876fc2fe90:   00007f876fc2feb8 00007f876fc2ff00
0x00007f876fc2fea0:   00007f8765005a82 0000000000000000
0x00007f876fc2feb0:   0000000000000000 00000000f9405738
0x00007f876fc2fec0:   00007f876fc2fec0 00000000d0c703f1
0x00007f876fc2fed0:   00007f876fc2ff10 00000000d0eba6b0
0x00007f876fc2fee0:   0000000000000000 00000000d0c70418
0x00007f876fc2fef0:   00007f876fc2feb8 00007f876fc2ff10 

Instructions: (pc=0x00007f876d468a10)
0x00007f876d4689f0:   48 89 5c 24 f0 48 89 6c 24 f8 48 83 ec 18 48 85
0x00007f876d468a00:   ff 48 89 fb 74 21 48 8b 07 89 f5 48 85 c0 74 06
0x00007f876d468a10:   48 83 38 50 74 42 be 50 00 00 00 48 89 df e8 3d
0x00007f876d468a20:   7f 01 00 85 c0 75 31 48 8d 15 e9 15 02 00 48 8d 

Register to memory mapping:

RAX=0x00000000000000c8 is an unknown value
RBX=0x00007f8768bf1680 is an unknown value
RCX=0x00000000000002a2 is an unknown value
RDX=0x00007f8768bf1680 is an unknown value
RSP=0x00007f876fc2fd00 is pointing into the stack for thread: 0x00007f8768007800
RBP=0x00000000000002a2 is an unknown value
RSI=0x00000000000002a2 is an unknown value
RDI=0x00007f8768bf1680 is an unknown value
R8 =0x0000000000701341 is an unknown value
R9 =0x00000000e02682a8 is an oop
org.eclipse.swt.internal.Lock 
 - klass: 'org/eclipse/swt/internal/Lock'
R10=0x00007f876535ff50 [CodeBlob (0x00007f876535ff50)]
Framesize: 10
R11=0x00000000e02682a8 is an oop
org.eclipse.swt.internal.Lock 
 - klass: 'org/eclipse/swt/internal/Lock'
R12=0x0000000000000000 is an unknown value
R13=0x00007f876fc2fdc8 is pointing into the stack for thread: 0x00007f8768007800
R14=0x00007f876fc2fd60 is pointing into the stack for thread: 0x00007f8768007800
R15=0x00007f8768007800 is a thread


Stack: [0x00007f876fb33000,0x00007f876fc34000],  sp=0x00007f876fc2fd00,  free space=1011k
Native frames: (J=compiled Java code, j=interpreted, Vv=VM code, C=native code)
C  [libgobject-2.0.so.0+0x18a10]  __float128+0x20

Java frames: (J=compiled Java code, j=interpreted, Vv=VM code)
J  org.eclipse.swt.internal.gtk.OS._g_object_get_qdata(JI)J
J  org.eclipse.swt.internal.gtk.OS.g_object_get_qdata(JI)J
j  org.eclipse.swt.widgets.Display.removeWidget(J)Lorg/eclipse/swt/widgets/Widget;+19
j  org.eclipse.swt.widgets.Combo.deregister()V+21
j  org.eclipse.swt.widgets.Widget.releaseWidget()V+1
j  org.eclipse.swt.widgets.Control.releaseWidget()V+1
j  org.eclipse.swt.widgets.Composite.releaseWidget()V+1
j  org.eclipse.swt.widgets.Combo.releaseWidget()V+1
j  org.eclipse.swt.widgets.Widget.release(Z)V+82
j  org.eclipse.swt.widgets.Control.release(Z)V+94
j  org.eclipse.swt.widgets.Composite.releaseChildren(Z)V+31
j  org.eclipse.swt.widgets.Widget.release(Z)V+38
j  org.eclipse.swt.widgets.Control.release(Z)V+94
j  org.eclipse.swt.widgets.Composite.releaseChildren(Z)V+31
j  org.eclipse.swt.widgets.Widget.release(Z)V+38
j  org.eclipse.swt.widgets.Control.release(Z)V+94
j  org.eclipse.swt.widgets.Composite.releaseChildren(Z)V+31
j  org.eclipse.swt.widgets.Widget.release(Z)V+38
j  org.eclipse.swt.widgets.Control.release(Z)V+94
j  org.eclipse.swt.widgets.Composite.releaseChildren(Z)V+31
j  org.eclipse.swt.widgets.Widget.release(Z)V+38
j  org.eclipse.swt.widgets.Control.release(Z)V+94
j  org.eclipse.swt.widgets.Composite.releaseChildren(Z)V+31
j  org.eclipse.swt.widgets.Widget.release(Z)V+38
j  org.eclipse.swt.widgets.Control.release(Z)V+94
j  org.eclipse.swt.widgets.Composite.releaseChildren(Z)V+31
j  org.eclipse.swt.widgets.Widget.release(Z)V+38
j  org.eclipse.swt.widgets.Control.release(Z)V+94
j  org.eclipse.swt.widgets.Composite.releaseChildren(Z)V+31
j  org.eclipse.swt.widgets.Widget.release(Z)V+38
j  org.eclipse.swt.widgets.Control.release(Z)V+94
j  org.eclipse.swt.widgets.Composite.releaseChildren(Z)V+31
j  org.eclipse.swt.widgets.Canvas.releaseChildren(Z)V+42
j  org.eclipse.swt.widgets.Decorations.releaseChildren(Z)V+22
j  org.eclipse.swt.widgets.Shell.releaseChildren(Z)V+100
j  org.eclipse.swt.widgets.Widget.release(Z)V+38
j  org.eclipse.swt.widgets.Control.release(Z)V+94
j  org.eclipse.swt.widgets.Widget.dispose()V+23
j  org.eclipse.swt.widgets.Shell.dispose()V+20
j  org.eclipse.jface.window.Window.close()Z+65
j  org.eclipse.jface.dialogs.Dialog.close()Z+26
j  org.eclipse.jface.dialogs.TrayDialog.close()Z+12
j  org.eclipse.jface.wizard.WizardDialog.hardClose()Z+83
j  org.eclipse.jface.wizard.WizardDialog.finishPressed()V+56
j  org.eclipse.jface.wizard.WizardDialog.buttonPressed(I)V+54
j  org.eclipse.jface.dialogs.Dialog$2.widgetSelected(Lorg/eclipse/swt/events/SelectionEvent;)V+17
j  org.eclipse.swt.widgets.TypedListener.handleEvent(Lorg/eclipse/swt/widgets/Event;)V+1080
J  org.eclipse.swt.widgets.EventTable.sendEvent(Lorg/eclipse/swt/widgets/Event;)V
j  org.eclipse.swt.widgets.Widget.sendEvent(Lorg/eclipse/swt/widgets/Event;)V+25
j  org.eclipse.swt.widgets.Display.runDeferredEvents()Z+92
j  org.eclipse.swt.widgets.Display.readAndDispatch()Z+46
j  org.eclipse.jface.window.Window.runEventLoop(Lorg/eclipse/swt/widgets/Shell;)V+23
j  org.eclipse.jface.window.Window.open()I+49
j  org.eclipse.ui.internal.handlers.WizardHandler$Import.executeHandler(Lorg/eclipse/core/commands/ExecutionEvent;)V+163
j  org.eclipse.ui.internal.handlers.WizardHandler.execute(Lorg/eclipse/core/commands/ExecutionEvent;)Ljava/lang/Object;+20
j  org.eclipse.ui.internal.handlers.HandlerProxy.execute(Lorg/eclipse/core/commands/ExecutionEvent;)Ljava/lang/Object;+33
j  org.eclipse.core.commands.Command.executeWithChecks(Lorg/eclipse/core/commands/ExecutionEvent;)Ljava/lang/Object;+115
j  org.eclipse.core.commands.ParameterizedCommand.executeWithChecks(Ljava/lang/Object;Ljava/lang/Object;)Ljava/lang/Object;+21
j  org.eclipse.ui.internal.handlers.HandlerService.executeCommand(Lorg/eclipse/core/commands/ParameterizedCommand;Lorg/eclipse/swt/widgets/Event;)Ljava/lang/Object;+6
j  org.eclipse.ui.internal.handlers.SlaveHandlerService.executeCommand(Lorg/eclipse/core/commands/ParameterizedCommand;Lorg/eclipse/swt/widgets/Event;)Ljava/lang/Object;+6
j  org.eclipse.ui.internal.actions.CommandAction.runWithEvent(Lorg/eclipse/swt/widgets/Event;)V+68
j  org.eclipse.jface.action.ActionContributionItem.handleWidgetSelection(Lorg/eclipse/swt/widgets/Event;Z)V+354
j  org.eclipse.jface.action.ActionContributionItem.access$2(Lorg/eclipse/jface/action/ActionContributionItem;Lorg/eclipse/swt/widgets/Event;Z)V+3
j  org.eclipse.jface.action.ActionContributionItem$5.handleEvent(Lorg/eclipse/swt/widgets/Event;)V+60
J  org.eclipse.swt.widgets.EventTable.sendEvent(Lorg/eclipse/swt/widgets/Event;)V
j  org.eclipse.swt.widgets.Widget.sendEvent(Lorg/eclipse/swt/widgets/Event;)V+25
j  org.eclipse.swt.widgets.Display.runDeferredEvents()Z+92
j  org.eclipse.swt.widgets.Display.readAndDispatch()Z+46
j  org.eclipse.ui.internal.Workbench.runEventLoop(Lorg/eclipse/jface/window/Window$IExceptionHandler;Lorg/eclipse/swt/widgets/Display;)V+9
j  org.eclipse.ui.internal.Workbench.runUI()I+555
j  org.eclipse.ui.internal.Workbench.access$4(Lorg/eclipse/ui/internal/Workbench;)I+1
j  org.eclipse.ui.internal.Workbench$7.run()V+55
j  org.eclipse.core.databinding.observable.Realm.runWithDefault(Lorg/eclipse/core/databinding/observable/Realm;Ljava/lang/Runnable;)V+12
j  org.eclipse.ui.internal.Workbench.createAndRunWorkbench(Lorg/eclipse/swt/widgets/Display;Lorg/eclipse/ui/application/WorkbenchAdvisor;)I+18
j  org.eclipse.ui.PlatformUI.createAndRunWorkbench(Lorg/eclipse/swt/widgets/Display;Lorg/eclipse/ui/application/WorkbenchAdvisor;)I+2
j  org.eclipse.ui.internal.ide.application.IDEApplication.start(Lorg/eclipse/equinox/app/IApplicationContext;)Ljava/lang/Object;+108
j  org.eclipse.equinox.internal.app.EclipseAppHandle.run(Ljava/lang/Object;)Ljava/lang/Object;+135
j  org.eclipse.core.runtime.internal.adaptor.EclipseAppLauncher.runApplication(Ljava/lang/Object;)Ljava/lang/Object;+103
j  org.eclipse.core.runtime.internal.adaptor.EclipseAppLauncher.start(Ljava/lang/Object;)Ljava/lang/Object;+29
j  org.eclipse.core.runtime.adaptor.EclipseStarter.run(Ljava/lang/Object;)Ljava/lang/Object;+149
j  org.eclipse.core.runtime.adaptor.EclipseStarter.run([Ljava/lang/String;Ljava/lang/Runnable;)Ljava/lang/Object;+183
v  ~StubRoutines::call_stub
j  sun.reflect.NativeMethodAccessorImpl.invoke0(Ljava/lang/reflect/Method;Ljava/lang/Object;[Ljava/lang/Object;)Ljava/lang/Object;+0
j  sun.reflect.NativeMethodAccessorImpl.invoke(Ljava/lang/Object;[Ljava/lang/Object;)Ljava/lang/Object;+87
j  sun.reflect.DelegatingMethodAccessorImpl.invoke(Ljava/lang/Object;[Ljava/lang/Object;)Ljava/lang/Object;+6
j  java.lang.reflect.Method.invoke(Ljava/lang/Object;[Ljava/lang/Object;)Ljava/lang/Object;+161
j  org.eclipse.equinox.launcher.Main.invokeFramework([Ljava/lang/String;[Ljava/net/URL;)V+211
j  org.eclipse.equinox.launcher.Main.basicRun([Ljava/lang/String;)V+126
j  org.eclipse.equinox.launcher.Main.run([Ljava/lang/String;)I+4
j  org.eclipse.equinox.launcher.Main.main([Ljava/lang/String;)V+10
v  ~StubRoutines::call_stub

---------------  P R O C E S S  ---------------

Java Threads: ( => current thread )
  0x00007f8710001000 JavaThread "[ThreadPool Manager] - Idle Thread" daemon [_thread_blocked, id=9214, stack(0x00007f872d100000,0x00007f872d201000)]
  0x00007f871c03b800 JavaThread "Worker-5" [_thread_blocked, id=9213, stack(0x00007f872d201000,0x00007f872d302000)]
  0x00007f8704001000 JavaThread "Worker-4" [_thread_blocked, id=9211, stack(0x00007f872d3c9000,0x00007f872d4ca000)]
  0x00007f870c075000 JavaThread "Bundle File Closer" daemon [_thread_blocked, id=9210, stack(0x00007f872d4e9000,0x00007f872d5ea000)]
  0x00007f8718003800 JavaThread "Worker-3" [_thread_blocked, id=9209, stack(0x00007f872d5ea000,0x00007f872d6eb000)]
  0x00007f8708105800 JavaThread "Worker-2" [_thread_blocked, id=9208, stack(0x00007f872d94d000,0x00007f872da4e000)]
  0x00007f871c019000 JavaThread "Worker-1" [_thread_blocked, id=9207, stack(0x00007f872de4a000,0x00007f872df4b000)]
  0x00007f8768ee4800 JavaThread "Java indexing" daemon [_thread_blocked, id=9206, stack(0x00007f872dba3000,0x00007f872dca4000)]
  0x00007f8768614800 JavaThread "Worker-0" [_thread_blocked, id=9203, stack(0x00007f872f0c1000,0x00007f872f1c2000)]
  0x00007f872402a000 JavaThread "Worker-JM" [_thread_blocked, id=9202, stack(0x00007f872eebf000,0x00007f872efc0000)]
  0x00007f8724059800 JavaThread "[Timer] - Main Queue Handler" daemon [_thread_blocked, id=9201, stack(0x00007f872efc0000,0x00007f872f0c1000)]
  0x00007f8724010800 JavaThread "Framework Event Dispatcher" daemon [_thread_blocked, id=9199, stack(0x00007f872f1c2000,0x00007f872f2c3000)]
  0x00007f87682f5800 JavaThread "Start Level Event Dispatcher" daemon [_thread_blocked, id=9198, stack(0x00007f872f2c3000,0x00007f872f3c4000)]
  0x00007f87682d6000 JavaThread "State Data Manager" daemon [_thread_blocked, id=9197, stack(0x00007f872f3c4000,0x00007f872f4c5000)]
  0x00007f87682b9000 JavaThread "Framework Active Thread" [_thread_blocked, id=9196, stack(0x00007f872f4c5000,0x00007f872f5c6000)]
  0x00007f87680b9000 JavaThread "Low Memory Detector" daemon [_thread_blocked, id=9192, stack(0x00007f876d8dd000,0x00007f876d9de000)]
  0x00007f87680b7000 JavaThread "C2 CompilerThread1" daemon [_thread_blocked, id=9191, stack(0x00007f876d9de000,0x00007f876dadf000)]
  0x00007f87680b4000 JavaThread "C2 CompilerThread0" daemon [_thread_blocked, id=9190, stack(0x00007f876dadf000,0x00007f876dbe0000)]
  0x00007f87680b2000 JavaThread "Signal Dispatcher" daemon [_thread_blocked, id=9189, stack(0x00007f876dbe0000,0x00007f876dce1000)]
  0x00007f8768095000 JavaThread "Finalizer" daemon [_thread_blocked, id=9188, stack(0x00007f876dd18000,0x00007f876de19000)]
  0x00007f8768093000 JavaThread "Reference Handler" daemon [_thread_blocked, id=9187, stack(0x00007f876de19000,0x00007f876df1a000)]
=>0x00007f8768007800 JavaThread "main" [_thread_in_native, id=9181, stack(0x00007f876fb33000,0x00007f876fc34000)]

Other Threads:
  0x00007f876808c800 VMThread [stack: 0x00007f876df1a000,0x00007f876e01b000] [id=9186]
  0x00007f87680cc000 WatcherThread [stack: 0x00007f876d7dc000,0x00007f876d8dd000] [id=9193]

VM state:not at safepoint (normal execution)

VM Mutex/Monitor currently owned by a thread: None

Heap
 PSYoungGen      total 127552K, used 77582K [0x00000000f5560000, 0x00000000fdfd0000, 0x0000000100000000)
  eden space 121664K, 62% used [0x00000000f5560000,0x00000000f9f838d0,0x00000000fcc30000)
  from space 5888K, 28% used [0x00000000fda10000,0x00000000fdbb0000,0x00000000fdfd0000)
  to   space 10048K, 0% used [0x00000000fcc30000,0x00000000fcc30000,0x00000000fd600000)
 PSOldGen        total 49280K, used 28257K [0x00000000e0000000, 0x00000000e3020000, 0x00000000f5560000)
  object space 49280K, 57% used [0x00000000e0000000,0x00000000e1b98668,0x00000000e3020000)
 PSPermGen       total 125568K, used 69952K [0x00000000d0000000, 0x00000000d7aa0000, 0x00000000e0000000)
  object space 125568K, 55% used [0x00000000d0000000,0x00000000d44501a0,0x00000000d7aa0000)

Code Cache  [0x00007f8765000000, 0x00007f8765410000, 0x00007f8768000000)
 total_blobs=1485 nmethods=931 adapters=507 free_code_cache=46273024 largest_free_block=92096

Dynamic libraries:
40000000-40009000 r-xp 00000000 08:12 9770                               /opt/jdk1.6.0_45/bin/java
40108000-4010a000 rwxp 00008000 08:12 9770                               /opt/jdk1.6.0_45/bin/java
41a5b000-41a7c000 rwxp 00000000 00:00 0                                  [heap]
d0000000-d7aa0000 rwxp 00000000 00:00 0 
d7aa0000-e0000000 rwxp 00000000 00:00 0 
e0000000-e3020000 rwxp 00000000 00:00 0 
e3020000-f5560000 rwxp 00000000 00:00 0 
f5560000-fdfd0000 rwxp 00000000 00:00 0 
fdfd0000-fe3f0000 ---p 00000000 00:00 0 
fe3f0000-100000000 rwxp 00000000 00:00 0 
7f86e0000000-7f86e0024000 rwxp 00000000 00:00 0 
7f86e0024000-7f86e4000000 ---p 00000000 00:00 0 
7f86e77ff000-7f86e7800000 ---p 00000000 00:00 0 
7f86e7800000-7f86e8000000 rwxp 00000000 00:00 0 
7f86e8000000-7f86e8021000 rwxp 00000000 00:00 0 
7f86e8021000-7f86ec000000 ---p 00000000 00:00 0 
7f86ec000000-7f86ec080000 rwxp 00000000 00:00 0 
7f86ec080000-7f86f0000000 ---p 00000000 00:00 0 
7f86f0000000-7f86f0021000 rwxp 00000000 00:00 0 
7f86f0021000-7f86f4000000 ---p 00000000 00:00 0 
7f86f4000000-7f86f7155000 rwxp 00000000 00:00 0 
7f86f7155000-7f86f8000000 ---p 00000000 00:00 0 
7f86f8000000-7f86f8021000 rwxp 00000000 00:00 0 
7f86f8021000-7f86fc000000 ---p 00000000 00:00 0 
7f86fc000000-7f86fc0cd000 rwxp 00000000 00:00 0 
7f86fc0cd000-7f8700000000 ---p 00000000 00:00 0 
7f8700000000-7f8700021000 rwxp 00000000 00:00 0 
7f8700021000-7f8704000000 ---p 00000000 00:00 0 
7f8704000000-7f8704294000 rwxp 00000000 00:00 0 
7f8704294000-7f8708000000 ---p 00000000 00:00 0 
7f8708000000-7f87081a8000 rwxp 00000000 00:00 0 
7f87081a8000-7f870c000000 ---p 00000000 00:00 0 
7f870c000000-7f870c101000 rwxp 00000000 00:00 0 
7f870c101000-7f8710000000 ---p 00000000 00:00 0 
7f8710000000-7f8710021000 rwxp 00000000 00:00 0 
7f8710021000-7f8714000000 ---p 00000000 00:00 0 
7f8714000000-7f8714021000 rwxp 00000000 00:00 0 
7f8714021000-7f8718000000 ---p 00000000 00:00 0 
7f8718000000-7f871805d000 rwxp 00000000 00:00 0 
7f871805d000-7f871c000000 ---p 00000000 00:00 0 
7f871c000000-7f871c0f2000 rwxp 00000000 00:00 0 
7f871c0f2000-7f8720000000 ---p 00000000 00:00 0 
7f8720000000-7f8720021000 rwxp 00000000 00:00 0 
7f8720021000-7f8724000000 ---p 00000000 00:00 0 
7f8724000000-7f8724130000 rwxp 00000000 00:00 0 
7f8724130000-7f8728000000 ---p 00000000 00:00 0 
7f8728000000-7f8728021000 rwxp 00000000 00:00 0 
7f8728021000-7f872c000000 ---p 00000000 00:00 0 
7f872c7ec000-7f872c7ed000 ---p 00000000 00:00 0 
7f872c7ed000-7f872cfed000 rwxp 00000000 00:00 0                          [stack:9231]
7f872cfed000-7f872cfff000 r-xp 00000000 08:17 426320                     /usr/local/share/icons/hicolor/icon-theme.cache
7f872cfff000-7f872d002000 ---p 00000000 00:00 0 
7f872d002000-7f872d100000 rwxp 00000000 00:00 0 
7f872d100000-7f872d103000 ---p 00000000 00:00 0 
7f872d103000-7f872d201000 rwxp 00000000 00:00 0                          [stack:9214]
7f872d201000-7f872d204000 ---p 00000000 00:00 0 
7f872d204000-7f872d302000 rwxp 00000000 00:00 0                          [stack:9213]
7f872d302000-7f872d398000 r-xp 00000000 08:17 686377                     /usr/share/fonts/TTF/DejaVuSans-Oblique.ttf
7f872d398000-7f872d3a2000 r-xs 00085000 08:0b 8388931                    /mnt/armazem/openflow/beacon/beacon-tutorial-1.0.4/eclipse/plugins/org.eclipse.team.cvs.core_3.3.400.I20110510-0800.jar
7f872d3a2000-7f872d3bf000 r-xs 0017c000 08:0b 8389149                    /mnt/armazem/openflow/beacon/beacon-tutorial-1.0.4/eclipse/plugins/org.eclipse.team.cvs.ui_3.3.400.I20110510-0800.jar
7f872d3bf000-7f872d3c9000 r-xs 00088000 08:0b 8389056                    /mnt/armazem/openflow/beacon/beacon-tutorial-1.0.4/eclipse/plugins/org.eclipse.update.core_3.2.500.v20110330.jar
7f872d3c9000-7f872d3cc000 ---p 00000000 00:00 0 
7f872d3cc000-7f872d4ca000 rwxp 00000000 00:00 0                          [stack:9211]
7f872d4ca000-7f872d4e5000 r-xs 00145000 08:0b 8389397                    /mnt/armazem/openflow/beacon/beacon-tutorial-1.0.4/eclipse/plugins/org.eclipse.team.ui_3.6.100.I20110525-0800.jar
7f872d4e9000-7f872d4ec000 ---p 00000000 00:00 0 
7f872d4ec000-7f872d5ea000 rwxp 00000000 00:00 0                          [stack:9210]
7f872d5ea000-7f872d5ed000 ---p 00000000 00:00 0 
7f872d5ed000-7f872d6eb000 rwxp 00000000 00:00 0                          [stack:9209]
7f872d6eb000-7f872d74b000 rwxs 00000000 00:04 9732147                    /SYSV00000000 (deleted)
7f872d74b000-7f872d74c000 r-xp 00000000 08:17 817714                     /usr/lib64/gtk-2.0/2.10.0/immodules/im-cedilla.so
7f872d74c000-7f872d94c000 ---p 00001000 08:17 817714                     /usr/lib64/gtk-2.0/2.10.0/immodules/im-cedilla.so
7f872d94c000-7f872d94d000 rwxp 00001000 08:17 817714                     /usr/lib64/gtk-2.0/2.10.0/immodules/im-cedilla.so
7f872d94d000-7f872d950000 ---p 00000000 00:00 0 
7f872d950000-7f872da4e000 rwxp 00000000 00:00 0                          [stack:9208]
7f872da4e000-7f872da4f000 r-xs 00008000 08:0b 8389236                    /mnt/armazem/openflow/beacon/beacon-tutorial-1.0.4/eclipse/plugins/org.eclipse.jsch.core_1.1.300.I20110514-0800.jar
7f872da4f000-7f872da52000 r-xs 0001a000 08:0b 8389348                    /mnt/armazem/openflow/beacon/beacon-tutorial-1.0.4/eclipse/plugins/org.eclipse.equinox.p2.metadata.repository_1.2.0.v20110511-1359.jar
7f872da52000-7f872da56000 r-xs 0001c000 08:0b 8389393                    /mnt/armazem/openflow/beacon/beacon-tutorial-1.0.4/eclipse/plugins/org.eclipse.equinox.p2.repository_2.1.0.v20110601.jar
7f872da56000-7f872da5a000 r-xs 0002a000 08:0b 8389928                    /mnt/armazem/openflow/beacon/beacon-tutorial-1.0.4/eclipse/plugins/org.eclipse.equinox.p2.engine_2.1.0.v20110511.jar
7f872da5a000-7f872da5c000 r-xs 0000c000 08:0b 8388907                    /mnt/armazem/openflow/beacon/beacon-tutorial-1.0.4/eclipse/plugins/org.eclipse.equinox.p2.operations_2.1.0.v20110511-1821.jar
7f872da5c000-7f872da5e000 r-xs 0000d000 08:0b 8388890                    /mnt/armazem/openflow/beacon/beacon-tutorial-1.0.4/eclipse/plugins/org.eclipse.equinox.p2.ui.sdk.scheduler_1.0.100.v20110502-1955.jar
7f872da5e000-7f872da60000 r-xs 0000a000 08:0b 8388896                    /mnt/armazem/openflow/beacon/beacon-tutorial-1.0.4/eclipse/plugins/org.eclipse.epp.usagedata.recording_1.3.1.R201106061540.jar
7f872da60000-7f872da62000 r-xs 00008000 08:0b 8389898                    /mnt/armazem/openflow/beacon/beacon-tutorial-1.0.4/eclipse/plugins/org.eclipse.epp.usagedata.gathering_1.3.1.R201106061540.jar
7f872da62000-7f872da78000 r-xs 00143000 08:0b 8388893                    /mnt/armazem/openflow/beacon/beacon-tutorial-1.0.4/eclipse/plugins/org.eclipse.jgit_1.0.0.201106090707-r.jar
7f872da78000-7f872da7c000 r-xs 0002a000 08:0b 8389271                    /mnt/armazem/openflow/beacon/beacon-tutorial-1.0.4/eclipse/plugins/org.eclipse.egit.core_1.0.0.201106090707-r.jar
7f872da7c000-7f872da82000 r-xs 00039000 08:0b 8388942                    /mnt/armazem/openflow/beacon/beacon-tutorial-1.0.4/eclipse/plugins/org.eclipse.epp.mpc.ui_1.1.0.I20110525-0742.jar
7f872da88000-7f872da8b000 r-xs 00013000 08:0b 8389198                    /mnt/armazem/openflow/beacon/beacon-tutorial-1.0.4/eclipse/plugins/org.eclipse.mylyn.tasks.bugs_3.6.0.v20110608-1400.jar
7f872da95000-7f872daa3000 r-xs 000a6000 08:0b 8389248                    /mnt/armazem/openflow/beacon/beacon-tutorial-1.0.4/eclipse/plugins/org.eclipse.compare_3.5.200.I20110525-0800.jar
7f872daa3000-7f872daac000 r-xs 00058000 08:0b 8389400                    /mnt/armazem/openflow/beacon/beacon-tutorial-1.0.4/eclipse/plugins/org.eclipse.team.core_3.6.0.I20110525-0800.jar
7f872daac000-7f872daaf000 r-xs 00019000 08:0b 8389406                    /mnt/armazem/openflow/beacon/beacon-tutorial-1.0.4/eclipse/plugins/org.eclipse.core.filebuffers_3.5.200.v20110505-0800.jar
7f872daaf000-7f872dab2000 r-xs 00013000 08:0b 8389182                    /mnt/armazem/openflow/beacon/beacon-tutorial-1.0.4/eclipse/plugins/org.eclipse.jdt.core.manipulation_1.4.0.v20110505-0800.jar
7f872dab2000-7f872dae4000 r-xs 00244000 08:0b 8388933                    /mnt/armazem/openflow/beacon/beacon-tutorial-1.0.4/eclipse/plugins/org.eclipse.debug.ui_3.7.0.v20110518.jar
7f872dae4000-7f872daf0000 r-xs 00081000 08:0b 8389376                    /mnt/armazem/openflow/beacon/beacon-tutorial-1.0.4/eclipse/plugins/org.eclipse.ui.editors_3.7.0.v20110517-0800.jar
7f872daf0000-7f872db03000 r-xs 000dd000 08:0b 8389275                    /mnt/armazem/openflow/beacon/beacon-tutorial-1.0.4/eclipse/plugins/org.eclipse.jface.text_3.7.0.v20110505-0800.jar
7f872db03000-7f872db07000 r-xs 00013000 08:0b 8388955                    /mnt/armazem/openflow/beacon/beacon-tutorial-1.0.4/eclipse/plugins/org.eclipse.ui.views_3.6.0.I20110412-0800.jar
7f872db07000-7f872db9c000 r-xs 00923000 08:0b 8389233                    /mnt/armazem/openflow/beacon/beacon-tutorial-1.0.4/eclipse/plugins/org.eclipse.jdt.ui_3.7.0.v20110531-1200.jar
7f872db9c000-7f872dba3000 r-xs 0004c000 08:0b 8388961                    /mnt/armazem/openflow/beacon/beacon-tutorial-1.0.4/eclipse/plugins/org.eclipse.equinox.p2.metadata_2.1.0.v20110510.jar
7f872dba3000-7f872dba6000 ---p 00000000 00:00 0 
7f872dba6000-7f872dca4000 rwxp 00000000 00:00 0                          [stack:9206]
7f872dca4000-7f872dcac000 r-xs 00115000 08:12 8452                       /opt/jdk1.6.0_45/jre/lib/resources.jar
7f872dcac000-7f872dcb1000 r-xs 00038000 08:0b 8389174                    /mnt/armazem/openflow/beacon/beacon-tutorial-1.0.4/eclipse/plugins/org.eclipse.text_3.5.100.v20110505-0800.jar
7f872dcb1000-7f872dcb4000 r-xs 00023000 08:0b 8388943                    /mnt/armazem/openflow/beacon/beacon-tutorial-1.0.4/eclipse/plugins/org.eclipse.jdt.compiler.apt_1.0.400.v0110509-1300.jar
7f872dcb4000-7f872dcdd000 r-xs 0042e000 08:0b 8389049                    /mnt/armazem/openflow/beacon/beacon-tutorial-1.0.4/eclipse/plugins/org.eclipse.jdt.core_3.7.0.v_B61.jar
7f872dcdd000-7f872dce5000 r-xs 0004d000 08:0b 8389417                    /mnt/armazem/openflow/beacon/beacon-tutorial-1.0.4/eclipse/plugins/org.eclipse.debug.core_3.7.0.v20110518.jar
7f872dce5000-7f872dce9000 r-xs 00047000 08:0b 8389156                    /mnt/armazem/openflow/beacon/beacon-tutorial-1.0.4/eclipse/plugins/org.eclipse.jdt.launching_3.6.0.v20110509.jar
7f872dce9000-7f872dcf9000 r-xs 00110000 08:0b 8389391                    /mnt/armazem/openflow/beacon/beacon-tutorial-1.0.4/eclipse/plugins/org.eclipse.pde.core_3.7.0.v20110603.jar
7f872dcf9000-7f872dcfc000 r-xs 0001f000 08:0b 8389196                    /mnt/armazem/openflow/beacon/beacon-tutorial-1.0.4/eclipse/plugins/org.eclipse.ui.views.log_1.0.200.v20110404.jar
7f872dcfc000-7f872dd08000 r-xs 00083000 08:0b 8389197                    /mnt/armazem/openflow/beacon/beacon-tutorial-1.0.4/eclipse/plugins/org.eclipse.ui.workbench.texteditor_3.7.0.v20110505-0800.jar
7f872dd08000-7f872dd0b000 r-xs 00019000 08:0b 8389383                    /mnt/armazem/openflow/beacon/beacon-tutorial-1.0.4/eclipse/plugins/org.eclipse.pde.launching_3.6.0.v20110506.jar
7f872dd0b000-7f872dd15000 r-xs 00069000 08:0b 8389897                    /mnt/armazem/openflow/beacon/beacon-tutorial-1.0.4/eclipse/plugins/org.eclipse.search_3.7.0.v20110505-0800.jar
7f872dd1b000-7f872dd22000 r-xs 00038000 08:0b 8389028                    /mnt/armazem/openflow/beacon/beacon-tutorial-1.0.4/eclipse/plugins/org.eclipse.mylyn.context.ui_3.6.0.v20110608-1400.jar
7f872dd22000-7f872dd28000 r-xs 00044000 08:0b 8389419                    /mnt/armazem/openflow/beacon/beacon-tutorial-1.0.4/eclipse/plugins/org.eclipse.ui.forms_3.5.100.v20110425.jar
7f872dd28000-7f872dd2e000 r-xs 00039000 08:0b 8389235                    /mnt/armazem/openflow/beacon/beacon-tutorial-1.0.4/eclipse/plugins/org.eclipse.mylyn.bugzilla.ui_3.6.0.v20110608-1400.jar
7f872dd33000-7f872dd3d000 r-xs 00058000 08:0b 8389902                    /mnt/armazem/openflow/beacon/beacon-tutorial-1.0.4/eclipse/plugins/org.eclipse.mylyn.commons.ui_3.6.0.v20110608-1400.jar
7f872dd3d000-7f872dd49000 r-xp 00000000 08:0b 8390578                    /mnt/armazem/openflow/beacon/beacon-tutorial-1.0.4/eclipse/configuration/org.eclipse.osgi/bundles/239/1/.cp/libswt-cairo-gtk-3735.so
7f872dd49000-7f872de49000 ---p 0000c000 08:0b 8390578                    /mnt/armazem/openflow/beacon/beacon-tutorial-1.0.4/eclipse/configuration/org.eclipse.osgi/bundles/239/1/.cp/libswt-cairo-gtk-3735.so
7f872de49000-7f872de4a000 rwxp 0000c000 08:0b 8390578                    /mnt/armazem/openflow/beacon/beacon-tutorial-1.0.4/eclipse/configuration/org.eclipse.osgi/bundles/239/1/.cp/libswt-cairo-gtk-3735.so
7f872de4a000-7f872de4d000 ---p 00000000 00:00 0 
7f872de4d000-7f872df4b000 rwxp 00000000 00:00 0                          [stack:9207]
7f872df4b000-7f872dff0000 r-xp 00000000 08:17 686361                     /usr/share/fonts/TTF/DejaVuSans-Bold.ttf
7f872dff0000-7f872dffb000 r-xp 00000000 08:0b 8390544                    /mnt/armazem/openflow/beacon/beacon-tutorial-1.0.4/eclipse/configuration/org.eclipse.osgi/bundles/239/1/.cp/libswt-atk-gtk-3735.so
7f872dffb000-7f872e0fb000 ---p 0000b000 08:0b 8390544                    /mnt/armazem/openflow/beacon/beacon-tutorial-1.0.4/eclipse/configuration/org.eclipse.osgi/bundles/239/1/.cp/libswt-atk-gtk-3735.so
7f872e0fb000-7f872e0fc000 rwxp 0000b000 08:0b 8390544                    /mnt/armazem/openflow/beacon/beacon-tutorial-1.0.4/eclipse/configuration/org.eclipse.osgi/bundles/239/1/.cp/libswt-atk-gtk-3735.so
7f872e0fc000-7f872e0fd000 r-xs 0000d000 08:0b 8389964                    /mnt/armazem/openflow/beacon/beacon-tutorial-1.0.4/eclipse/plugins/org.eclipse.jdt.compiler.tool_1.0.100.v_B61.jar
7f872e0fd000-7f872e100000 r-xs 00019000 08:0b 8388972                    /mnt/armazem/openflow/beacon/beacon-tutorial-1.0.4/eclipse/plugins/org.eclipse.mylyn.context.core_3.6.0.v20110608-1400.jar
7f872e100000-7f872e107000 r-xs 00096000 08:12 8450                       /opt/jdk1.6.0_45/jre/lib/jsse.jar
7f872e113000-7f872e116000 r-xs 00013000 08:12 8464                       /opt/jdk1.6.0_45/jre/lib/jce.jar
7f872e116000-7f872e119000 r-xs 00017000 08:0b 8389899                    /mnt/armazem/openflow/beacon/beacon-tutorial-1.0.4/eclipse/plugins/org.eclipse.equinox.security_1.1.0.v20110502.jar
7f872e119000-7f872e11b000 r-xs 0000f000 08:0b 8389923                    /mnt/armazem/openflow/beacon/beacon-tutorial-1.0.4/eclipse/plugins/org.eclipse.core.net_1.2.100.I20110511-0800.jar
7f872e126000-7f872e147000 r-xs 00175000 08:0b 8389189                    /mnt/armazem/openflow/beacon/beacon-tutorial-1.0.4/eclipse/plugins/org.eclipse.mylyn.tasks.ui_3.6.0.v20110608-1400.jar
7f872e147000-7f872e14a000 rwxs 00000000 00:04 9699377                    /SYSV00000000 (deleted)
7f872e150000-7f872e15a000 r-xs 00065000 08:0b 8389959                    /mnt/armazem/openflow/beacon/beacon-tutorial-1.0.4/eclipse/plugins/org.eclipse.ltk.ui.refactoring_3.6.0.v20110505-0800.jar
7f872e15a000-7f872e161000 r-xs 00048000 08:0b 8389945                    /mnt/armazem/openflow/beacon/beacon-tutorial-1.0.4/eclipse/plugins/org.eclipse.ltk.core.refactoring_3.5.200.v20110505-0800.jar
7f872e161000-7f872e169000 r-xs 0005f000 08:0b 8389893                    /mnt/armazem/openflow/beacon/beacon-tutorial-1.0.4/eclipse/plugins/org.eclipse.pde.api.tools.ui_1.0.300.v20110523-1600.jar
7f872e169000-7f872e183000 r-xs 00132000 08:0b 8389389                    /mnt/armazem/openflow/beacon/beacon-tutorial-1.0.4/eclipse/plugins/org.eclipse.jdt.debug.ui_3.6.0.v20110512.jar
7f872e183000-7f872e185000 r-xs 0000c000 08:0b 8389385                    /mnt/armazem/openflow/beacon/beacon-tutorial-1.0.4/eclipse/plugins/org.eclipse.pde.ds.core_1.0.100.v20100601.jar
7f872e185000-7f872e1ce000 r-xs 003c3000 08:0b 8389036                    /mnt/armazem/openflow/beacon/beacon-tutorial-1.0.4/eclipse/plugins/org.eclipse.pde.ui_3.6.100.v20110603.jar
7f872e1ce000-7f872e1d2000 r-xs 0003b000 08:0b 8389414                    /mnt/armazem/openflow/beacon/beacon-tutorial-1.0.4/eclipse/plugins/org.eclipse.help_3.5.100.v20110426.jar
7f872e1d3000-7f872e1da000 r-xs 00052000 08:0b 8389076                    /mnt/armazem/openflow/beacon/beacon-tutorial-1.0.4/eclipse/plugins/org.eclipse.jdt.apt.core_3.3.500.v20110420-1015.jar
7f872e1da000-7f872e1fc000 r-xs 001a0000 08:0b 8389380                    /mnt/armazem/openflow/beacon/beacon-tutorial-1.0.4/eclipse/plugins/org.eclipse.egit.ui_1.0.0.201106090707-r.jar
7f872e1fc000-7f872e1fe000 r-xp 00000000 08:0b 8519810                    /mnt/armazem/openflow/beacon/beacon-tutorial-1.0.4/eclipse/configuration/org.eclipse.osgi/bundles/42/1/.cp/os/linux/x86_64/libunixfile_1_0_0.so
7f872e1fe000-7f872e2fd000 ---p 00002000 08:0b 8519810                    /mnt/armazem/openflow/beacon/beacon-tutorial-1.0.4/eclipse/configuration/org.eclipse.osgi/bundles/42/1/.cp/os/linux/x86_64/libunixfile_1_0_0.so
7f872e2fd000-7f872e2fe000 rwxp 00001000 08:0b 8519810                    /mnt/armazem/openflow/beacon/beacon-tutorial-1.0.4/eclipse/configuration/org.eclipse.osgi/bundles/42/1/.cp/os/linux/x86_64/libunixfile_1_0_0.so
7f872e2fe000-7f872e304000 r-xp 00000000 08:17 809579                     /usr/lib64/gdk-pixbuf-2.0/2.10.0/loaders/libpixbufloader-gif.so
7f872e304000-7f872e503000 ---p 00006000 08:17 809579                     /usr/lib64/gdk-pixbuf-2.0/2.10.0/loaders/libpixbufloader-gif.so
7f872e503000-7f872e504000 rwxp 00005000 08:17 809579                     /usr/lib64/gdk-pixbuf-2.0/2.10.0/loaders/libpixbufloader-gif.so
7f872e504000-7f872e509000 r-xp 00000000 08:17 809569                     /usr/lib64/gdk-pixbuf-2.0/2.10.0/loaders/libpixbufloader-png.so
7f872e509000-7f872e708000 ---p 00005000 08:17 809569                     /usr/lib64/gdk-pixbuf-2.0/2.10.0/loaders/libpixbufloader-png.so
7f872e708000-7f872e709000 rwxp 00004000 08:17 809569                     /usr/lib64/gdk-pixbuf-2.0/2.10.0/loaders/libpixbufloader-png.so
7f872e709000-7f872e7b9000 r-xp 00000000 08:17 686380                     /usr/share/fonts/TTF/DejaVuSans.ttf
7f872e7b9000-7f872e7bb000 r-xp 00000000 08:17 819185                     /usr/lib64/pango/1.6.0/modules/pango-basic-fc.so
7f872e7bb000-7f872e9ba000 ---p 00002000 08:17 819185                     /usr/lib64/pango/1.6.0/modules/pango-basic-fc.so
7f872e9ba000-7f872e9bb000 rwxp 00001000 08:17 819185                     /usr/lib64/pango/1.6.0/modules/pango-basic-fc.so
7f872e9bb000-7f872e9c0000 r-xp 00000000 08:17 823709                     /usr/lib64/libXtst.so.6.1.0
7f872e9c0000-7f872ebbf000 ---p 00005000 08:17 823709                     /usr/lib64/libXtst.so.6.1.0
7f872ebbf000-7f872ebc0000 rwxp 00004000 08:17 823709                     /usr/lib64/libXtst.so.6.1.0
7f872ebc0000-7f872ec34000 r-xp 00000000 08:0b 8390534                    /mnt/armazem/openflow/beacon/beacon-tutorial-1.0.4/eclipse/configuration/org.eclipse.osgi/bundles/239/1/.cp/libswt-pi-gtk-3735.so
7f872ec34000-7f872ed33000 ---p 00074000 08:0b 8390534                    /mnt/armazem/openflow/beacon/beacon-tutorial-1.0.4/eclipse/configuration/org.eclipse.osgi/bundles/239/1/.cp/libswt-pi-gtk-3735.so
7f872ed33000-7f872ed36000 rwxp 00073000 08:0b 8390534                    /mnt/armazem/openflow/beacon/beacon-tutorial-1.0.4/eclipse/configuration/org.eclipse.osgi/bundles/239/1/.cp/libswt-pi-gtk-3735.so
7f872ed36000-7f872ed38000 rwxp 00000000 00:00 0 
7f872ed38000-7f872edb6000 r-xp 00000000 08:0b 8390533                    /mnt/armazem/openflow/beacon/beacon-tutorial-1.0.4/eclipse/configuration/org.eclipse.osgi/bundles/239/1/.cp/libswt-gtk-3735.so
7f872edb6000-7f872eeb5000 ---p 0007e000 08:0b 8390533                    /mnt/armazem/openflow/beacon/beacon-tutorial-1.0.4/eclipse/configuration/org.eclipse.osgi/bundles/239/1/.cp/libswt-gtk-3735.so
7f872eeb5000-7f872eebc000 rwxp 0007d000 08:0b 8390533                    /mnt/armazem/openflow/beacon/beacon-tutorial-1.0.4/eclipse/configuration/org.eclipse.osgi/bundles/239/1/.cp/libswt-gtk-3735.so
7f872eebc000-7f872eebf000 rwxp 00000000 00:00 0 
7f872eebf000-7f872eec2000 ---p 00000000 00:00 0 
7f872eec2000-7f872efc0000 rwxp 00000000 00:00 0                          [stack:9202]
7f872efc0000-7f872efc3000 ---p 00000000 00:00 0 
7f872efc3000-7f872f0c1000 rwxp 00000000 00:00 0                          [stack:9201]
7f872f0c1000-7f872f0c4000 ---p 00000000 00:00 0 
7f872f0c4000-7f872f1c2000 rwxp 00000000 00:00 0                          [stack:9203]
7f872f1c2000-7f872f1c5000 ---p 00000000 00:00 0 
7f872f1c5000-7f872f2c3000 rwxp 00000000 00:00 0                          [stack:9199]
7f872f2c3000-7f872f2c6000 ---p 00000000 00:00 0 
7f872f2c6000-7f872f3c4000 rwxp 00000000 00:00 0                          [stack:9198]
7f872f3c4000-7f872f3c7000 ---p 00000000 00:00 0 
7f872f3c7000-7f872f4c5000 rwxp 00000000 00:00 0                          [stack:9197]
7f872f4c5000-7f872f4c8000 ---p 00000000 00:00 0 
7f872f4c8000-7f872f5c6000 rwxp 00000000 00:00 0                          [stack:9196]
7f872f5c6000-7f872f5cd000 r-xp 00000000 08:12 9153                       /opt/jdk1.6.0_45/jre/lib/amd64/libnio.so
7f872f5cd000-7f872f6cc000 ---p 00007000 08:12 9153                       /opt/jdk1.6.0_45/jre/lib/amd64/libnio.so
7f872f6cc000-7f872f6ce000 rwxp 00006000 08:12 9153                       /opt/jdk1.6.0_45/jre/lib/amd64/libnio.so
7f872f6ce000-7f872f6e1000 r-xp 00000000 08:12 9158                       /opt/jdk1.6.0_45/jre/lib/amd64/libnet.so
7f872f6e1000-7f872f7e2000 ---p 00013000 08:12 9158                       /opt/jdk1.6.0_45/jre/lib/amd64/libnet.so
7f872f7e2000-7f872f7e5000 rwxp 00014000 08:12 9158                       /opt/jdk1.6.0_45/jre/lib/amd64/libnet.so
7f872f7e5000-7f872f7e8000 r-xp 00000000 08:17 809587                     /usr/lib64/gdk-pixbuf-2.0/2.10.0/loaders/libpixbufloader-bmp.so
7f872f7e8000-7f872f9e8000 ---p 00003000 08:17 809587                     /usr/lib64/gdk-pixbuf-2.0/2.10.0/loaders/libpixbufloader-bmp.so
7f872f9e8000-7f872f9e9000 rwxp 00003000 08:17 809587                     /usr/lib64/gdk-pixbuf-2.0/2.10.0/loaders/libpixbufloader-bmp.so
7f872f9e9000-7f872f9eb000 r-xp 00000000 08:17 782138                     /usr/lib64/gconv/ISO8859-1.so
7f872f9eb000-7f872fbea000 ---p 00002000 08:17 782138                     /usr/lib64/gconv/ISO8859-1.so
7f872fbea000-7f872fbeb000 r-xp 00001000 08:17 782138                     /usr/lib64/gconv/ISO8859-1.so
7f872fbeb000-7f872fbec000 rwxp 00002000 08:17 782138                     /usr/lib64/gconv/ISO8859-1.so
7f872fbec000-7f872fbfc000 r-xp 00000000 08:17 817873                     /usr/lib64/gio/modules/libgioremote-volume-monitor.so
7f872fbfc000-7f872fdfc000 ---p 00010000 08:17 817873                     /usr/lib64/gio/modules/libgioremote-volume-monitor.so
7f872fdfc000-7f872fdfd000 rwxp 00010000 08:17 817873                     /usr/lib64/gio/modules/libgioremote-volume-monitor.so
7f872fdfd000-7f872fdff000 r-xp 00000000 08:11 10597                      /lib64/libutil-2.15.so
7f872fdff000-7f872fffe000 ---p 00002000 08:11 10597                      /lib64/libutil-2.15.so
7f872fffe000-7f872ffff000 r-xp 00001000 08:11 10597                      /lib64/libutil-2.15.so
7f872ffff000-7f8730000000 rwxp 00002000 08:11 10597                      /lib64/libutil-2.15.so
7f8730000000-7f8730021000 rwxp 00000000 00:00 0 
7f8730021000-7f8734000000 ---p 00000000 00:00 0 
7f8734001000-7f8734005000 r-xs 00058000 08:0b 8388977                    /mnt/armazem/openflow/beacon/beacon-tutorial-1.0.4/eclipse/plugins/org.eclipse.pde.build_3.7.0.v20110512-1320/pdebuild.jar
7f8734005000-7f8734007000 r-xs 00007000 08:0b 8389930                    /mnt/armazem/openflow/beacon/beacon-tutorial-1.0.4/eclipse/plugins/org.eclipse.mylyn.ide.ui_3.6.0.v20110608-1400.jar
7f8734007000-7f873400b000 r-xs 00017000 08:0b 8389135                    /mnt/armazem/openflow/beacon/beacon-tutorial-1.0.4/eclipse/plugins/org.eclipse.core.commands_3.6.0.I20110111-0800.jar
7f873400b000-7f873400d000 r-xs 0000a000 08:0b 8389884                    /mnt/armazem/openflow/beacon/beacon-tutorial-1.0.4/eclipse/plugins/org.eclipse.ui.net_1.2.100.I20110511-0800.jar
7f873400d000-7f873400f000 r-xs 00008000 08:0b 8389399                    /mnt/armazem/openflow/beacon/beacon-tutorial-1.0.4/eclipse/plugins/org.eclipse.mylyn.commons.identity_0.8.0.v20110608-1400.jar
7f873400f000-7f8734014000 r-xs 00038000 08:0b 8388967                    /mnt/armazem/openflow/beacon/beacon-tutorial-1.0.4/eclipse/plugins/org.eclipse.mylyn.bugzilla.core_3.6.0.v20110608-1400.jar
7f8734014000-7f8734017000 r-xs 00019000 08:0b 8389918                    /mnt/armazem/openflow/beacon/beacon-tutorial-1.0.4/eclipse/plugins/org.eclipse.equinox.preferences_3.4.0.v20110502.jar
7f8734017000-7f873401a000 r-xs 0002c000 08:0b 8389213                    /mnt/armazem/openflow/beacon/beacon-tutorial-1.0.4/eclipse/plugins/org.eclipse.equinox.ds_1.3.0.v20110502.jar
7f8734020000-7f8734023000 r-xp 00000000 08:17 677487                     /usr/share/locale/pt_BR/LC_MESSAGES/atk10.mo
7f8734023000-7f8734025000 r-xs 0000e000 08:0b 8389133                    /mnt/armazem/openflow/beacon/beacon-tutorial-1.0.4/eclipse/plugins/org.eclipse.mylyn.resources.ui_3.6.0.v20110608-1400.jar
7f8734025000-7f8734029000 r-xs 00024000 08:0b 8389241                    /mnt/armazem/openflow/beacon/beacon-tutorial-1.0.4/eclipse/plugins/org.eclipse.ui.console_3.5.100.v20110511.jar
7f8734029000-7f8734051000 r-xs 00214000 08:0b 8389112                    /mnt/armazem/openflow/beacon/beacon-tutorial-1.0.4/eclipse/plugins/org.eclipse.ui.ide_3.7.0.I20110519-0100.jar
7f8734051000-7f8734068000 r-xs 00000000 08:13 3548                       /var/cache/fontconfig/8d4af663993b81a124ee82e610bb31f9-le64.cache-3
7f8734068000-7f8734075000 r-xp 00000000 08:11 15102                      /lib64/libudev.so.0.13.1
7f8734075000-7f8734274000 ---p 0000d000 08:11 15102                      /lib64/libudev.so.0.13.1
7f8734274000-7f8734275000 rwxp 0000c000 08:11 15102                      /lib64/libudev.so.0.13.1
7f8734275000-7f87342b8000 r-xp 00000000 08:17 782038                     /usr/lib64/libdbus-1.so.3.5.9
7f87342b8000-7f87344b7000 ---p 00043000 08:17 782038                     /usr/lib64/libdbus-1.so.3.5.9
7f87344b7000-7f87344b8000 rwxp 00042000 08:17 782038                     /usr/lib64/libdbus-1.so.3.5.9
7f87344b8000-7f87344b9000 rwxp 00000000 00:00 0 
7f87344b9000-7f87344d0000 r-xp 00000000 08:17 817872                     /usr/lib64/libgvfscommon.so.0.0.0
7f87344d0000-7f87346d0000 ---p 00017000 08:17 817872                     /usr/lib64/libgvfscommon.so.0.0.0
7f87346d0000-7f87346d1000 rwxp 00017000 08:17 817872                     /usr/lib64/libgvfscommon.so.0.0.0
7f87346d1000-7f87346fa000 r-xp 00000000 08:17 817874                     /usr/lib64/gio/modules/libgvfsdbus.so
7f87346fa000-7f87348f9000 ---p 00029000 08:17 817874                     /usr/lib64/gio/modules/libgvfsdbus.so
7f87348f9000-7f87348fb000 rwxp 00028000 08:17 817874                     /usr/lib64/gio/modules/libgvfsdbus.so
7f87348fb000-7f8734a40000 r-xp 00000000 08:17 824509                     /usr/lib64/gtk-2.0/2.10.0/engines/liboxygen-gtk.so
7f8734a40000-7f8734c3f000 ---p 00145000 08:17 824509                     /usr/lib64/gtk-2.0/2.10.0/engines/liboxygen-gtk.so
7f8734c3f000-7f8734c48000 rwxp 00144000 08:17 824509                     /usr/lib64/gtk-2.0/2.10.0/engines/liboxygen-gtk.so
7f8734c48000-7f8734c49000 rwxp 00000000 00:00 0 
7f8734c49000-7f8734c68000 r-xp 00000000 08:17 809148                     /usr/lib64/libatk-1.0.so.0.20409.1
7f8734c68000-7f8734e68000 ---p 0001f000 08:17 809148                     /usr/lib64/libatk-1.0.so.0.20409.1
7f8734e68000-7f8734e6b000 rwxp 0001f000 08:17 809148                     /usr/lib64/libatk-1.0.so.0.20409.1
7f8734e6b000-7f873528f000 r-xp 00000000 08:17 817740                     /usr/lib64/libgtk-x11-2.0.so.0.2400.10
7f873528f000-7f873548f000 ---p 00424000 08:17 817740                     /usr/lib64/libgtk-x11-2.0.so.0.2400.10
7f873548f000-7f873549a000 rwxp 00424000 08:17 817740                     /usr/lib64/libgtk-x11-2.0.so.0.2400.10
7f873549a000-7f873549c000 rwxp 00000000 00:00 0 
7f873549c000-7f87354b1000 r-xp 00000000 08:17 781859                     /usr/lib64/libgcc_s.so.1
7f87354b1000-7f87356b0000 ---p 00015000 08:17 781859                     /usr/lib64/libgcc_s.so.1
7f87356b0000-7f87356b1000 rwxp 00014000 08:17 781859                     /usr/lib64/libgcc_s.so.1
7f87356b1000-7f87356b6000 r-xp 00000000 08:17 823623                     /usr/lib64/libXdmcp.so.6.0.0
7f87356b6000-7f87358b5000 ---p 00005000 08:17 823623                     /usr/lib64/libXdmcp.so.6.0.0
7f87358b5000-7f87358b6000 rwxp 00004000 08:17 823623                     /usr/lib64/libXdmcp.so.6.0.0
7f87358b6000-7f87358b8000 r-xp 00000000 08:17 823578                     /usr/lib64/libXau.so.6.0.0
7f87358b8000-7f8735ab8000 ---p 00002000 08:17 823578                     /usr/lib64/libXau.so.6.0.0
7f8735ab8000-7f8735ab9000 rwxp 00002000 08:17 823578                     /usr/lib64/libXau.so.6.0.0
7f8735ab9000-7f8735ad6000 r-xp 00000000 08:17 823794                     /usr/lib64/libxcb.so.1.1.0
7f8735ad6000-7f8735cd6000 ---p 0001d000 08:17 823794                     /usr/lib64/libxcb.so.1.1.0
7f8735cd6000-7f8735cd7000 rwxp 0001d000 08:17 823794                     /usr/lib64/libxcb.so.1.1.0
7f8735cd7000-7f8735e09000 r-xp 00000000 08:17 823566                     /usr/lib64/libX11.so.6.3.0
7f8735e09000-7f8736009000 ---p 00132000 08:17 823566                     /usr/lib64/libX11.so.6.3.0
7f8736009000-7f873600f000 rwxp 00132000 08:17 823566                     /usr/lib64/libX11.so.6.3.0
7f873600f000-7f8736023000 r-xp 00000000 08:11 65                         /lib64/libz.so.1.2.6
7f8736023000-7f8736223000 ---p 00014000 08:11 65                         /lib64/libz.so.1.2.6
7f8736223000-7f8736224000 rwxp 00014000 08:11 65                         /lib64/libz.so.1.2.6
7f8736224000-7f873622d000 r-xp 00000000 08:17 823695                     /usr/lib64/libXrender.so.1.3.0
7f873622d000-7f873642c000 ---p 00009000 08:17 823695                     /usr/lib64/libXrender.so.1.3.0
7f873642c000-7f873642d000 rwxp 00008000 08:17 823695                     /usr/lib64/libXrender.so.1.3.0
7f873642d000-7f8736452000 r-xp 00000000 08:17 781841                     /usr/lib64/libpng14.so.14.12.0
7f8736452000-7f8736651000 ---p 00025000 08:17 781841                     /usr/lib64/libpng14.so.14.12.0
7f8736651000-7f8736652000 rwxp 00024000 08:17 781841                     /usr/lib64/libpng14.so.14.12.0
7f8736652000-7f87366d8000 r-xp 00000000 08:17 781862                     /usr/lib64/libfreetype.so.6.9.0
7f87366d8000-7f87368d8000 ---p 00086000 08:17 781862                     /usr/lib64/libfreetype.so.6.9.0
7f87368d8000-7f87368de000 rwxp 00086000 08:17 781862                     /usr/lib64/libfreetype.so.6.9.0
7f87368de000-7f8736905000 r-xp 00000000 08:17 781869                     /usr/lib64/libexpat.so.1.5.2
7f8736905000-7f8736b04000 ---p 00027000 08:17 781869                     /usr/lib64/libexpat.so.1.5.2
7f8736b04000-7f8736b07000 rwxp 00026000 08:17 781869                     /usr/lib64/libexpat.so.1.5.2
7f8736b07000-7f8736b3b000 r-xp 00000000 08:17 823529                     /usr/lib64/libfontconfig.so.1.5.0
7f8736b3b000-7f8736d3b000 ---p 00034000 08:17 823529                     /usr/lib64/libfontconfig.so.1.5.0
7f8736d3b000-7f8736d3d000 rwxp 00034000 08:17 823529                     /usr/lib64/libfontconfig.so.1.5.0
7f8736d3d000-7f8736dbd000 r-xp 00000000 08:17 823948                     /usr/lib64/libpixman-1.so.0.26.2
7f8736dbd000-7f8736fbc000 ---p 00080000 08:17 823948                     /usr/lib64/libpixman-1.so.0.26.2
7f8736fbc000-7f8736fc2000 rwxp 0007f000 08:17 823948                     /usr/lib64/libpixman-1.so.0.26.2
7f8736fc2000-7f873706b000 r-xp 00000000 08:17 809258                     /usr/lib64/libcairo.so.2.11000.2
7f873706b000-7f873726b000 ---p 000a9000 08:17 809258                     /usr/lib64/libcairo.so.2.11000.2
7f873726b000-7f873726d000 rwxp 000a9000 08:17 809258                     /usr/lib64/libcairo.so.2.11000.2
7f873726d000-7f8737270000 rwxp 00000000 00:00 0 
7f8737270000-7f8737286000 r-xp 00000000 08:11 10594                      /lib64/libresolv-2.15.so
7f8737286000-7f8737486000 ---p 00016000 08:11 10594                      /lib64/libresolv-2.15.so
7f8737486000-7f8737487000 r-xp 00016000 08:11 10594                      /lib64/libresolv-2.15.so
7f8737487000-7f8737488000 rwxp 00017000 08:11 10594                      /lib64/libresolv-2.15.so
7f8737488000-7f873748a000 rwxp 00000000 00:00 0 
7f873748a000-7f873748d000 r-xp 00000000 08:17 781864                     /usr/lib64/libgmodule-2.0.so.0.3200.4
7f873748d000-7f873768c000 ---p 00003000 08:17 781864                     /usr/lib64/libgmodule-2.0.so.0.3200.4
7f873768c000-7f873768d000 rwxp 00002000 08:17 781864                     /usr/lib64/libgmodule-2.0.so.0.3200.4
7f873768d000-7f87377d3000 r-xp 00000000 08:17 810078                     /usr/lib64/libgio-2.0.so.0.3200.4
7f87377d3000-7f87379d2000 ---p 00146000 08:17 810078                     /usr/lib64/libgio-2.0.so.0.3200.4
7f87379d2000-7f87379d8000 rwxp 00145000 08:17 810078                     /usr/lib64/libgio-2.0.so.0.3200.4
7f87379d8000-7f87379d9000 rwxp 00000000 00:00 0 
7f87379d9000-7f87379f7000 r-xp 00000000 08:17 809554                     /usr/lib64/libgdk_pixbuf-2.0.so.0.2600.1
7f87379f7000-7f8737bf7000 ---p 0001e000 08:17 809554                     /usr/lib64/libgdk_pixbuf-2.0.so.0.2600.1
7f8737bf7000-7f8737bf8000 rwxp 0001e000 08:17 809554                     /usr/lib64/libgdk_pixbuf-2.0.so.0.2600.1
7f8737bf8000-7f8737bfd000 r-xp 00000000 08:17 823639                     /usr/lib64/libXfixes.so.3.1.0
7f8737bfd000-7f8737dfd000 ---p 00005000 08:17 823639                     /usr/lib64/libXfixes.so.3.1.0
7f8737dfd000-7f8737dfe000 rwxp 00005000 08:17 823639                     /usr/lib64/libXfixes.so.3.1.0
7f8737dfe000-7f8737e00000 r-xp 00000000 08:17 823620                     /usr/lib64/libXdamage.so.1.1.0
7f8737e00000-7f8737fff000 ---p 00002000 08:17 823620                     /usr/lib64/libXdamage.so.1.1.0
7f8737fff000-7f8738000000 rwxp 00001000 08:17 823620                     /usr/lib64/libXdamage.so.1.1.0
7f8738000000-7f873bffb000 rwxp 00000000 00:00 0 
7f873bffb000-7f873c000000 ---p 00000000 00:00 0 
7f873c000000-7f873c021000 rwxp 00000000 00:00 0 
7f873c021000-7f8740000000 ---p 00000000 00:00 0 
7f8740000000-7f8740021000 rwxp 00000000 00:00 0 
7f8740021000-7f8744000000 ---p 00000000 00:00 0 
7f8744000000-7f8746e46000 rwxp 00000000 00:00 0 
7f8746e46000-7f8748000000 ---p 00000000 00:00 0 
7f8748000000-7f8748021000 rwxp 00000000 00:00 0 
7f8748021000-7f874c000000 ---p 00000000 00:00 0 
7f874c000000-7f874c021000 rwxp 00000000 00:00 0 
7f874c021000-7f8750000000 ---p 00000000 00:00 0 
7f8750000000-7f8750021000 rwxp 00000000 00:00 0 
7f8750021000-7f8754000000 ---p 00000000 00:00 0 
7f8754000000-7f875411d000 rwxp 00000000 00:00 0 
7f875411d000-7f8758000000 ---p 00000000 00:00 0 
7f8758000000-7f8758036000 rwxp 00000000 00:00 0 
7f8758036000-7f875c000000 ---p 00000000 00:00 0 
7f875c000000-7f875c021000 rwxp 00000000 00:00 0 
7f875c021000-7f8760000000 ---p 00000000 00:00 0 
7f8760000000-7f8760021000 rwxp 00000000 00:00 0 
7f8760021000-7f8764000000 ---p 00000000 00:00 0 
7f8764000000-7f8764001000 r-xs 00009000 08:0b 8388938                    /mnt/armazem/openflow/beacon/beacon-tutorial-1.0.4/eclipse/plugins/org.eclipse.core.net.linux.x86_64_1.1.0.I20110331-0827.jar
7f8764001000-7f8764004000 r-xs 00013000 08:0b 8388921                    /mnt/armazem/openflow/beacon/beacon-tutorial-1.0.4/eclipse/plugins/org.eclipse.core.expressions_3.4.300.v20110228.jar
7f8764004000-7f8764007000 r-xs 00014000 08:0b 8389073                    /mnt/armazem/openflow/beacon/beacon-tutorial-1.0.4/eclipse/plugins/org.eclipse.core.contenttype_3.4.100.v20110423-0524.jar
7f8764007000-7f8764012000 r-xs 000bb000 08:0b 8389885                    /mnt/armazem/openflow/beacon/beacon-tutorial-1.0.4/eclipse/plugins/org.eclipse.core.resources_3.7.100.v20110510-0712.jar
7f8764012000-7f8764021000 r-xs 00000000 08:13 3513                       /var/cache/fontconfig/d62e99ef547d1d24cdb1bd22ec1a2976-le64.cache-3
7f8764021000-7f8764045000 r-xs 00000000 08:13 3474                       /var/cache/fontconfig/f6b893a7224233d96cb72fd88691c0b4-le64.cache-3
7f8764045000-7f876404c000 r-xs 00000000 08:13 2738                       /var/cache/fontconfig/f349e9996a5320f6dd491cedd2b1f964-le64.cache-3
7f876404c000-7f8764088000 r-xs 00626000 08:0b 8389430                    /mnt/armazem/openflow/beacon/beacon-tutorial-1.0.4/eclipse/plugins/com.ibm.icu_4.4.2.v20110208.jar
7f8764088000-7f876409d000 r-xs 0024a000 08:0b 8389142                    /mnt/armazem/openflow/beacon/beacon-tutorial-1.0.4/eclipse/plugins/org.eclipse.swt.gtk.linux.x86_64_3.7.0.v3735b.jar
7f876409d000-7f87640b1000 r-xs 000f3000 08:0b 8389269                    /mnt/armazem/openflow/beacon/beacon-tutorial-1.0.4/eclipse/plugins/org.eclipse.jface_3.7.0.I20110522-1430.jar
7f87640b1000-7f87640f8000 r-xs 003b2000 08:0b 8389108                    /mnt/armazem/openflow/beacon/beacon-tutorial-1.0.4/eclipse/plugins/org.eclipse.ui.workbench_3.7.0.I20110519-0100.jar
7f87640f8000-7f8764158000 rwxs 00000000 00:04 9666608                    /SYSV00000000 (deleted)
7f8764158000-7f87641bb000 rwxp 00000000 00:00 0 
7f87641bb000-7f87641bd000 r-xp 00000000 08:17 823609                     /usr/lib64/libXcomposite.so.1.0.0
7f87641bd000-7f87643bc000 ---p 00002000 08:17 823609                     /usr/lib64/libXcomposite.so.1.0.0
7f87643bc000-7f87643bd000 rwxp 00001000 08:17 823609                     /usr/lib64/libXcomposite.so.1.0.0
7f87643bd000-7f87643c6000 r-xp 00000000 08:17 823614                     /usr/lib64/libXcursor.so.1.0.2
7f87643c6000-7f87645c6000 ---p 00009000 08:17 823614                     /usr/lib64/libXcursor.so.1.0.2
7f87645c6000-7f87645c7000 rwxp 00009000 08:17 823614                     /usr/lib64/libXcursor.so.1.0.2
7f87645c7000-7f87645d7000 r-xp 00000000 08:17 823635                     /usr/lib64/libXext.so.6.4.0
7f87645d7000-7f87647d7000 ---p 00010000 08:17 823635                     /usr/lib64/libXext.so.6.4.0
7f87647d7000-7f87647d8000 rwxp 00010000 08:17 823635                     /usr/lib64/libXext.so.6.4.0
7f87647d8000-7f87647df000 r-xp 00000000 08:17 823689                     /usr/lib64/libXrandr.so.2.2.0
7f87647df000-7f87649df000 ---p 00007000 08:17 823689                     /usr/lib64/libXrandr.so.2.2.0
7f87649df000-7f87649e0000 rwxp 00007000 08:17 823689                     /usr/lib64/libXrandr.so.2.2.0
7f87649e0000-7f87649ee000 r-xp 00000000 08:17 823660                     /usr/lib64/libXi.so.6.1.0
7f87649ee000-7f8764bed000 ---p 0000e000 08:17 823660                     /usr/lib64/libXi.so.6.1.0
7f8764bed000-7f8764bee000 rwxp 0000d000 08:17 823660                     /usr/lib64/libXi.so.6.1.0
7f8764bee000-7f8764bf0000 r-xp 00000000 08:17 823665                     /usr/lib64/libXinerama.so.1.0.0
7f8764bf0000-7f8764def000 ---p 00002000 08:17 823665                     /usr/lib64/libXinerama.so.1.0.0
7f8764def000-7f8764df0000 rwxp 00001000 08:17 823665                     /usr/lib64/libXinerama.so.1.0.0
7f8764df0000-7f8764dff000 r-xp 00000000 08:11 58                         /lib64/libbz2.so.1.0.6
7f8764dff000-7f8764ffe000 ---p 0000f000 08:11 58                         /lib64/libbz2.so.1.0.6
7f8764ffe000-7f8765000000 rwxp 0000e000 08:11 58                         /lib64/libbz2.so.1.0.6
7f8765000000-7f8765410000 rwxp 00000000 00:00 0 
7f8765410000-7f8769326000 rwxp 00000000 00:00 0 
7f8769326000-7f876c000000 ---p 00000000 00:00 0 
7f876c000000-7f876c002000 r-xs 0000b000 08:0b 8389154                    /mnt/armazem/openflow/beacon/beacon-tutorial-1.0.4/eclipse/plugins/org.eclipse.mylyn.monitor.ui_3.6.0.v20110608-1400.jar
7f876c003000-7f876c005000 r-xs 00010000 08:0b 8389209                    /mnt/armazem/openflow/beacon/beacon-tutorial-1.0.4/eclipse/plugins/org.eclipse.pde_3.6.100.v201106131736.jar
7f876c005000-7f876c007000 r-xs 00011000 08:0b 8388957                    /mnt/armazem/openflow/beacon/beacon-tutorial-1.0.4/eclipse/plugins/org.eclipse.equinox.util_1.0.300.v20110502.jar
7f876c007000-7f876c009000 r-xs 00005000 08:0b 8389354                    /mnt/armazem/openflow/beacon/beacon-tutorial-1.0.4/eclipse/plugins/org.eclipse.equinox.p2.garbagecollector_1.0.200.v20110510.jar
7f876c009000-7f876c00e000 r-xs 00021000 08:0b 8389239                    /mnt/armazem/openflow/beacon/beacon-tutorial-1.0.4/eclipse/plugins/org.eclipse.ui_3.7.0.I20110602-0100.jar
7f876c00e000-7f876c00f000 r-xs 00004000 08:0b 8389413                    /mnt/armazem/openflow/beacon/beacon-tutorial-1.0.4/eclipse/plugins/org.eclipse.swt_3.7.0.v3735b.jar
7f876c00f000-7f876c011000 r-xs 00001000 08:0b 8389911                    /mnt/armazem/openflow/beacon/beacon-tutorial-1.0.4/eclipse/plugins/org.eclipse.ui.workbench.compatibility_3.2.100.I20110413-1600/compatibility.jar
7f876c011000-7f876c013000 r-xs 00008000 08:0b 8389176                    /mnt/armazem/openflow/beacon/beacon-tutorial-1.0.4/eclipse/plugins/org.eclipse.mylyn.monitor.core_3.6.0.v20110608-1400.jar
7f876c013000-7f876c016000 r-xs 0000f000 08:0b 8389352                    /mnt/armazem/openflow/beacon/beacon-tutorial-1.0.4/eclipse/plugins/org.eclipse.equinox.p2.core_2.1.0.v20110502-1955.jar
7f876c016000-7f876c018000 r-xs 0000e000 08:0b 8389919                    /mnt/armazem/openflow/beacon/beacon-tutorial-1.0.4/eclipse/plugins/org.eclipse.compare.core_3.5.200.I20110208-0800.jar
7f876c018000-7f876c01a000 r-xs 00015000 08:0b 8389128                    /mnt/armazem/openflow/beacon/beacon-tutorial-1.0.4/eclipse/plugins/org.eclipse.core.runtime.compatibility_3.2.100.v20100505.jar
7f876c01a000-7f876c01c000 r-xs 00013000 08:0b 8389942                    /mnt/armazem/openflow/beacon/beacon-tutorial-1.0.4/eclipse/plugins/org.eclipse.equinox.app_1.3.100.v20110321.jar
7f876c01c000-7f876c01f000 r-xs 00014000 08:0b 8389264                    /mnt/armazem/openflow/beacon/beacon-tutorial-1.0.4/eclipse/plugins/org.eclipse.core.jobs_3.5.100.v20110404.jar
7f876c01f000-7f876c020000 r-xs 00007000 08:0b 8388928                    /mnt/armazem/openflow/beacon/beacon-tutorial-1.0.4/eclipse/plugins/org.eclipse.jdt.apt.pluggable.core_1.0.400.v20110305-1450.jar
7f876c020000-7f876c022000 r-xs 0000a000 08:0b 8389931                    /mnt/armazem/openflow/beacon/beacon-tutorial-1.0.4/eclipse/plugins/org.eclipse.equinox.p2.reconciler.dropins_1.1.100.v20110510.jar
7f876c022000-7f876c026000 r-xs 00029000 08:0b 8389377                    /mnt/armazem/openflow/beacon/beacon-tutorial-1.0.4/eclipse/plugins/org.eclipse.equinox.registry_3.5.100.v20110502.jar
7f876c026000-7f876c028000 r-xs 00010000 08:0b 8388922                    /mnt/armazem/openflow/beacon/beacon-tutorial-1.0.4/eclipse/plugins/org.eclipse.core.runtime_3.7.0.v20110110.jar
7f876c028000-7f876c029000 r-xs 00007000 08:0b 8389395                    /mnt/armazem/openflow/beacon/beacon-tutorial-1.0.4/eclipse/plugins/org.eclipse.equinox.p2.directorywatcher_1.0.300.v20110502-1955.jar
7f876c029000-7f876c02d000 r-xs 0001b000 08:0b 8389935                    /mnt/armazem/openflow/beacon/beacon-tutorial-1.0.4/eclipse/plugins/org.eclipse.mylyn.team.ui_3.6.0.v20110608-1400.jar
7f876c02d000-7f876c02e000 r-xs 00007000 08:0b 8389137                    /mnt/armazem/openflow/beacon/beacon-tutorial-1.0.4/eclipse/plugins/org.eclipse.equinox.event_1.2.100.v20110502.jar
7f876c02e000-7f876c030000 r-xs 00017000 08:0b 8388895                    /mnt/armazem/openflow/beacon/beacon-tutorial-1.0.4/eclipse/plugins/org.eclipse.update.configurator_3.3.100.v20100512.jar
7f876c030000-7f876c044000 r-xs 00139000 08:0b 8388964                    /mnt/armazem/openflow/beacon/beacon-tutorial-1.0.4/eclipse/plugins/org.eclipse.osgi_3.7.0.v20110613.jar
7f876c044000-7f876c04a000 r-xp 00000000 08:17 677798                     /usr/share/locale/pt/LC_MESSAGES/gdk-pixbuf.mo
7f876c04a000-7f876c06a000 r-xs 00000000 08:17 801870                     /usr/share/mime/mime.cache
7f876c06a000-7f876c08a000 r-xs 00000000 08:17 801870                     /usr/share/mime/mime.cache
7f876c08a000-7f876c0b3000 r-xp 00000000 08:17 679979                     /usr/share/locale/pt/LC_MESSAGES/gtk20-properties.mo
7f876c0b3000-7f876c0ca000 r-xp 00000000 08:17 678473                     /usr/share/locale/pt/LC_MESSAGES/glib20.mo
7f876c0ca000-7f876c0f3000 r-xp 00000000 08:17 680117                     /usr/share/locale/pt_BR/LC_MESSAGES/gtk20-properties.mo
7f876c0f3000-7f876c13b000 r-xp 00000000 08:17 819200                     /usr/lib64/libpango-1.0.so.0.3000.1
7f876c13b000-7f876c33b000 ---p 00048000 08:17 819200                     /usr/lib64/libpango-1.0.so.0.3000.1
7f876c33b000-7f876c33e000 rwxp 00048000 08:17 819200                     /usr/lib64/libpango-1.0.so.0.3000.1
7f876c33e000-7f876c421000 r-xp 00000000 08:17 782028                     /usr/lib64/libstdc++.so.6.0.17
7f876c421000-7f876c620000 ---p 000e3000 08:17 782028                     /usr/lib64/libstdc++.so.6.0.17
7f876c620000-7f876c628000 r-xp 000e2000 08:17 782028                     /usr/lib64/libstdc++.so.6.0.17
7f876c628000-7f876c62a000 rwxp 000ea000 08:17 782028                     /usr/lib64/libstdc++.so.6.0.17
7f876c62a000-7f876c63f000 rwxp 00000000 00:00 0 
7f876c63f000-7f876c66a000 r-xp 00000000 08:17 819166                     /usr/lib64/libpangoft2-1.0.so.0.3000.1
7f876c66a000-7f876c86a000 ---p 0002b000 08:17 819166                     /usr/lib64/libpangoft2-1.0.so.0.3000.1
7f876c86a000-7f876c86b000 rwxp 0002b000 08:17 819166                     /usr/lib64/libpangoft2-1.0.so.0.3000.1
7f876c86b000-7f876c877000 r-xp 00000000 08:17 819194                     /usr/lib64/libpangocairo-1.0.so.0.3000.1
7f876c877000-7f876ca76000 ---p 0000c000 08:17 819194                     /usr/lib64/libpangocairo-1.0.so.0.3000.1
7f876ca76000-7f876ca77000 rwxp 0000b000 08:17 819194                     /usr/lib64/libpangocairo-1.0.so.0.3000.1
7f876ca77000-7f876cb24000 r-xp 00000000 08:17 817734                     /usr/lib64/libgdk-x11-2.0.so.0.2400.10
7f876cb24000-7f876cd24000 ---p 000ad000 08:17 817734                     /usr/lib64/libgdk-x11-2.0.so.0.2400.10
7f876cd24000-7f876cd29000 rwxp 000ad000 08:17 817734                     /usr/lib64/libgdk-x11-2.0.so.0.2400.10
7f876cd29000-7f876cd30000 r-xp 00000000 08:17 818326                     /usr/lib64/libffi.so.6.0.0
7f876cd30000-7f876cf30000 ---p 00007000 08:17 818326                     /usr/lib64/libffi.so.6.0.0
7f876cf30000-7f876cf31000 rwxp 00007000 08:17 818326                     /usr/lib64/libffi.so.6.0.0
7f876cf31000-7f876d04d000 r-xp 00000000 08:17 781861                     /usr/lib64/libglib-2.0.so.0.3200.4
7f876d04d000-7f876d24d000 ---p 0011c000 08:17 781861                     /usr/lib64/libglib-2.0.so.0.3200.4
7f876d24d000-7f876d24f000 rwxp 0011c000 08:17 781861                     /usr/lib64/libglib-2.0.so.0.3200.4
7f876d24f000-7f876d250000 r-xp 00000000 08:17 781873                     /usr/lib64/libgthread-2.0.so.0.3200.4
7f876d250000-7f876d44f000 ---p 00001000 08:17 781873                     /usr/lib64/libgthread-2.0.so.0.3200.4
7f876d44f000-7f876d450000 rwxp 00000000 08:17 781873                     /usr/lib64/libgthread-2.0.so.0.3200.4
7f876d450000-7f876d49b000 r-xp 00000000 08:17 781876                     /usr/lib64/libgobject-2.0.so.0.3200.4
7f876d49b000-7f876d69b000 ---p 0004b000 08:17 781876                     /usr/lib64/libgobject-2.0.so.0.3200.4
7f876d69b000-7f876d69d000 rwxp 0004b000 08:17 781876                     /usr/lib64/libgobject-2.0.so.0.3200.4
7f876d69d000-7f876d69e000 r-xs 00005000 08:0b 8389043                    /mnt/armazem/openflow/beacon/beacon-tutorial-1.0.4/eclipse/plugins/org.eclipse.core.runtime.compatibility.auth_3.2.200.v20110110.jar
7f876d69e000-7f876d6a0000 r-xs 00018000 08:0b 8388902                    /mnt/armazem/openflow/beacon/beacon-tutorial-1.0.4/eclipse/plugins/org.eclipse.equinox.common_3.6.0.v20110523.jar
7f876d6a0000-7f876d6b7000 r-xp 00000000 08:17 678536                     /usr/share/locale/pt_BR/LC_MESSAGES/glib20.mo
7f876d6b7000-7f876d6cc000 r-xp 00000000 08:17 654761                     /usr/share/locale/pt_BR/LC_MESSAGES/libc.mo
7f876d6cc000-7f876d6db000 r-xp 00000000 08:0b 8389219                    /mnt/armazem/openflow/beacon/beacon-tutorial-1.0.4/eclipse/plugins/org.eclipse.equinox.launcher.gtk.linux.x86_64_1.1.100.v20110505/eclipse_1407.so
7f876d6db000-7f876d7da000 ---p 0000f000 08:0b 8389219                    /mnt/armazem/openflow/beacon/beacon-tutorial-1.0.4/eclipse/plugins/org.eclipse.equinox.launcher.gtk.linux.x86_64_1.1.100.v20110505/eclipse_1407.so
7f876d7da000-7f876d7dc000 rwxp 0000e000 08:0b 8389219                    /mnt/armazem/openflow/beacon/beacon-tutorial-1.0.4/eclipse/plugins/org.eclipse.equinox.launcher.gtk.linux.x86_64_1.1.100.v20110505/eclipse_1407.so
7f876d7dc000-7f876d7dd000 ---p 00000000 00:00 0 
7f876d7dd000-7f876d8dd000 rwxp 00000000 00:00 0                          [stack:9193]
7f876d8dd000-7f876d8e0000 ---p 00000000 00:00 0 
7f876d8e0000-7f876d9de000 rwxp 00000000 00:00 0                          [stack:9192]
7f876d9de000-7f876d9e1000 ---p 00000000 00:00 0 
7f876d9e1000-7f876dadf000 rwxp 00000000 00:00 0                          [stack:9191]
7f876dadf000-7f876dae2000 ---p 00000000 00:00 0 
7f876dae2000-7f876dbe0000 rwxp 00000000 00:00 0                          [stack:9190]
7f876dbe0000-7f876dbe3000 ---p 00000000 00:00 0 
7f876dbe3000-7f876dce1000 rwxp 00000000 00:00 0                          [stack:9189]
7f876dce1000-7f876dd18000 r-xp 00000000 08:17 810830                     /usr/lib64/locale/pt_BR/LC_CTYPE
7f876dd18000-7f876dd1b000 ---p 00000000 00:00 0 
7f876dd1b000-7f876de19000 rwxp 00000000 00:00 0                          [stack:9188]
7f876de19000-7f876de1c000 ---p 00000000 00:00 0 
7f876de1c000-7f876df1a000 rwxp 00000000 00:00 0                          [stack:9187]
7f876df1a000-7f876df1b000 ---p 00000000 00:00 0 
7f876df1b000-7f876e554000 rwxp 00000000 00:00 0                          [stack:9186]
7f876e554000-7f876e6ed000 r-xs 03087000 08:12 8498                       /opt/jdk1.6.0_45/jre/lib/rt.jar
7f876e6ed000-7f876e6ee000 ---p 00000000 00:00 0 
7f876e6ee000-7f876e7ee000 rwxp 00000000 00:00 0                          [stack:9185]
7f876e7ee000-7f876e7ef000 ---p 00000000 00:00 0 
7f876e7ef000-7f876e8ef000 rwxp 00000000 00:00 0                          [stack:9184]
7f876e8ef000-7f876e8f0000 ---p 00000000 00:00 0 
7f876e8f0000-7f876e9f0000 rwxp 00000000 00:00 0                          [stack:9183]
7f876e9f0000-7f876e9f1000 ---p 00000000 00:00 0 
7f876e9f1000-7f876eb2f000 rwxp 00000000 00:00 0                          [stack:9182]
7f876eb2f000-7f876eb71000 rwxp 00000000 00:00 0 
7f876eb71000-7f876eb8a000 rwxp 00000000 00:00 0 
7f876eb8a000-7f876ec1c000 rwxp 00000000 00:00 0 
7f876ec1c000-7f876ec5a000 rwxp 00000000 00:00 0 
7f876ec5a000-7f876ec9c000 rwxp 00000000 00:00 0 
7f876ec9c000-7f876ecb5000 rwxp 00000000 00:00 0 
7f876ecb5000-7f876ed46000 rwxp 00000000 00:00 0 
7f876ed46000-7f876ed8c000 rwxp 00000000 00:00 0 
7f876ed8c000-7f876ed8e000 ---p 00000000 00:00 0 
7f876ed8e000-7f876ed9c000 rwxp 00000000 00:00 0 
7f876ed9c000-7f876ed9d000 rwxp 00000000 00:00 0 
7f876ed9d000-7f876edab000 r-xp 00000000 08:12 9166                       /opt/jdk1.6.0_45/jre/lib/amd64/libzip.so
7f876edab000-7f876eead000 ---p 0000e000 08:12 9166                       /opt/jdk1.6.0_45/jre/lib/amd64/libzip.so
7f876eead000-7f876eeb0000 rwxp 00010000 08:12 9166                       /opt/jdk1.6.0_45/jre/lib/amd64/libzip.so
7f876eeb0000-7f876eeb1000 rwxp 00000000 00:00 0 
7f876eeb1000-7f876eebd000 r-xp 00000000 08:11 10588                      /lib64/libnss_files-2.15.so
7f876eebd000-7f876f0bc000 ---p 0000c000 08:11 10588                      /lib64/libnss_files-2.15.so
7f876f0bc000-7f876f0bd000 r-xp 0000b000 08:11 10588                      /lib64/libnss_files-2.15.so
7f876f0bd000-7f876f0be000 rwxp 0000c000 08:11 10588                      /lib64/libnss_files-2.15.so
7f876f0be000-7f876f0c9000 r-xp 00000000 08:11 10590                      /lib64/libnss_nis-2.15.so
7f876f0c9000-7f876f2c8000 ---p 0000b000 08:11 10590                      /lib64/libnss_nis-2.15.so
7f876f2c8000-7f876f2c9000 r-xp 0000a000 08:11 10590                      /lib64/libnss_nis-2.15.so
7f876f2c9000-7f876f2ca000 rwxp 0000b000 08:11 10590                      /lib64/libnss_nis-2.15.so
7f876f2ca000-7f876f2d2000 r-xp 00000000 08:11 10585                      /lib64/libnss_compat-2.15.so
7f876f2d2000-7f876f4d1000 ---p 00008000 08:11 10585                      /lib64/libnss_compat-2.15.so
7f876f4d1000-7f876f4d2000 r-xp 00007000 08:11 10585                      /lib64/libnss_compat-2.15.so
7f876f4d2000-7f876f4d3000 rwxp 00008000 08:11 10585                      /lib64/libnss_compat-2.15.so
7f876f4d3000-7f876f4ea000 r-xp 00000000 08:11 10584                      /lib64/libnsl-2.15.so
7f876f4ea000-7f876f6e9000 ---p 00017000 08:11 10584                      /lib64/libnsl-2.15.so
7f876f6e9000-7f876f6ea000 r-xp 00016000 08:11 10584                      /lib64/libnsl-2.15.so
7f876f6ea000-7f876f6eb000 rwxp 00017000 08:11 10584                      /lib64/libnsl-2.15.so
7f876f6eb000-7f876f6ed000 rwxp 00000000 00:00 0 
7f876f6ed000-7f876f716000 r-xp 00000000 08:12 9157                       /opt/jdk1.6.0_45/jre/lib/amd64/libjava.so
7f876f716000-7f876f815000 ---p 00029000 08:12 9157                       /opt/jdk1.6.0_45/jre/lib/amd64/libjava.so
7f876f815000-7f876f81c000 rwxp 00028000 08:12 9157                       /opt/jdk1.6.0_45/jre/lib/amd64/libjava.so
7f876f81c000-7f876f829000 r-xp 00000000 08:12 9144                       /opt/jdk1.6.0_45/jre/lib/amd64/libverify.so
7f876f829000-7f876f928000 ---p 0000d000 08:12 9144                       /opt/jdk1.6.0_45/jre/lib/amd64/libverify.so
7f876f928000-7f876f92b000 rwxp 0000c000 08:12 9144                       /opt/jdk1.6.0_45/jre/lib/amd64/libverify.so
7f876f92b000-7f876f932000 r-xp 00000000 08:11 10595                      /lib64/librt-2.15.so
7f876f932000-7f876fb31000 ---p 00007000 08:11 10595                      /lib64/librt-2.15.so
7f876fb31000-7f876fb32000 r-xp 00006000 08:11 10595                      /lib64/librt-2.15.so
7f876fb32000-7f876fb33000 rwxp 00007000 08:11 10595                      /lib64/librt-2.15.so
7f876fb33000-7f876fb36000 ---p 00000000 00:00 0 
7f876fb36000-7f876fc34000 rwxp 00000000 00:00 0                          [stack:9181]
7f876fc34000-7f876fd2e000 r-xp 00000000 08:11 10582                      /lib64/libm-2.15.so
7f876fd2e000-7f876ff2d000 ---p 000fa000 08:11 10582                      /lib64/libm-2.15.so
7f876ff2d000-7f876ff2e000 r-xp 000f9000 08:11 10582                      /lib64/libm-2.15.so
7f876ff2e000-7f876ff2f000 rwxp 000fa000 08:11 10582                      /lib64/libm-2.15.so
7f876ff2f000-7f877084d000 r-xp 00000000 08:12 9162                       /opt/jdk1.6.0_45/jre/lib/amd64/server/libjvm.so
7f877084d000-7f877094f000 ---p 0091e000 08:12 9162                       /opt/jdk1.6.0_45/jre/lib/amd64/server/libjvm.so
7f877094f000-7f8770b05000 rwxp 00920000 08:12 9162                       /opt/jdk1.6.0_45/jre/lib/amd64/server/libjvm.so
7f8770b05000-7f8770b3f000 rwxp 00000000 00:00 0 
7f8770b3f000-7f8770cf4000 r-xp 00000000 08:11 10578                      /lib64/libc-2.15.so
7f8770cf4000-7f8770ef4000 ---p 001b5000 08:11 10578                      /lib64/libc-2.15.so
7f8770ef4000-7f8770ef8000 r-xp 001b5000 08:11 10578                      /lib64/libc-2.15.so
7f8770ef8000-7f8770efa000 rwxp 001b9000 08:11 10578                      /lib64/libc-2.15.so
7f8770efa000-7f8770eff000 rwxp 00000000 00:00 0 
7f8770eff000-7f8770f02000 r-xp 00000000 08:11 10581                      /lib64/libdl-2.15.so
7f8770f02000-7f8771101000 ---p 00003000 08:11 10581                      /lib64/libdl-2.15.so
7f8771101000-7f8771102000 r-xp 00002000 08:11 10581                      /lib64/libdl-2.15.so
7f8771102000-7f8771103000 rwxp 00003000 08:11 10581                      /lib64/libdl-2.15.so
7f8771103000-7f877111a000 r-xp 00000000 08:11 10593                      /lib64/libpthread-2.15.so
7f877111a000-7f8771319000 ---p 00017000 08:11 10593                      /lib64/libpthread-2.15.so
7f8771319000-7f877131a000 r-xp 00016000 08:11 10593                      /lib64/libpthread-2.15.so
7f877131a000-7f877131b000 rwxp 00017000 08:11 10593                      /lib64/libpthread-2.15.so
7f877131b000-7f877131f000 rwxp 00000000 00:00 0 
7f877131f000-7f8771342000 r-xp 00000000 08:11 10622                      /lib64/ld-2.15.so
7f8771342000-7f8771343000 r-xs 00002000 08:0b 8389386                    /mnt/armazem/openflow/beacon/beacon-tutorial-1.0.4/eclipse/plugins/org.eclipse.core.filesystem.linux.x86_64_1.2.0.v20110423-0524.jar
7f8771343000-7f8771354000 rwxp 00000000 00:00 0 
7f8771354000-7f8771403000 rwxp 00000000 00:00 0 
7f8771403000-7f8771406000 rwxp 00000000 00:00 0 
7f8771406000-7f877140d000 r-xp 00000000 08:12 9179                       /opt/jdk1.6.0_45/jre/lib/amd64/jli/libjli.so
7f877140d000-7f877150e000 ---p 00007000 08:12 9179                       /opt/jdk1.6.0_45/jre/lib/amd64/jli/libjli.so
7f877150e000-7f8771510000 rwxp 00008000 08:12 9179                       /opt/jdk1.6.0_45/jre/lib/amd64/jli/libjli.so
7f8771510000-7f8771511000 rwxp 00000000 00:00 0 
7f8771511000-7f8771512000 r-xs 00002000 08:0b 8389949                    /mnt/armazem/openflow/beacon/beacon-tutorial-1.0.4/eclipse/plugins/org.eclipse.core.runtime.compatibility.registry_3.5.0.v20110505/runtime_registry_compatibility.jar
7f8771512000-7f8771514000 r-xs 00003000 08:0b 8389920                    /mnt/armazem/openflow/beacon/beacon-tutorial-1.0.4/eclipse/plugins/org.eclipse.equinox.p2.updatechecker_1.1.200.v20110502-1955.jar
7f8771514000-7f877151a000 r-xp 00000000 08:17 677867                     /usr/share/locale/pt_BR/LC_MESSAGES/gdk-pixbuf.mo
7f877151a000-7f877151b000 r-xs 00000000 08:16 523                        /home/luiz/.local/share/mime/mime.cache
7f877151b000-7f877151c000 r-xs 00007000 08:0b 8389186                    /mnt/armazem/openflow/beacon/beacon-tutorial-1.0.4/eclipse/plugins/org.eclipse.update.scheduler_3.2.300.v20100512.jar
7f877151c000-7f877152b000 r-xp 00000000 08:17 680116                     /usr/share/locale/pt_BR/LC_MESSAGES/gtk20.mo
7f877152b000-7f877152c000 r-xp 00000000 08:17 810831                     /usr/lib64/locale/pt_BR/LC_NUMERIC
7f877152c000-7f877152d000 r-xp 00000000 08:17 147768                     /usr/lib64/locale/pt_BR/LC_TIME
7f877152d000-7f877152e000 r-xp 00000000 08:17 147764                     /usr/lib64/locale/pt_BR/LC_MONETARY
7f877152e000-7f877152f000 r-xp 00000000 08:17 148081                     /usr/lib64/locale/pt_BR/LC_MESSAGES/SYS_LC_MESSAGES
7f877152f000-7f8771530000 r-xp 00000000 08:17 810839                     /usr/lib64/locale/pt_BR/LC_PAPER
7f8771530000-7f8771531000 r-xp 00000000 08:17 810829                     /usr/lib64/locale/pt_BR/LC_NAME
7f8771531000-7f8771532000 r-xp 00000000 08:17 147770                     /usr/lib64/locale/pt_BR/LC_ADDRESS
7f8771532000-7f8771533000 r-xp 00000000 08:17 147769                     /usr/lib64/locale/pt_BR/LC_TELEPHONE
7f8771533000-7f8771534000 r-xp 00000000 08:17 810833                     /usr/lib64/locale/pt_BR/LC_MEASUREMENT
7f8771534000-7f8771535000 r-xp 00000000 08:17 147765                     /usr/lib64/locale/pt_BR/LC_IDENTIFICATION
7f8771535000-7f8771536000 r-xs 0000b000 08:0b 8389251                    /mnt/armazem/openflow/beacon/beacon-tutorial-1.0.4/eclipse/plugins/org.eclipse.equinox.launcher_1.2.0.v20110502.jar
7f8771536000-7f877153e000 rwxs 00000000 08:15 888                        /tmp/hsperfdata_luiz/9180
7f877153e000-7f877153f000 rwxp 00000000 00:00 0 
7f877153f000-7f8771540000 r-xp 00000000 00:00 0 
7f8771540000-7f8771541000 rwxp 00000000 00:00 0 
7f8771541000-7f8771542000 r-xp 00022000 08:11 10622                      /lib64/ld-2.15.so
7f8771542000-7f8771544000 rwxp 00023000 08:11 10622                      /lib64/ld-2.15.so
7fffcbb26000-7fffcbb48000 rwxp 00000000 00:00 0                          [stack]
7fffcbbff000-7fffcbc00000 r-xp 00000000 00:00 0                          [vdso]
ffffffffff600000-ffffffffff601000 r-xp 00000000 00:00 0                  [vsyscall]

VM Arguments:
jvm_args: -Dosgi.requiredJavaVersion=1.5 -XX:MaxPermSize=256m -Xms40m -Xmx512m 
java_command: /mnt/armazem/openflow/beacon/beacon-tutorial-1.0.4/eclipse//plugins/org.eclipse.equinox.launcher_1.2.0.v20110502.jar -os linux -ws gtk -arch x86_64 -showsplash -launcher /mnt/armazem/openflow/beacon/beacon-tutorial-1.0.4/eclipse/eclipse -name Eclipse --launcher.library /mnt/armazem/openflow/beacon/beacon-tutorial-1.0.4/eclipse//plugins/org.eclipse.equinox.launcher.gtk.linux.x86_64_1.1.100.v20110505/eclipse_1407.so -startup /mnt/armazem/openflow/beacon/beacon-tutorial-1.0.4/eclipse//plugins/org.eclipse.equinox.launcher_1.2.0.v20110502.jar --launcher.overrideVmargs -exitdata 93002a -product org.eclipse.epp.package.rcp.product -vm /opt/jdk/bin/java -vmargs -Dosgi.requiredJavaVersion=1.5 -XX:MaxPermSize=256m -Xms40m -Xmx512m -jar /mnt/armazem/openflow/beacon/beacon-tutorial-1.0.4/eclipse//plugins/org.eclipse.equinox.launcher_1.2.0.v20110502.jar
Launcher Type: SUN_STANDARD

Environment Variables:
PATH=/usr/local/bin:/usr/bin:/bin:/usr/games:/opt/jdk/bin:/opt/jre/bin:/opt/maven/bin:/usr/lib64/kde4/libexec:/usr/lib64/qt/bin:/usr/share/texmf/bin:.
LD_LIBRARY_PATH=/opt/jdk1.6.0_45/jre/lib/amd64/server:/opt/jdk1.6.0_45/jre/lib/amd64:/opt/jdk1.6.0_45/jre/../lib/amd64
SHELL=/bin/bash
DISPLAY=:0

Signal Handlers:
SIGSEGV: [libjvm.so+0x862a30], sa_mask[0]=0x7ffbfeff, sa_flags=0x10000004
SIGBUS: [libjvm.so+0x862a30], sa_mask[0]=0x7ffbfeff, sa_flags=0x10000004
SIGFPE: [libjvm.so+0x7106f0], sa_mask[0]=0x7ffbfeff, sa_flags=0x10000004
SIGPIPE: SIG_IGN, sa_mask[0]=0x00001000, sa_flags=0x10000000
SIGXFSZ: [libjvm.so+0x7106f0], sa_mask[0]=0x7ffbfeff, sa_flags=0x10000004
SIGILL: [libjvm.so+0x7106f0], sa_mask[0]=0x7ffbfeff, sa_flags=0x10000004
SIGUSR1: SIG_DFL, sa_mask[0]=0x00000000, sa_flags=0x00000000
SIGUSR2: [libjvm.so+0x713520], sa_mask[0]=0x00000000, sa_flags=0x10000004
SIGHUP: [libjvm.so+0x713120], sa_mask[0]=0x7ffbfeff, sa_flags=0x10000004
SIGINT: [libjvm.so+0x713120], sa_mask[0]=0x7ffbfeff, sa_flags=0x10000004
SIGTERM: [libjvm.so+0x713120], sa_mask[0]=0x7ffbfeff, sa_flags=0x10000004
SIGQUIT: [libjvm.so+0x713120], sa_mask[0]=0x7ffbfeff, sa_flags=0x10000004


---------------  S Y S T E M  ---------------

OS:Linux
uname:Linux 3.11.3 #1 SMP Tue Oct 1 17:09:22 BRT 2013 x86_64
libc:glibc 2.15 NPTL 2.15 
rlimit: STACK 8192k, CORE 0k, NPROC 46799, NOFILE 4096, AS infinity
load average:0,29 0,39 0,29

/proc/meminfo:
MemTotal:        5993620 kB
MemFree:          583936 kB
Buffers:          149640 kB
Cached:          3910100 kB
SwapCached:            0 kB
Active:          3516904 kB
Inactive:        1621932 kB
Active(anon):    1082432 kB
Inactive(anon):   203692 kB
Active(file):    2434472 kB
Inactive(file):  1418240 kB
Unevictable:           0 kB
Mlocked:               0 kB
SwapTotal:      11719380 kB
SwapFree:       11719380 kB
Dirty:               732 kB
Writeback:             0 kB
AnonPages:       1079336 kB
Mapped:           204352 kB
Shmem:            207156 kB
Slab:             199928 kB
SReclaimable:     165368 kB
SUnreclaim:        34560 kB
KernelStack:        3448 kB
PageTables:        27492 kB
NFS_Unstable:          0 kB
Bounce:                0 kB
WritebackTmp:          0 kB
CommitLimit:    14716188 kB
Committed_AS:    2823060 kB
VmallocTotal:   34359738367 kB
VmallocUsed:      356452 kB
VmallocChunk:   34359368059 kB
HugePages_Total:       0
HugePages_Free:        0
HugePages_Rsvd:        0
HugePages_Surp:        0
Hugepagesize:       2048 kB
DirectMap4k:       17148 kB
DirectMap2M:     6154240 kB


CPU:total 4 (2 cores per cpu, 2 threads per core) family 6 model 58 stepping 9, cmov, cx8, fxsr, mmx, sse, sse2, sse3, ssse3, sse4.1, sse4.2, popcnt, ht

/proc/cpuinfo:
processor	: 0
vendor_id	: GenuineIntel
cpu family	: 6
model		: 58
model name	: Intel(R) Core(TM) i5-3337U CPU @ 1.80GHz
stepping	: 9
microcode	: 0x13
cpu MHz		: 1801.000
cache size	: 3072 KB
physical id	: 0
siblings	: 4
core id		: 0
cpu cores	: 2
apicid		: 0
initial apicid	: 0
fpu		: yes
fpu_exception	: yes
cpuid level	: 13
wp		: yes
flags		: fpu vme de pse tsc msr pae mce cx8 apic sep mtrr pge mca cmov pat pse36 clflush dts acpi mmx fxsr sse sse2 ss ht tm pbe syscall nx rdtscp lm constant_tsc arch_perfmon pebs bts rep_good nopl xtopology nonstop_tsc aperfmperf eagerfpu pni pclmulqdq dtes64 monitor ds_cpl vmx est tm2 ssse3 cx16 xtpr pdcm pcid sse4_1 sse4_2 x2apic popcnt tsc_deadline_timer aes xsave avx f16c rdrand lahf_lm ida arat epb xsaveopt pln pts dtherm tpr_shadow vnmi flexpriority ept vpid fsgsbase smep erms
bogomips	: 3591.71
clflush size	: 64
cache_alignment	: 64
address sizes	: 36 bits physical, 48 bits virtual
power management:

processor	: 1
vendor_id	: GenuineIntel
cpu family	: 6
model		: 58
model name	: Intel(R) Core(TM) i5-3337U CPU @ 1.80GHz
stepping	: 9
microcode	: 0x13
cpu MHz		: 1801.000
cache size	: 3072 KB
physical id	: 0
siblings	: 4
core id		: 0
cpu cores	: 2
apicid		: 1
initial apicid	: 1
fpu		: yes
fpu_exception	: yes
cpuid level	: 13
wp		: yes
flags		: fpu vme de pse tsc msr pae mce cx8 apic sep mtrr pge mca cmov pat pse36 clflush dts acpi mmx fxsr sse sse2 ss ht tm pbe syscall nx rdtscp lm constant_tsc arch_perfmon pebs bts rep_good nopl xtopology nonstop_tsc aperfmperf eagerfpu pni pclmulqdq dtes64 monitor ds_cpl vmx est tm2 ssse3 cx16 xtpr pdcm pcid sse4_1 sse4_2 x2apic popcnt tsc_deadline_timer aes xsave avx f16c rdrand lahf_lm ida arat epb xsaveopt pln pts dtherm tpr_shadow vnmi flexpriority ept vpid fsgsbase smep erms
bogomips	: 3591.71
clflush size	: 64
cache_alignment	: 64
address sizes	: 36 bits physical, 48 bits virtual
power management:

processor	: 2
vendor_id	: GenuineIntel
cpu family	: 6
model		: 58
model name	: Intel(R) Core(TM) i5-3337U CPU @ 1.80GHz
stepping	: 9
microcode	: 0x13
cpu MHz		: 1801.000
cache size	: 3072 KB
physical id	: 0
siblings	: 4
core id		: 1
cpu cores	: 2
apicid		: 2
initial apicid	: 2
fpu		: yes
fpu_exception	: yes
cpuid level	: 13
wp		: yes
flags		: fpu vme de pse tsc msr pae mce cx8 apic sep mtrr pge mca cmov pat pse36 clflush dts acpi mmx fxsr sse sse2 ss ht tm pbe syscall nx rdtscp lm constant_tsc arch_perfmon pebs bts rep_good nopl xtopology nonstop_tsc aperfmperf eagerfpu pni pclmulqdq dtes64 monitor ds_cpl vmx est tm2 ssse3 cx16 xtpr pdcm pcid sse4_1 sse4_2 x2apic popcnt tsc_deadline_timer aes xsave avx f16c rdrand lahf_lm ida arat epb xsaveopt pln pts dtherm tpr_shadow vnmi flexpriority ept vpid fsgsbase smep erms
bogomips	: 3591.71
clflush size	: 64
cache_alignment	: 64
address sizes	: 36 bits physical, 48 bits virtual
power management:

processor	: 3
vendor_id	: GenuineIntel
cpu family	: 6
model		: 58
model name	: Intel(R) Core(TM) i5-3337U CPU @ 1.80GHz
stepping	: 9
microcode	: 0x13
cpu MHz		: 1801.000
cache size	: 3072 KB
physical id	: 0
siblings	: 4
core id		: 1
cpu cores	: 2
apicid		: 3
initial apicid	: 3
fpu		: yes
fpu_exception	: yes
cpuid level	: 13
wp		: yes
flags		: fpu vme de pse tsc msr pae mce cx8 apic sep mtrr pge mca cmov pat pse36 clflush dts acpi mmx fxsr sse sse2 ss ht tm pbe syscall nx rdtscp lm constant_tsc arch_perfmon pebs bts rep_good nopl xtopology nonstop_tsc aperfmperf eagerfpu pni pclmulqdq dtes64 monitor ds_cpl vmx est tm2 ssse3 cx16 xtpr pdcm pcid sse4_1 sse4_2 x2apic popcnt tsc_deadline_timer aes xsave avx f16c rdrand lahf_lm ida arat epb xsaveopt pln pts dtherm tpr_shadow vnmi flexpriority ept vpid fsgsbase smep erms
bogomips	: 3591.71
clflush size	: 64
cache_alignment	: 64
address sizes	: 36 bits physical, 48 bits virtual
power management:



Memory: 4k page, physical 5993620k(583936k free), swap 11719380k(11719380k free)

vm_info: Java HotSpot(TM) 64-Bit Server VM (20.45-b01) for linux-amd64 JRE (1.6.0_45-b06), built on Mar 26 2013 14:07:02 by "java_re" with gcc 3.2.2 (SuSE Linux)

time: Sat Oct  5 15:12:06 2013
elapsed time: 124 seconds

