#
# A fatal error has been detected by the Java Runtime Environment:
#
#  SIGSEGV (0xb) at pc=0x00007ff47bdcba10, pid=8948, tid=140688926484224
#
# JRE version: 6.0_45-b06
# Java VM: Java HotSpot(TM) 64-Bit Server VM (20.45-b01 mixed mode linux-amd64 compressed oops)
# Problematic frame:
# C  [libgobject-2.0.so.0+0x18a10]  __float128+0x20
#
# If you would like to submit a bug report, please visit:
#   http://java.sun.com/webapps/bugreport/crash.jsp
# The crash happened outside the Java Virtual Machine in native code.
# See problematic frame for where to report the bug.
#

---------------  T H R E A D  ---------------

Current thread (0x00007ff4ac007800):  JavaThread "main" [_thread_in_native, id=8949, stack(0x00007ff4b16ca000,0x00007ff4b17cb000)]

siginfo:si_signo=SIGSEGV: si_errno=0, si_code=1 (SEGV_MAPERR), si_addr=0x00000000000000c8

Registers:
RAX=0x00000000000000c8, RBX=0x00007ff4ac6031a0, RCX=0x00000000000002a5, RDX=0x00007ff4ac6031a0
RSP=0x00007ff4b17c6d00, RBP=0x00000000000002a5, RSI=0x00000000000002a5, RDI=0x00007ff4ac6031a0
R8 =0x0000000000707f47, R9 =0x00000000e0fe8ef8, R10=0x00007ff4a924a9a4, R11=0x00000000e0fe8ef8
R12=0x0000000000000000, R13=0x00007ff4b17c6dc8, R14=0x00007ff4b17c6d60, R15=0x00007ff4ac007800
RIP=0x00007ff47bdcba10, EFLAGS=0x0000000000010202, CSGSFS=0x0000000000000033, ERR=0x0000000000000004
  TRAPNO=0x000000000000000e

Top of Stack: (sp=0x00007ff4b17c6d00)
0x00007ff4b17c6d00:   00000000d14be4d0 00000000e0299a20
0x00007ff4b17c6d10:   00007ff4b17c6d70 00007ff470059371
0x00007ff4b17c6d20:   00007ff4b17c6d38 00007ff4a924aa16
0x00007ff4b17c6d30:   0000000000000000 00000000e16bdfe8
0x00007ff4b17c6d40:   00007ff4b17c6d40 00000000d124c852
0x00007ff4b17c6d50:   00007ff4b17c6da0 00000000d14b9020
0x00007ff4b17c6d60:   00000000d145e580 00000000d124c890
0x00007ff4b17c6d70:   0000000000000007 00007ff4a919bb24
0x00007ff4b17c6d80:   00007ff4ac6031a0 00007ff4000002a5
0x00007ff4b17c6d90:   0000000000000000 00000000e0299a20
0x00007ff4b17c6da0:   00000000e16bdfe8 00007ff4b17c6da8
0x00007ff4b17c6db0:   00007ff4b17c6e20 00007ff4a90059b3
0x00007ff4b17c6dc0:   00007ff4a90059b3 00000000000002a5
0x00007ff4b17c6dd0:   00007ff4ac6031a0 0000000000000000
0x00007ff4b17c6de0:   00007ff4b17c6de0 00000000d131c6a3
0x00007ff4b17c6df0:   00007ff4b17c6e50 00000000d1373ee0
0x00007ff4b17c6e00:   0000000000000000 00000000d131c728
0x00007ff4b17c6e10:   00007ff4b17c6dc8 00007ff4b17c6e40
0x00007ff4b17c6e20:   00007ff4b17c6e98 00007ff4a9005929
0x00007ff4b17c6e30:   0000000000000000 0000000000000000
0x00007ff4b17c6e40:   00007ff4ac6031a0 00007ff4ac6031a0
0x00007ff4b17c6e50:   00000000e0d35c80 00007ff4b17c6e58
0x00007ff4b17c6e60:   00000000d166320d 00007ff4b17c6eb8
0x00007ff4b17c6e70:   00000000d166b350 0000000000000000
0x00007ff4b17c6e80:   00000000d16632a8 00007ff4b17c6e40
0x00007ff4b17c6e90:   00007ff4b17c6eb8 00007ff4b17c6f00
0x00007ff4b17c6ea0:   00007ff4a9005a82 0000000000000000
0x00007ff4b17c6eb0:   0000000000000000 00000000e16bdfe8
0x00007ff4b17c6ec0:   00007ff4b17c6ec0 00000000d126df59
0x00007ff4b17c6ed0:   00007ff4b17c6f10 00000000d14b6040
0x00007ff4b17c6ee0:   0000000000000000 00000000d126df80
0x00007ff4b17c6ef0:   00007ff4b17c6eb8 00007ff4b17c6f10 

Instructions: (pc=0x00007ff47bdcba10)
0x00007ff47bdcb9f0:   48 89 5c 24 f0 48 89 6c 24 f8 48 83 ec 18 48 85
0x00007ff47bdcba00:   ff 48 89 fb 74 21 48 8b 07 89 f5 48 85 c0 74 06
0x00007ff47bdcba10:   48 83 38 50 74 42 be 50 00 00 00 48 89 df e8 3d
0x00007ff47bdcba20:   7f 01 00 85 c0 75 31 48 8d 15 e9 15 02 00 48 8d 

Register to memory mapping:

RAX=0x00000000000000c8 is an unknown value
RBX=0x00007ff4ac6031a0 is an unknown value
RCX=0x00000000000002a5 is an unknown value
RDX=0x00007ff4ac6031a0 is an unknown value
RSP=0x00007ff4b17c6d00 is pointing into the stack for thread: 0x00007ff4ac007800
RBP=0x00000000000002a5 is an unknown value
RSI=0x00000000000002a5 is an unknown value
RDI=0x00007ff4ac6031a0 is an unknown value
R8 =0x0000000000707f47 is an unknown value
R9 =0x00000000e0fe8ef8 is an oop
org.eclipse.swt.internal.Lock 
 - klass: 'org/eclipse/swt/internal/Lock'
R10=0x00007ff4a924a7d0 [CodeBlob (0x00007ff4a924a7d0)]
Framesize: 10
R11=0x00000000e0fe8ef8 is an oop
org.eclipse.swt.internal.Lock 
 - klass: 'org/eclipse/swt/internal/Lock'
R12=0x0000000000000000 is an unknown value
R13=0x00007ff4b17c6dc8 is pointing into the stack for thread: 0x00007ff4ac007800
R14=0x00007ff4b17c6d60 is pointing into the stack for thread: 0x00007ff4ac007800
R15=0x00007ff4ac007800 is a thread


Stack: [0x00007ff4b16ca000,0x00007ff4b17cb000],  sp=0x00007ff4b17c6d00,  free space=1011k
Native frames: (J=compiled Java code, j=interpreted, Vv=VM code, C=native code)
C  [libgobject-2.0.so.0+0x18a10]  __float128+0x20

Java frames: (J=compiled Java code, j=interpreted, Vv=VM code)
J  org.eclipse.swt.internal.gtk.OS._g_object_get_qdata(JI)J
J  org.eclipse.swt.internal.gtk.OS.g_object_get_qdata(JI)J
j  org.eclipse.swt.widgets.Display.removeWidget(J)Lorg/eclipse/swt/widgets/Widget;+19
j  org.eclipse.swt.widgets.Combo.deregister()V+21
j  org.eclipse.swt.widgets.Widget.releaseWidget()V+1
j  org.eclipse.swt.widgets.Control.releaseWidget()V+1
j  org.eclipse.swt.widgets.Composite.releaseWidget()V+1
j  org.eclipse.swt.widgets.Combo.releaseWidget()V+1
j  org.eclipse.swt.widgets.Widget.release(Z)V+82
j  org.eclipse.swt.widgets.Control.release(Z)V+94
j  org.eclipse.swt.widgets.Composite.releaseChildren(Z)V+31
j  org.eclipse.swt.widgets.Widget.release(Z)V+38
j  org.eclipse.swt.widgets.Control.release(Z)V+94
j  org.eclipse.swt.widgets.Composite.releaseChildren(Z)V+31
j  org.eclipse.swt.widgets.Widget.release(Z)V+38
j  org.eclipse.swt.widgets.Control.release(Z)V+94
j  org.eclipse.swt.widgets.Composite.releaseChildren(Z)V+31
j  org.eclipse.swt.widgets.Widget.release(Z)V+38
j  org.eclipse.swt.widgets.Control.release(Z)V+94
j  org.eclipse.swt.widgets.Composite.releaseChildren(Z)V+31
j  org.eclipse.swt.widgets.Widget.release(Z)V+38
j  org.eclipse.swt.widgets.Control.release(Z)V+94
j  org.eclipse.swt.widgets.Composite.releaseChildren(Z)V+31
j  org.eclipse.swt.widgets.Widget.release(Z)V+38
j  org.eclipse.swt.widgets.Control.release(Z)V+94
j  org.eclipse.swt.widgets.Composite.releaseChildren(Z)V+31
j  org.eclipse.swt.widgets.Widget.release(Z)V+38
j  org.eclipse.swt.widgets.Control.release(Z)V+94
j  org.eclipse.swt.widgets.Composite.releaseChildren(Z)V+31
j  org.eclipse.swt.widgets.Widget.release(Z)V+38
j  org.eclipse.swt.widgets.Control.release(Z)V+94
j  org.eclipse.swt.widgets.Composite.releaseChildren(Z)V+31
j  org.eclipse.swt.widgets.Canvas.releaseChildren(Z)V+42
j  org.eclipse.swt.widgets.Decorations.releaseChildren(Z)V+22
j  org.eclipse.swt.widgets.Shell.releaseChildren(Z)V+100
j  org.eclipse.swt.widgets.Widget.release(Z)V+38
j  org.eclipse.swt.widgets.Control.release(Z)V+94
j  org.eclipse.swt.widgets.Widget.dispose()V+23
j  org.eclipse.swt.widgets.Shell.dispose()V+20
j  org.eclipse.jface.window.Window.close()Z+65
j  org.eclipse.jface.dialogs.Dialog.close()Z+26
j  org.eclipse.jface.dialogs.TrayDialog.close()Z+12
j  org.eclipse.jface.wizard.WizardDialog.hardClose()Z+83
j  org.eclipse.jface.wizard.WizardDialog.finishPressed()V+56
j  org.eclipse.jface.wizard.WizardDialog.buttonPressed(I)V+54
j  org.eclipse.jface.dialogs.Dialog$2.widgetSelected(Lorg/eclipse/swt/events/SelectionEvent;)V+17
j  org.eclipse.swt.widgets.TypedListener.handleEvent(Lorg/eclipse/swt/widgets/Event;)V+1080
J  org.eclipse.swt.widgets.EventTable.sendEvent(Lorg/eclipse/swt/widgets/Event;)V
j  org.eclipse.swt.widgets.Widget.sendEvent(Lorg/eclipse/swt/widgets/Event;)V+25
j  org.eclipse.swt.widgets.Display.runDeferredEvents()Z+92
j  org.eclipse.swt.widgets.Display.readAndDispatch()Z+46
j  org.eclipse.jface.window.Window.runEventLoop(Lorg/eclipse/swt/widgets/Shell;)V+23
j  org.eclipse.jface.window.Window.open()I+49
j  org.eclipse.ui.internal.handlers.WizardHandler$Import.executeHandler(Lorg/eclipse/core/commands/ExecutionEvent;)V+163
j  org.eclipse.ui.internal.handlers.WizardHandler.execute(Lorg/eclipse/core/commands/ExecutionEvent;)Ljava/lang/Object;+20
j  org.eclipse.ui.internal.handlers.HandlerProxy.execute(Lorg/eclipse/core/commands/ExecutionEvent;)Ljava/lang/Object;+33
j  org.eclipse.core.commands.Command.executeWithChecks(Lorg/eclipse/core/commands/ExecutionEvent;)Ljava/lang/Object;+115
j  org.eclipse.core.commands.ParameterizedCommand.executeWithChecks(Ljava/lang/Object;Ljava/lang/Object;)Ljava/lang/Object;+21
j  org.eclipse.ui.internal.handlers.HandlerService.executeCommand(Lorg/eclipse/core/commands/ParameterizedCommand;Lorg/eclipse/swt/widgets/Event;)Ljava/lang/Object;+6
j  org.eclipse.ui.internal.handlers.SlaveHandlerService.executeCommand(Lorg/eclipse/core/commands/ParameterizedCommand;Lorg/eclipse/swt/widgets/Event;)Ljava/lang/Object;+6
j  org.eclipse.ui.internal.actions.CommandAction.runWithEvent(Lorg/eclipse/swt/widgets/Event;)V+68
j  org.eclipse.jface.action.ActionContributionItem.handleWidgetSelection(Lorg/eclipse/swt/widgets/Event;Z)V+354
j  org.eclipse.jface.action.ActionContributionItem.access$2(Lorg/eclipse/jface/action/ActionContributionItem;Lorg/eclipse/swt/widgets/Event;Z)V+3
j  org.eclipse.jface.action.ActionContributionItem$5.handleEvent(Lorg/eclipse/swt/widgets/Event;)V+60
J  org.eclipse.swt.widgets.EventTable.sendEvent(Lorg/eclipse/swt/widgets/Event;)V
j  org.eclipse.swt.widgets.Widget.sendEvent(Lorg/eclipse/swt/widgets/Event;)V+25
j  org.eclipse.swt.widgets.Display.runDeferredEvents()Z+92
j  org.eclipse.swt.widgets.Display.readAndDispatch()Z+46
j  org.eclipse.ui.internal.Workbench.runEventLoop(Lorg/eclipse/jface/window/Window$IExceptionHandler;Lorg/eclipse/swt/widgets/Display;)V+9
j  org.eclipse.ui.internal.Workbench.runUI()I+555
j  org.eclipse.ui.internal.Workbench.access$4(Lorg/eclipse/ui/internal/Workbench;)I+1
j  org.eclipse.ui.internal.Workbench$7.run()V+55
j  org.eclipse.core.databinding.observable.Realm.runWithDefault(Lorg/eclipse/core/databinding/observable/Realm;Ljava/lang/Runnable;)V+12
j  org.eclipse.ui.internal.Workbench.createAndRunWorkbench(Lorg/eclipse/swt/widgets/Display;Lorg/eclipse/ui/application/WorkbenchAdvisor;)I+18
j  org.eclipse.ui.PlatformUI.createAndRunWorkbench(Lorg/eclipse/swt/widgets/Display;Lorg/eclipse/ui/application/WorkbenchAdvisor;)I+2
j  org.eclipse.ui.internal.ide.application.IDEApplication.start(Lorg/eclipse/equinox/app/IApplicationContext;)Ljava/lang/Object;+108
j  org.eclipse.equinox.internal.app.EclipseAppHandle.run(Ljava/lang/Object;)Ljava/lang/Object;+135
j  org.eclipse.core.runtime.internal.adaptor.EclipseAppLauncher.runApplication(Ljava/lang/Object;)Ljava/lang/Object;+103
j  org.eclipse.core.runtime.internal.adaptor.EclipseAppLauncher.start(Ljava/lang/Object;)Ljava/lang/Object;+29
j  org.eclipse.core.runtime.adaptor.EclipseStarter.run(Ljava/lang/Object;)Ljava/lang/Object;+149
j  org.eclipse.core.runtime.adaptor.EclipseStarter.run([Ljava/lang/String;Ljava/lang/Runnable;)Ljava/lang/Object;+183
v  ~StubRoutines::call_stub
j  sun.reflect.NativeMethodAccessorImpl.invoke0(Ljava/lang/reflect/Method;Ljava/lang/Object;[Ljava/lang/Object;)Ljava/lang/Object;+0
j  sun.reflect.NativeMethodAccessorImpl.invoke(Ljava/lang/Object;[Ljava/lang/Object;)Ljava/lang/Object;+87
j  sun.reflect.DelegatingMethodAccessorImpl.invoke(Ljava/lang/Object;[Ljava/lang/Object;)Ljava/lang/Object;+6
j  java.lang.reflect.Method.invoke(Ljava/lang/Object;[Ljava/lang/Object;)Ljava/lang/Object;+161
j  org.eclipse.equinox.launcher.Main.invokeFramework([Ljava/lang/String;[Ljava/net/URL;)V+211
j  org.eclipse.equinox.launcher.Main.basicRun([Ljava/lang/String;)V+126
j  org.eclipse.equinox.launcher.Main.run([Ljava/lang/String;)I+4
j  org.eclipse.equinox.launcher.Main.main([Ljava/lang/String;)V+10
v  ~StubRoutines::call_stub

---------------  P R O C E S S  ---------------

Java Threads: ( => current thread )
  0x00007ff4500c5800 JavaThread "Worker-4" [_thread_in_native, id=9048, stack(0x00007ff44acbd000,0x00007ff44adbe000)]
  0x00007ff444006000 JavaThread "Worker-2" [_thread_blocked, id=8987, stack(0x00007ff470fff000,0x00007ff471100000)]
  0x00007ff4acab4800 JavaThread "Java indexing" daemon [_thread_blocked, id=8986, stack(0x00007ff44b40b000,0x00007ff44b50c000)]
  0x00007ff458011800 JavaThread "[ThreadPool Manager] - Idle Thread" daemon [_thread_blocked, id=8983, stack(0x00007ff44b535000,0x00007ff44b636000)]
  0x00007ff45c1a8800 JavaThread "Worker-1" [_thread_blocked, id=8976, stack(0x00007ff470535000,0x00007ff470636000)]
  0x00007ff45c0f2000 JavaThread "Provisioning Event Dispatcher" daemon [_thread_blocked, id=8975, stack(0x00007ff470829000,0x00007ff47092a000)]
  0x00007ff45c431800 JavaThread "Worker-0" [_thread_blocked, id=8974, stack(0x00007ff4706e1000,0x00007ff4707e2000)]
  0x00007ff45c0f9000 JavaThread "Worker-JM" [_thread_blocked, id=8973, stack(0x00007ff470992000,0x00007ff470a93000)]
  0x00007ff45c0b4800 JavaThread "[Timer] - Main Queue Handler" daemon [_thread_blocked, id=8972, stack(0x00007ff470a93000,0x00007ff470b94000)]
  0x00007ff45c481800 JavaThread "Bundle File Closer" daemon [_thread_blocked, id=8969, stack(0x00007ff470be0000,0x00007ff470ce1000)]
  0x00007ff4ac350000 JavaThread "Start Level Event Dispatcher" daemon [_thread_blocked, id=8968, stack(0x00007ff470dfd000,0x00007ff470efe000)]
  0x00007ff4ac346800 JavaThread "Framework Event Dispatcher" daemon [_thread_blocked, id=8966, stack(0x00007ff470efe000,0x00007ff470fff000)]
  0x00007ff4ac2d2000 JavaThread "Framework Active Thread" [_thread_blocked, id=8964, stack(0x00007ff471100000,0x00007ff471201000)]
  0x00007ff4ac0b9000 JavaThread "Low Memory Detector" daemon [_thread_blocked, id=8960, stack(0x00007ff4a83f4000,0x00007ff4a84f5000)]
  0x00007ff4ac0b7000 JavaThread "C2 CompilerThread1" daemon [_thread_in_native, id=8959, stack(0x00007ff4a84f5000,0x00007ff4a85f6000)]
  0x00007ff4ac0b4000 JavaThread "C2 CompilerThread0" daemon [_thread_in_native, id=8958, stack(0x00007ff4a85f6000,0x00007ff4a86f7000)]
  0x00007ff4ac0b2000 JavaThread "Signal Dispatcher" daemon [_thread_blocked, id=8957, stack(0x00007ff4a86f7000,0x00007ff4a87f8000)]
  0x00007ff4ac095000 JavaThread "Finalizer" daemon [_thread_blocked, id=8956, stack(0x00007ff4a87f8000,0x00007ff4a88f9000)]
  0x00007ff4ac093000 JavaThread "Reference Handler" daemon [_thread_blocked, id=8955, stack(0x00007ff4a88f9000,0x00007ff4a89fa000)]
=>0x00007ff4ac007800 JavaThread "main" [_thread_in_native, id=8949, stack(0x00007ff4b16ca000,0x00007ff4b17cb000)]

Other Threads:
  0x00007ff4ac08c800 VMThread [stack: 0x00007ff4a89fa000,0x00007ff4a8afb000] [id=8954]
  0x00007ff4ac0cc000 WatcherThread [stack: 0x00007ff4a82f3000,0x00007ff4a83f4000] [id=8961]

VM state:not at safepoint (normal execution)

VM Mutex/Monitor currently owned by a thread: None

Heap
 PSYoungGen      total 72384K, used 27127K [0x00000000f5560000, 0x00000000fd260000, 0x0000000100000000)
  eden space 65920K, 31% used [0x00000000f5560000,0x00000000f6999e30,0x00000000f95c0000)
  from space 6464K, 99% used [0x00000000fc850000,0x00000000fce94010,0x00000000fcea0000)
  to   space 3840K, 0% used [0x00000000fcea0000,0x00000000fcea0000,0x00000000fd260000)
 PSOldGen        total 41856K, used 25999K [0x00000000e0000000, 0x00000000e28e0000, 0x00000000f5560000)
  object space 41856K, 62% used [0x00000000e0000000,0x00000000e1963c90,0x00000000e28e0000)
 PSPermGen       total 124480K, used 63620K [0x00000000d0000000, 0x00000000d7990000, 0x00000000e0000000)
  object space 124480K, 51% used [0x00000000d0000000,0x00000000d3e21268,0x00000000d7990000)

Code Cache  [0x00007ff4a9000000, 0x00007ff4a93a0000, 0x00007ff4ac000000)
 total_blobs=1317 nmethods=785 adapters=485 free_code_cache=46744512 largest_free_block=65920

Dynamic libraries:
40000000-40009000 r-xp 00000000 08:12 9770                               /opt/jdk1.6.0_45/bin/java
40108000-4010a000 rwxp 00008000 08:12 9770                               /opt/jdk1.6.0_45/bin/java
41e1a000-41e3b000 rwxp 00000000 00:00 0                                  [heap]
d0000000-d7990000 rwxp 00000000 00:00 0 
d7990000-e0000000 rwxp 00000000 00:00 0 
e0000000-e28e0000 rwxp 00000000 00:00 0 
e28e0000-f5560000 rwxp 00000000 00:00 0 
f5560000-fd260000 rwxp 00000000 00:00 0 
fd260000-fdec0000 ---p 00000000 00:00 0 
fdec0000-100000000 rwxp 00000000 00:00 0 
7ff420000000-7ff420021000 rwxp 00000000 00:00 0 
7ff420021000-7ff424000000 ---p 00000000 00:00 0 
7ff428000000-7ff428022000 rwxp 00000000 00:00 0 
7ff428022000-7ff42c000000 ---p 00000000 00:00 0 
7ff42c000000-7ff42c021000 rwxp 00000000 00:00 0 
7ff42c021000-7ff430000000 ---p 00000000 00:00 0 
7ff430000000-7ff430021000 rwxp 00000000 00:00 0 
7ff430021000-7ff434000000 ---p 00000000 00:00 0 
7ff434000000-7ff434035000 rwxp 00000000 00:00 0 
7ff434035000-7ff438000000 ---p 00000000 00:00 0 
7ff438000000-7ff43813f000 rwxp 00000000 00:00 0 
7ff43813f000-7ff43c000000 ---p 00000000 00:00 0 
7ff43c000000-7ff43c021000 rwxp 00000000 00:00 0 
7ff43c021000-7ff440000000 ---p 00000000 00:00 0 
7ff440000000-7ff440021000 rwxp 00000000 00:00 0 
7ff440021000-7ff444000000 ---p 00000000 00:00 0 
7ff444000000-7ff444081000 rwxp 00000000 00:00 0 
7ff444081000-7ff448000000 ---p 00000000 00:00 0 
7ff4498b6000-7ff4498b8000 r-xp 00000000 08:0b 8519810                    /mnt/armazem/openflow/beacon/beacon-tutorial-1.0.4/eclipse/configuration/org.eclipse.osgi/bundles/42/1/.cp/os/linux/x86_64/libunixfile_1_0_0.so
7ff4498b8000-7ff4499b7000 ---p 00002000 08:0b 8519810                    /mnt/armazem/openflow/beacon/beacon-tutorial-1.0.4/eclipse/configuration/org.eclipse.osgi/bundles/42/1/.cp/os/linux/x86_64/libunixfile_1_0_0.so
7ff4499b7000-7ff4499b8000 rwxp 00001000 08:0b 8519810                    /mnt/armazem/openflow/beacon/beacon-tutorial-1.0.4/eclipse/configuration/org.eclipse.osgi/bundles/42/1/.cp/os/linux/x86_64/libunixfile_1_0_0.so
7ff4499b8000-7ff4499b9000 ---p 00000000 00:00 0 
7ff4499b9000-7ff44a1b9000 rwxp 00000000 00:00 0                          [stack:9044]
7ff44a1b9000-7ff44a1ba000 ---p 00000000 00:00 0 
7ff44a1ba000-7ff44a9ba000 rwxp 00000000 00:00 0 
7ff44a9ba000-7ff44a9bd000 ---p 00000000 00:00 0 
7ff44a9bd000-7ff44aabb000 rwxp 00000000 00:00 0 
7ff44aabb000-7ff44aabe000 ---p 00000000 00:00 0 
7ff44aabe000-7ff44abbc000 rwxp 00000000 00:00 0 
7ff44abbc000-7ff44abbf000 ---p 00000000 00:00 0 
7ff44abbf000-7ff44acbd000 rwxp 00000000 00:00 0 
7ff44acbd000-7ff44acc0000 ---p 00000000 00:00 0 
7ff44acc0000-7ff44adbe000 rwxp 00000000 00:00 0                          [stack:9048]
7ff44adbe000-7ff44adc1000 ---p 00000000 00:00 0 
7ff44adc1000-7ff44aebf000 rwxp 00000000 00:00 0 
7ff44aebf000-7ff44aec6000 r-xp 00000000 08:0b 8391557                    /mnt/armazem/openflow/beacon/beacon-tutorial-1.0.4/eclipse/configuration/org.eclipse.osgi/bundles/239/1/.cp/libswt-xpcominit-gtk-3735.so
7ff44aec6000-7ff44afc6000 ---p 00007000 08:0b 8391557                    /mnt/armazem/openflow/beacon/beacon-tutorial-1.0.4/eclipse/configuration/org.eclipse.osgi/bundles/239/1/.cp/libswt-xpcominit-gtk-3735.so
7ff44afc6000-7ff44afc8000 rwxp 00007000 08:0b 8391557                    /mnt/armazem/openflow/beacon/beacon-tutorial-1.0.4/eclipse/configuration/org.eclipse.osgi/bundles/239/1/.cp/libswt-xpcominit-gtk-3735.so
7ff44afc8000-7ff44afd4000 r-xp 00000000 08:0b 8390578                    /mnt/armazem/openflow/beacon/beacon-tutorial-1.0.4/eclipse/configuration/org.eclipse.osgi/bundles/239/1/.cp/libswt-cairo-gtk-3735.so
7ff44afd4000-7ff44b0d4000 ---p 0000c000 08:0b 8390578                    /mnt/armazem/openflow/beacon/beacon-tutorial-1.0.4/eclipse/configuration/org.eclipse.osgi/bundles/239/1/.cp/libswt-cairo-gtk-3735.so
7ff44b0d4000-7ff44b0d5000 rwxp 0000c000 08:0b 8390578                    /mnt/armazem/openflow/beacon/beacon-tutorial-1.0.4/eclipse/configuration/org.eclipse.osgi/bundles/239/1/.cp/libswt-cairo-gtk-3735.so
7ff44b140000-7ff44b15d000 r-xs 0017c000 08:0b 8389149                    /mnt/armazem/openflow/beacon/beacon-tutorial-1.0.4/eclipse/plugins/org.eclipse.team.cvs.ui_3.3.400.I20110510-0800.jar
7ff44b15d000-7ff44b1bd000 rwxs 00000000 00:04 9470003                    /SYSV00000000 (deleted)
7ff44b1bd000-7ff44b1d7000 r-xs 00132000 08:0b 8389389                    /mnt/armazem/openflow/beacon/beacon-tutorial-1.0.4/eclipse/plugins/org.eclipse.jdt.debug.ui_3.6.0.v20110512.jar
7ff44b1d7000-7ff44b1d8000 r-xp 00000000 08:17 817714                     /usr/lib64/gtk-2.0/2.10.0/immodules/im-cedilla.so
7ff44b1d8000-7ff44b3d8000 ---p 00001000 08:17 817714                     /usr/lib64/gtk-2.0/2.10.0/immodules/im-cedilla.so
7ff44b3d8000-7ff44b3d9000 rwxp 00001000 08:17 817714                     /usr/lib64/gtk-2.0/2.10.0/immodules/im-cedilla.so
7ff44b3d9000-7ff44b40b000 r-xs 00244000 08:0b 8388933                    /mnt/armazem/openflow/beacon/beacon-tutorial-1.0.4/eclipse/plugins/org.eclipse.debug.ui_3.7.0.v20110518.jar
7ff44b40b000-7ff44b40e000 ---p 00000000 00:00 0 
7ff44b40e000-7ff44b50c000 rwxp 00000000 00:00 0                          [stack:8986]
7ff44b50c000-7ff44b535000 r-xs 0042e000 08:0b 8389049                    /mnt/armazem/openflow/beacon/beacon-tutorial-1.0.4/eclipse/plugins/org.eclipse.jdt.core_3.7.0.v_B61.jar
7ff44b535000-7ff44b538000 ---p 00000000 00:00 0 
7ff44b538000-7ff44b636000 rwxp 00000000 00:00 0                          [stack:8983]
7ff44b636000-7ff44b641000 r-xp 00000000 08:0b 8390544                    /mnt/armazem/openflow/beacon/beacon-tutorial-1.0.4/eclipse/configuration/org.eclipse.osgi/bundles/239/1/.cp/libswt-atk-gtk-3735.so
7ff44b641000-7ff44b741000 ---p 0000b000 08:0b 8390544                    /mnt/armazem/openflow/beacon/beacon-tutorial-1.0.4/eclipse/configuration/org.eclipse.osgi/bundles/239/1/.cp/libswt-atk-gtk-3735.so
7ff44b741000-7ff44b742000 rwxp 0000b000 08:0b 8390544                    /mnt/armazem/openflow/beacon/beacon-tutorial-1.0.4/eclipse/configuration/org.eclipse.osgi/bundles/239/1/.cp/libswt-atk-gtk-3735.so
7ff44b743000-7ff44b7d8000 r-xs 00923000 08:0b 8389233                    /mnt/armazem/openflow/beacon/beacon-tutorial-1.0.4/eclipse/plugins/org.eclipse.jdt.ui_3.7.0.v20110531-1200.jar
7ff44b821000-7ff44b824000 ---p 00000000 00:00 0 
7ff44b824000-7ff44b922000 rwxp 00000000 00:00 0 
7ff44b922000-7ff44b944000 r-xs 001a0000 08:0b 8389380                    /mnt/armazem/openflow/beacon/beacon-tutorial-1.0.4/eclipse/plugins/org.eclipse.egit.ui_1.0.0.201106090707-r.jar
7ff44b944000-7ff44b949000 r-xp 00000000 08:17 809569                     /usr/lib64/gdk-pixbuf-2.0/2.10.0/loaders/libpixbufloader-png.so
7ff44b949000-7ff44bb48000 ---p 00005000 08:17 809569                     /usr/lib64/gdk-pixbuf-2.0/2.10.0/loaders/libpixbufloader-png.so
7ff44bb48000-7ff44bb49000 rwxp 00004000 08:17 809569                     /usr/lib64/gdk-pixbuf-2.0/2.10.0/loaders/libpixbufloader-png.so
7ff44bb49000-7ff44bbf9000 r-xp 00000000 08:17 686380                     /usr/share/fonts/TTF/DejaVuSans.ttf
7ff44bbf9000-7ff44bbfb000 r-xp 00000000 08:17 819185                     /usr/lib64/pango/1.6.0/modules/pango-basic-fc.so
7ff44bbfb000-7ff44bdfa000 ---p 00002000 08:17 819185                     /usr/lib64/pango/1.6.0/modules/pango-basic-fc.so
7ff44bdfa000-7ff44bdfb000 rwxp 00001000 08:17 819185                     /usr/lib64/pango/1.6.0/modules/pango-basic-fc.so
7ff44bdfb000-7ff44be00000 r-xp 00000000 08:17 823709                     /usr/lib64/libXtst.so.6.1.0
7ff44be00000-7ff44bfff000 ---p 00005000 08:17 823709                     /usr/lib64/libXtst.so.6.1.0
7ff44bfff000-7ff44c000000 rwxp 00004000 08:17 823709                     /usr/lib64/libXtst.so.6.1.0
7ff44c000000-7ff44c021000 rwxp 00000000 00:00 0 
7ff44c021000-7ff450000000 ---p 00000000 00:00 0 
7ff450000000-7ff4500cc000 rwxp 00000000 00:00 0 
7ff4500cc000-7ff454000000 ---p 00000000 00:00 0 
7ff454000000-7ff454035000 rwxp 00000000 00:00 0 
7ff454035000-7ff458000000 ---p 00000000 00:00 0 
7ff458000000-7ff458021000 rwxp 00000000 00:00 0 
7ff458021000-7ff45c000000 ---p 00000000 00:00 0 
7ff45c000000-7ff45c8b4000 rwxp 00000000 00:00 0 
7ff45c8b4000-7ff460000000 ---p 00000000 00:00 0 
7ff460000000-7ff460021000 rwxp 00000000 00:00 0 
7ff460021000-7ff464000000 ---p 00000000 00:00 0 
7ff464000000-7ff464082000 rwxp 00000000 00:00 0 
7ff464082000-7ff468000000 ---p 00000000 00:00 0 
7ff468000000-7ff468076000 rwxp 00000000 00:00 0 
7ff468076000-7ff46c000000 ---p 00000000 00:00 0 
7ff46c000000-7ff46c021000 rwxp 00000000 00:00 0 
7ff46c021000-7ff470000000 ---p 00000000 00:00 0 
7ff470018000-7ff47008c000 r-xp 00000000 08:0b 8390534                    /mnt/armazem/openflow/beacon/beacon-tutorial-1.0.4/eclipse/configuration/org.eclipse.osgi/bundles/239/1/.cp/libswt-pi-gtk-3735.so
7ff47008c000-7ff47018b000 ---p 00074000 08:0b 8390534                    /mnt/armazem/openflow/beacon/beacon-tutorial-1.0.4/eclipse/configuration/org.eclipse.osgi/bundles/239/1/.cp/libswt-pi-gtk-3735.so
7ff47018b000-7ff47018e000 rwxp 00073000 08:0b 8390534                    /mnt/armazem/openflow/beacon/beacon-tutorial-1.0.4/eclipse/configuration/org.eclipse.osgi/bundles/239/1/.cp/libswt-pi-gtk-3735.so
7ff47018e000-7ff470190000 rwxp 00000000 00:00 0 
7ff470190000-7ff47020e000 r-xp 00000000 08:0b 8390533                    /mnt/armazem/openflow/beacon/beacon-tutorial-1.0.4/eclipse/configuration/org.eclipse.osgi/bundles/239/1/.cp/libswt-gtk-3735.so
7ff47020e000-7ff47030d000 ---p 0007e000 08:0b 8390533                    /mnt/armazem/openflow/beacon/beacon-tutorial-1.0.4/eclipse/configuration/org.eclipse.osgi/bundles/239/1/.cp/libswt-gtk-3735.so
7ff47030d000-7ff470314000 rwxp 0007d000 08:0b 8390533                    /mnt/armazem/openflow/beacon/beacon-tutorial-1.0.4/eclipse/configuration/org.eclipse.osgi/bundles/239/1/.cp/libswt-gtk-3735.so
7ff470314000-7ff470317000 rwxp 00000000 00:00 0 
7ff47031f000-7ff47032f000 r-xs 00110000 08:0b 8389391                    /mnt/armazem/openflow/beacon/beacon-tutorial-1.0.4/eclipse/plugins/org.eclipse.pde.core_3.7.0.v20110603.jar
7ff47032f000-7ff470335000 r-xp 00000000 08:17 809579                     /usr/lib64/gdk-pixbuf-2.0/2.10.0/loaders/libpixbufloader-gif.so
7ff470335000-7ff470534000 ---p 00006000 08:17 809579                     /usr/lib64/gdk-pixbuf-2.0/2.10.0/loaders/libpixbufloader-gif.so
7ff470534000-7ff470535000 rwxp 00005000 08:17 809579                     /usr/lib64/gdk-pixbuf-2.0/2.10.0/loaders/libpixbufloader-gif.so
7ff470535000-7ff470538000 ---p 00000000 00:00 0 
7ff470538000-7ff470636000 rwxp 00000000 00:00 0                          [stack:8976]
7ff47063c000-7ff4706e1000 r-xp 00000000 08:17 686361                     /usr/share/fonts/TTF/DejaVuSans-Bold.ttf
7ff4706e1000-7ff4706e4000 ---p 00000000 00:00 0 
7ff4706e4000-7ff4707e2000 rwxp 00000000 00:00 0                          [stack:8974]
7ff4707e2000-7ff470829000 r-xs 003b2000 08:0b 8389108                    /mnt/armazem/openflow/beacon/beacon-tutorial-1.0.4/eclipse/plugins/org.eclipse.ui.workbench_3.7.0.I20110519-0100.jar
7ff470829000-7ff47082c000 ---p 00000000 00:00 0 
7ff47082c000-7ff47092a000 rwxp 00000000 00:00 0                          [stack:8975]
7ff470931000-7ff47093d000 r-xs 00081000 08:0b 8389376                    /mnt/armazem/openflow/beacon/beacon-tutorial-1.0.4/eclipse/plugins/org.eclipse.ui.editors_3.7.0.v20110517-0800.jar
7ff47093d000-7ff470948000 r-xs 000bb000 08:0b 8389885                    /mnt/armazem/openflow/beacon/beacon-tutorial-1.0.4/eclipse/plugins/org.eclipse.core.resources_3.7.100.v20110510-0712.jar
7ff470948000-7ff47095f000 r-xs 00000000 08:13 3548                       /var/cache/fontconfig/8d4af663993b81a124ee82e610bb31f9-le64.cache-3
7ff47095f000-7ff47096e000 r-xs 00000000 08:13 3513                       /var/cache/fontconfig/d62e99ef547d1d24cdb1bd22ec1a2976-le64.cache-3
7ff47096e000-7ff470992000 r-xs 00000000 08:13 3474                       /var/cache/fontconfig/f6b893a7224233d96cb72fd88691c0b4-le64.cache-3
7ff470992000-7ff470995000 ---p 00000000 00:00 0 
7ff470995000-7ff470a93000 rwxp 00000000 00:00 0                          [stack:8973]
7ff470a93000-7ff470a96000 ---p 00000000 00:00 0 
7ff470a96000-7ff470b94000 rwxp 00000000 00:00 0                          [stack:8972]
7ff470b94000-7ff470b9d000 r-xs 0005b000 08:0b 8389274                    /mnt/armazem/openflow/beacon/beacon-tutorial-1.0.4/eclipse/plugins/org.eclipse.mylyn.tasks.core_3.6.0.v20110608-1400.jar
7ff470b9d000-7ff470ba4000 r-xs 00000000 08:13 2738                       /var/cache/fontconfig/f349e9996a5320f6dd491cedd2b1f964-le64.cache-3
7ff470ba4000-7ff470be0000 r-xs 00626000 08:0b 8389430                    /mnt/armazem/openflow/beacon/beacon-tutorial-1.0.4/eclipse/plugins/com.ibm.icu_4.4.2.v20110208.jar
7ff470be0000-7ff470be3000 ---p 00000000 00:00 0 
7ff470be3000-7ff470ce1000 rwxp 00000000 00:00 0                          [stack:8969]
7ff470ce1000-7ff470ce6000 r-xs 001d2000 08:0b 8389047                    /mnt/armazem/openflow/beacon/beacon-tutorial-1.0.4/eclipse/plugins/org.eclipse.mylyn.help.ui_3.6.0.v20110608-1400.jar
7ff470cf1000-7ff470cf9000 r-xs 00115000 08:12 8452                       /opt/jdk1.6.0_45/jre/lib/resources.jar
7ff470cf9000-7ff470d01000 r-xs 0004d000 08:0b 8389417                    /mnt/armazem/openflow/beacon/beacon-tutorial-1.0.4/eclipse/plugins/org.eclipse.debug.core_3.7.0.v20110518.jar
7ff470d01000-7ff470d14000 r-xs 000dd000 08:0b 8389275                    /mnt/armazem/openflow/beacon/beacon-tutorial-1.0.4/eclipse/plugins/org.eclipse.jface.text_3.7.0.v20110505-0800.jar
7ff470d14000-7ff470d3c000 r-xs 00214000 08:0b 8389112                    /mnt/armazem/openflow/beacon/beacon-tutorial-1.0.4/eclipse/plugins/org.eclipse.ui.ide_3.7.0.I20110519-0100.jar
7ff470d3c000-7ff470d43000 r-xs 00328000 08:0b 8389411                    /mnt/armazem/openflow/beacon/beacon-tutorial-1.0.4/eclipse/plugins/org.eclipse.egit.doc_1.0.0.201106090707-r.jar
7ff470d43000-7ff470d49000 r-xs 00046000 08:0b 8389247                    /mnt/armazem/openflow/beacon/beacon-tutorial-1.0.4/eclipse/plugins/org.eclipse.ui.intro_3.4.100.v20110425.jar
7ff470d49000-7ff470d52000 r-xs 00058000 08:0b 8389400                    /mnt/armazem/openflow/beacon/beacon-tutorial-1.0.4/eclipse/plugins/org.eclipse.team.core_3.6.0.I20110525-0800.jar
7ff470d52000-7ff470d64000 r-xp 00000000 08:17 426320                     /usr/local/share/icons/hicolor/icon-theme.cache
7ff470d64000-7ff470d68000 r-xs 00047000 08:0b 8389156                    /mnt/armazem/openflow/beacon/beacon-tutorial-1.0.4/eclipse/plugins/org.eclipse.jdt.launching_3.6.0.v20110509.jar
7ff470d68000-7ff470d74000 r-xs 00083000 08:0b 8389197                    /mnt/armazem/openflow/beacon/beacon-tutorial-1.0.4/eclipse/plugins/org.eclipse.ui.workbench.texteditor_3.7.0.v20110505-0800.jar
7ff470d74000-7ff470d77000 r-xs 00019000 08:0b 8389383                    /mnt/armazem/openflow/beacon/beacon-tutorial-1.0.4/eclipse/plugins/org.eclipse.pde.launching_3.6.0.v20110506.jar
7ff470d77000-7ff470d81000 r-xs 00069000 08:0b 8389897                    /mnt/armazem/openflow/beacon/beacon-tutorial-1.0.4/eclipse/plugins/org.eclipse.search_3.7.0.v20110505-0800.jar
7ff470d84000-7ff470d8b000 r-xs 00038000 08:0b 8389028                    /mnt/armazem/openflow/beacon/beacon-tutorial-1.0.4/eclipse/plugins/org.eclipse.mylyn.context.ui_3.6.0.v20110608-1400.jar
7ff470d8b000-7ff470d91000 r-xs 00044000 08:0b 8389419                    /mnt/armazem/openflow/beacon/beacon-tutorial-1.0.4/eclipse/plugins/org.eclipse.ui.forms_3.5.100.v20110425.jar
7ff470d92000-7ff470d99000 r-xs 0004c000 08:0b 8388961                    /mnt/armazem/openflow/beacon/beacon-tutorial-1.0.4/eclipse/plugins/org.eclipse.equinox.p2.metadata_2.1.0.v20110510.jar
7ff470d99000-7ff470d9f000 r-xs 00039000 08:0b 8389235                    /mnt/armazem/openflow/beacon/beacon-tutorial-1.0.4/eclipse/plugins/org.eclipse.mylyn.bugzilla.ui_3.6.0.v20110608-1400.jar
7ff470da0000-7ff470da4000 r-xs 00017000 08:0b 8389135                    /mnt/armazem/openflow/beacon/beacon-tutorial-1.0.4/eclipse/plugins/org.eclipse.core.commands_3.6.0.I20110111-0800.jar
7ff470da4000-7ff470dae000 r-xs 00058000 08:0b 8389902                    /mnt/armazem/openflow/beacon/beacon-tutorial-1.0.4/eclipse/plugins/org.eclipse.mylyn.commons.ui_3.6.0.v20110608-1400.jar
7ff470dae000-7ff470db5000 r-xs 00096000 08:12 8450                       /opt/jdk1.6.0_45/jre/lib/jsse.jar
7ff470dbb000-7ff470dbe000 r-xp 00000000 08:17 677487                     /usr/share/locale/pt_BR/LC_MESSAGES/atk10.mo
7ff470dbe000-7ff470dc1000 r-xs 00019000 08:0b 8388972                    /mnt/armazem/openflow/beacon/beacon-tutorial-1.0.4/eclipse/plugins/org.eclipse.mylyn.context.core_3.6.0.v20110608-1400.jar
7ff470dc1000-7ff470dc4000 r-xs 00013000 08:12 8464                       /opt/jdk1.6.0_45/jre/lib/jce.jar
7ff470dc6000-7ff470de7000 r-xs 00175000 08:0b 8389189                    /mnt/armazem/openflow/beacon/beacon-tutorial-1.0.4/eclipse/plugins/org.eclipse.mylyn.tasks.ui_3.6.0.v20110608-1400.jar
7ff470de7000-7ff470de9000 r-xs 00017000 08:0b 8388895                    /mnt/armazem/openflow/beacon/beacon-tutorial-1.0.4/eclipse/plugins/org.eclipse.update.configurator_3.3.100.v20100512.jar
7ff470de9000-7ff470deb000 r-xs 00008000 08:0b 8389240                    /mnt/armazem/openflow/beacon/beacon-tutorial-1.0.4/eclipse/plugins/org.eclipse.mylyn.commons.core_3.6.0.v20110608-1400.jar
7ff470deb000-7ff470dee000 rwxs 00000000 00:04 9437233                    /SYSV00000000 (deleted)
7ff470dee000-7ff470df0000 r-xs 00008000 08:0b 8389176                    /mnt/armazem/openflow/beacon/beacon-tutorial-1.0.4/eclipse/plugins/org.eclipse.mylyn.monitor.core_3.6.0.v20110608-1400.jar
7ff470df0000-7ff470df2000 r-xs 00008000 08:0b 8389399                    /mnt/armazem/openflow/beacon/beacon-tutorial-1.0.4/eclipse/plugins/org.eclipse.mylyn.commons.identity_0.8.0.v20110608-1400.jar
7ff470df2000-7ff470df4000 r-xs 00011000 08:0b 8388957                    /mnt/armazem/openflow/beacon/beacon-tutorial-1.0.4/eclipse/plugins/org.eclipse.equinox.util_1.0.300.v20110502.jar
7ff470df4000-7ff470df7000 r-xs 00015000 08:0b 8388963                    /mnt/armazem/openflow/beacon/beacon-tutorial-1.0.4/eclipse/plugins/org.eclipse.equinox.p2.director_2.1.0.v20110504-1715.jar
7ff470df7000-7ff470dfd000 r-xs 00039000 08:0b 8388942                    /mnt/armazem/openflow/beacon/beacon-tutorial-1.0.4/eclipse/plugins/org.eclipse.epp.mpc.ui_1.1.0.I20110525-0742.jar
7ff470dfd000-7ff470e00000 ---p 00000000 00:00 0 
7ff470e00000-7ff470efe000 rwxp 00000000 00:00 0                          [stack:8968]
7ff470efe000-7ff470f01000 ---p 00000000 00:00 0 
7ff470f01000-7ff470fff000 rwxp 00000000 00:00 0                          [stack:8966]
7ff470fff000-7ff471002000 ---p 00000000 00:00 0 
7ff471002000-7ff471100000 rwxp 00000000 00:00 0                          [stack:8987]
7ff471100000-7ff471103000 ---p 00000000 00:00 0 
7ff471103000-7ff471201000 rwxp 00000000 00:00 0                          [stack:8964]
7ff471201000-7ff471208000 r-xp 00000000 08:12 9153                       /opt/jdk1.6.0_45/jre/lib/amd64/libnio.so
7ff471208000-7ff471307000 ---p 00007000 08:12 9153                       /opt/jdk1.6.0_45/jre/lib/amd64/libnio.so
7ff471307000-7ff471309000 rwxp 00006000 08:12 9153                       /opt/jdk1.6.0_45/jre/lib/amd64/libnio.so
7ff471309000-7ff47131c000 r-xp 00000000 08:12 9158                       /opt/jdk1.6.0_45/jre/lib/amd64/libnet.so
7ff47131c000-7ff47141d000 ---p 00013000 08:12 9158                       /opt/jdk1.6.0_45/jre/lib/amd64/libnet.so
7ff47141d000-7ff471420000 rwxp 00014000 08:12 9158                       /opt/jdk1.6.0_45/jre/lib/amd64/libnet.so
7ff471420000-7ff471423000 r-xp 00000000 08:17 809587                     /usr/lib64/gdk-pixbuf-2.0/2.10.0/loaders/libpixbufloader-bmp.so
7ff471423000-7ff471623000 ---p 00003000 08:17 809587                     /usr/lib64/gdk-pixbuf-2.0/2.10.0/loaders/libpixbufloader-bmp.so
7ff471623000-7ff471624000 rwxp 00003000 08:17 809587                     /usr/lib64/gdk-pixbuf-2.0/2.10.0/loaders/libpixbufloader-bmp.so
7ff471624000-7ff471626000 r-xp 00000000 08:17 782138                     /usr/lib64/gconv/ISO8859-1.so
7ff471626000-7ff471825000 ---p 00002000 08:17 782138                     /usr/lib64/gconv/ISO8859-1.so
7ff471825000-7ff471826000 r-xp 00001000 08:17 782138                     /usr/lib64/gconv/ISO8859-1.so
7ff471826000-7ff471827000 rwxp 00002000 08:17 782138                     /usr/lib64/gconv/ISO8859-1.so
7ff471827000-7ff471837000 r-xp 00000000 08:17 817873                     /usr/lib64/gio/modules/libgioremote-volume-monitor.so
7ff471837000-7ff471a37000 ---p 00010000 08:17 817873                     /usr/lib64/gio/modules/libgioremote-volume-monitor.so
7ff471a37000-7ff471a38000 rwxp 00010000 08:17 817873                     /usr/lib64/gio/modules/libgioremote-volume-monitor.so
7ff471a38000-7ff471a3a000 r-xp 00000000 08:11 10597                      /lib64/libutil-2.15.so
7ff471a3a000-7ff471c39000 ---p 00002000 08:11 10597                      /lib64/libutil-2.15.so
7ff471c39000-7ff471c3a000 r-xp 00001000 08:11 10597                      /lib64/libutil-2.15.so
7ff471c3a000-7ff471c3b000 rwxp 00002000 08:11 10597                      /lib64/libutil-2.15.so
7ff471c3b000-7ff471c48000 r-xp 00000000 08:11 15102                      /lib64/libudev.so.0.13.1
7ff471c48000-7ff471e47000 ---p 0000d000 08:11 15102                      /lib64/libudev.so.0.13.1
7ff471e47000-7ff471e48000 rwxp 0000c000 08:11 15102                      /lib64/libudev.so.0.13.1
7ff471e48000-7ff471e8b000 r-xp 00000000 08:17 782038                     /usr/lib64/libdbus-1.so.3.5.9
7ff471e8b000-7ff47208a000 ---p 00043000 08:17 782038                     /usr/lib64/libdbus-1.so.3.5.9
7ff47208a000-7ff47208b000 rwxp 00042000 08:17 782038                     /usr/lib64/libdbus-1.so.3.5.9
7ff47208b000-7ff47208c000 rwxp 00000000 00:00 0 
7ff47208c000-7ff4720a3000 r-xp 00000000 08:17 817872                     /usr/lib64/libgvfscommon.so.0.0.0
7ff4720a3000-7ff4722a3000 ---p 00017000 08:17 817872                     /usr/lib64/libgvfscommon.so.0.0.0
7ff4722a3000-7ff4722a4000 rwxp 00017000 08:17 817872                     /usr/lib64/libgvfscommon.so.0.0.0
7ff4722a4000-7ff4722cd000 r-xp 00000000 08:17 817874                     /usr/lib64/gio/modules/libgvfsdbus.so
7ff4722cd000-7ff4724cc000 ---p 00029000 08:17 817874                     /usr/lib64/gio/modules/libgvfsdbus.so
7ff4724cc000-7ff4724ce000 rwxp 00028000 08:17 817874                     /usr/lib64/gio/modules/libgvfsdbus.so
7ff4724ce000-7ff472613000 r-xp 00000000 08:17 824509                     /usr/lib64/gtk-2.0/2.10.0/engines/liboxygen-gtk.so
7ff472613000-7ff472812000 ---p 00145000 08:17 824509                     /usr/lib64/gtk-2.0/2.10.0/engines/liboxygen-gtk.so
7ff472812000-7ff47281b000 rwxp 00144000 08:17 824509                     /usr/lib64/gtk-2.0/2.10.0/engines/liboxygen-gtk.so
7ff47281b000-7ff47281c000 rwxp 00000000 00:00 0 
7ff47281c000-7ff47283b000 r-xp 00000000 08:17 809148                     /usr/lib64/libatk-1.0.so.0.20409.1
7ff47283b000-7ff472a3b000 ---p 0001f000 08:17 809148                     /usr/lib64/libatk-1.0.so.0.20409.1
7ff472a3b000-7ff472a3e000 rwxp 0001f000 08:17 809148                     /usr/lib64/libatk-1.0.so.0.20409.1
7ff472a3e000-7ff472e62000 r-xp 00000000 08:17 817740                     /usr/lib64/libgtk-x11-2.0.so.0.2400.10
7ff472e62000-7ff473062000 ---p 00424000 08:17 817740                     /usr/lib64/libgtk-x11-2.0.so.0.2400.10
7ff473062000-7ff47306d000 rwxp 00424000 08:17 817740                     /usr/lib64/libgtk-x11-2.0.so.0.2400.10
7ff47306d000-7ff47306f000 rwxp 00000000 00:00 0 
7ff47306f000-7ff473084000 r-xp 00000000 08:17 781859                     /usr/lib64/libgcc_s.so.1
7ff473084000-7ff473283000 ---p 00015000 08:17 781859                     /usr/lib64/libgcc_s.so.1
7ff473283000-7ff473284000 rwxp 00014000 08:17 781859                     /usr/lib64/libgcc_s.so.1
7ff473284000-7ff473289000 r-xp 00000000 08:17 823623                     /usr/lib64/libXdmcp.so.6.0.0
7ff473289000-7ff473488000 ---p 00005000 08:17 823623                     /usr/lib64/libXdmcp.so.6.0.0
7ff473488000-7ff473489000 rwxp 00004000 08:17 823623                     /usr/lib64/libXdmcp.so.6.0.0
7ff473489000-7ff47348b000 r-xp 00000000 08:17 823578                     /usr/lib64/libXau.so.6.0.0
7ff47348b000-7ff47368b000 ---p 00002000 08:17 823578                     /usr/lib64/libXau.so.6.0.0
7ff47368b000-7ff47368c000 rwxp 00002000 08:17 823578                     /usr/lib64/libXau.so.6.0.0
7ff47368c000-7ff4736a9000 r-xp 00000000 08:17 823794                     /usr/lib64/libxcb.so.1.1.0
7ff4736a9000-7ff4738a9000 ---p 0001d000 08:17 823794                     /usr/lib64/libxcb.so.1.1.0
7ff4738a9000-7ff4738aa000 rwxp 0001d000 08:17 823794                     /usr/lib64/libxcb.so.1.1.0
7ff4738aa000-7ff4739dc000 r-xp 00000000 08:17 823566                     /usr/lib64/libX11.so.6.3.0
7ff4739dc000-7ff473bdc000 ---p 00132000 08:17 823566                     /usr/lib64/libX11.so.6.3.0
7ff473bdc000-7ff473be2000 rwxp 00132000 08:17 823566                     /usr/lib64/libX11.so.6.3.0
7ff473be2000-7ff473bf6000 r-xp 00000000 08:11 65                         /lib64/libz.so.1.2.6
7ff473bf6000-7ff473df6000 ---p 00014000 08:11 65                         /lib64/libz.so.1.2.6
7ff473df6000-7ff473df7000 rwxp 00014000 08:11 65                         /lib64/libz.so.1.2.6
7ff473df7000-7ff473e00000 r-xp 00000000 08:17 823695                     /usr/lib64/libXrender.so.1.3.0
7ff473e00000-7ff473fff000 ---p 00009000 08:17 823695                     /usr/lib64/libXrender.so.1.3.0
7ff473fff000-7ff474000000 rwxp 00008000 08:17 823695                     /usr/lib64/libXrender.so.1.3.0
7ff474000000-7ff474021000 rwxp 00000000 00:00 0 
7ff474021000-7ff478000000 ---p 00000000 00:00 0 
7ff478000000-7ff478002000 r-xs 0000b000 08:0b 8389154                    /mnt/armazem/openflow/beacon/beacon-tutorial-1.0.4/eclipse/plugins/org.eclipse.mylyn.monitor.ui_3.6.0.v20110608-1400.jar
7ff478002000-7ff478004000 r-xs 00010000 08:0b 8389209                    /mnt/armazem/openflow/beacon/beacon-tutorial-1.0.4/eclipse/plugins/org.eclipse.pde_3.6.100.v201106131736.jar
7ff478004000-7ff478006000 r-xs 00008000 08:0b 8389145                    /mnt/armazem/openflow/beacon/beacon-tutorial-1.0.4/eclipse/plugins/org.eclipse.equinox.p2.transport.ecf_1.0.0.v20110510.jar
7ff478006000-7ff478009000 r-xs 0000f000 08:0b 8389352                    /mnt/armazem/openflow/beacon/beacon-tutorial-1.0.4/eclipse/plugins/org.eclipse.equinox.p2.core_2.1.0.v20110502-1955.jar
7ff478009000-7ff47800c000 r-xs 0002c000 08:0b 8389213                    /mnt/armazem/openflow/beacon/beacon-tutorial-1.0.4/eclipse/plugins/org.eclipse.equinox.ds_1.3.0.v20110502.jar
7ff47800c000-7ff478010000 r-xs 0003b000 08:0b 8389414                    /mnt/armazem/openflow/beacon/beacon-tutorial-1.0.4/eclipse/plugins/org.eclipse.help_3.5.100.v20110426.jar
7ff478010000-7ff478019000 r-xs 00040000 08:0b 8388913                    /mnt/armazem/openflow/beacon/beacon-tutorial-1.0.4/eclipse/plugins/org.eclipse.core.databinding.observable_1.4.0.I20110222-0800.jar
7ff478019000-7ff478034000 r-xs 00145000 08:0b 8389397                    /mnt/armazem/openflow/beacon/beacon-tutorial-1.0.4/eclipse/plugins/org.eclipse.team.ui_3.6.100.I20110525-0800.jar
7ff478034000-7ff47803e000 r-xs 00085000 08:0b 8388931                    /mnt/armazem/openflow/beacon/beacon-tutorial-1.0.4/eclipse/plugins/org.eclipse.team.cvs.core_3.3.400.I20110510-0800.jar
7ff47803e000-7ff478063000 r-xp 00000000 08:17 781841                     /usr/lib64/libpng14.so.14.12.0
7ff478063000-7ff478262000 ---p 00025000 08:17 781841                     /usr/lib64/libpng14.so.14.12.0
7ff478262000-7ff478263000 rwxp 00024000 08:17 781841                     /usr/lib64/libpng14.so.14.12.0
7ff478263000-7ff4782e9000 r-xp 00000000 08:17 781862                     /usr/lib64/libfreetype.so.6.9.0
7ff4782e9000-7ff4784e9000 ---p 00086000 08:17 781862                     /usr/lib64/libfreetype.so.6.9.0
7ff4784e9000-7ff4784ef000 rwxp 00086000 08:17 781862                     /usr/lib64/libfreetype.so.6.9.0
7ff4784ef000-7ff478516000 r-xp 00000000 08:17 781869                     /usr/lib64/libexpat.so.1.5.2
7ff478516000-7ff478715000 ---p 00027000 08:17 781869                     /usr/lib64/libexpat.so.1.5.2
7ff478715000-7ff478718000 rwxp 00026000 08:17 781869                     /usr/lib64/libexpat.so.1.5.2
7ff478718000-7ff47874c000 r-xp 00000000 08:17 823529                     /usr/lib64/libfontconfig.so.1.5.0
7ff47874c000-7ff47894c000 ---p 00034000 08:17 823529                     /usr/lib64/libfontconfig.so.1.5.0
7ff47894c000-7ff47894e000 rwxp 00034000 08:17 823529                     /usr/lib64/libfontconfig.so.1.5.0
7ff47894e000-7ff4789ce000 r-xp 00000000 08:17 823948                     /usr/lib64/libpixman-1.so.0.26.2
7ff4789ce000-7ff478bcd000 ---p 00080000 08:17 823948                     /usr/lib64/libpixman-1.so.0.26.2
7ff478bcd000-7ff478bd3000 rwxp 0007f000 08:17 823948                     /usr/lib64/libpixman-1.so.0.26.2
7ff478bd3000-7ff478c7c000 r-xp 00000000 08:17 809258                     /usr/lib64/libcairo.so.2.11000.2
7ff478c7c000-7ff478e7c000 ---p 000a9000 08:17 809258                     /usr/lib64/libcairo.so.2.11000.2
7ff478e7c000-7ff478e7e000 rwxp 000a9000 08:17 809258                     /usr/lib64/libcairo.so.2.11000.2
7ff478e7e000-7ff478e81000 rwxp 00000000 00:00 0 
7ff478e81000-7ff478e97000 r-xp 00000000 08:11 10594                      /lib64/libresolv-2.15.so
7ff478e97000-7ff479097000 ---p 00016000 08:11 10594                      /lib64/libresolv-2.15.so
7ff479097000-7ff479098000 r-xp 00016000 08:11 10594                      /lib64/libresolv-2.15.so
7ff479098000-7ff479099000 rwxp 00017000 08:11 10594                      /lib64/libresolv-2.15.so
7ff479099000-7ff47909b000 rwxp 00000000 00:00 0 
7ff47909b000-7ff47909e000 r-xp 00000000 08:17 781864                     /usr/lib64/libgmodule-2.0.so.0.3200.4
7ff47909e000-7ff47929d000 ---p 00003000 08:17 781864                     /usr/lib64/libgmodule-2.0.so.0.3200.4
7ff47929d000-7ff47929e000 rwxp 00002000 08:17 781864                     /usr/lib64/libgmodule-2.0.so.0.3200.4
7ff47929e000-7ff4793e4000 r-xp 00000000 08:17 810078                     /usr/lib64/libgio-2.0.so.0.3200.4
7ff4793e4000-7ff4795e3000 ---p 00146000 08:17 810078                     /usr/lib64/libgio-2.0.so.0.3200.4
7ff4795e3000-7ff4795e9000 rwxp 00145000 08:17 810078                     /usr/lib64/libgio-2.0.so.0.3200.4
7ff4795e9000-7ff4795ea000 rwxp 00000000 00:00 0 
7ff4795ea000-7ff479608000 r-xp 00000000 08:17 809554                     /usr/lib64/libgdk_pixbuf-2.0.so.0.2600.1
7ff479608000-7ff479808000 ---p 0001e000 08:17 809554                     /usr/lib64/libgdk_pixbuf-2.0.so.0.2600.1
7ff479808000-7ff479809000 rwxp 0001e000 08:17 809554                     /usr/lib64/libgdk_pixbuf-2.0.so.0.2600.1
7ff479809000-7ff47980e000 r-xp 00000000 08:17 823639                     /usr/lib64/libXfixes.so.3.1.0
7ff47980e000-7ff479a0e000 ---p 00005000 08:17 823639                     /usr/lib64/libXfixes.so.3.1.0
7ff479a0e000-7ff479a0f000 rwxp 00005000 08:17 823639                     /usr/lib64/libXfixes.so.3.1.0
7ff479a0f000-7ff479a11000 r-xp 00000000 08:17 823620                     /usr/lib64/libXdamage.so.1.1.0
7ff479a11000-7ff479c10000 ---p 00002000 08:17 823620                     /usr/lib64/libXdamage.so.1.1.0
7ff479c10000-7ff479c11000 rwxp 00001000 08:17 823620                     /usr/lib64/libXdamage.so.1.1.0
7ff479c11000-7ff479c13000 r-xp 00000000 08:17 823609                     /usr/lib64/libXcomposite.so.1.0.0
7ff479c13000-7ff479e12000 ---p 00002000 08:17 823609                     /usr/lib64/libXcomposite.so.1.0.0
7ff479e12000-7ff479e13000 rwxp 00001000 08:17 823609                     /usr/lib64/libXcomposite.so.1.0.0
7ff479e13000-7ff479e1c000 r-xp 00000000 08:17 823614                     /usr/lib64/libXcursor.so.1.0.2
7ff479e1c000-7ff47a01c000 ---p 00009000 08:17 823614                     /usr/lib64/libXcursor.so.1.0.2
7ff47a01c000-7ff47a01d000 rwxp 00009000 08:17 823614                     /usr/lib64/libXcursor.so.1.0.2
7ff47a01d000-7ff47a02d000 r-xp 00000000 08:17 823635                     /usr/lib64/libXext.so.6.4.0
7ff47a02d000-7ff47a22d000 ---p 00010000 08:17 823635                     /usr/lib64/libXext.so.6.4.0
7ff47a22d000-7ff47a22e000 rwxp 00010000 08:17 823635                     /usr/lib64/libXext.so.6.4.0
7ff47a22e000-7ff47a235000 r-xp 00000000 08:17 823689                     /usr/lib64/libXrandr.so.2.2.0
7ff47a235000-7ff47a435000 ---p 00007000 08:17 823689                     /usr/lib64/libXrandr.so.2.2.0
7ff47a435000-7ff47a436000 rwxp 00007000 08:17 823689                     /usr/lib64/libXrandr.so.2.2.0
7ff47a436000-7ff47a444000 r-xp 00000000 08:17 823660                     /usr/lib64/libXi.so.6.1.0
7ff47a444000-7ff47a643000 ---p 0000e000 08:17 823660                     /usr/lib64/libXi.so.6.1.0
7ff47a643000-7ff47a644000 rwxp 0000d000 08:17 823660                     /usr/lib64/libXi.so.6.1.0
7ff47a644000-7ff47a646000 r-xp 00000000 08:17 823665                     /usr/lib64/libXinerama.so.1.0.0
7ff47a646000-7ff47a845000 ---p 00002000 08:17 823665                     /usr/lib64/libXinerama.so.1.0.0
7ff47a845000-7ff47a846000 rwxp 00001000 08:17 823665                     /usr/lib64/libXinerama.so.1.0.0
7ff47a846000-7ff47a855000 r-xp 00000000 08:11 58                         /lib64/libbz2.so.1.0.6
7ff47a855000-7ff47aa54000 ---p 0000f000 08:11 58                         /lib64/libbz2.so.1.0.6
7ff47aa54000-7ff47aa56000 rwxp 0000e000 08:11 58                         /lib64/libbz2.so.1.0.6
7ff47aa56000-7ff47aa9e000 r-xp 00000000 08:17 819200                     /usr/lib64/libpango-1.0.so.0.3000.1
7ff47aa9e000-7ff47ac9e000 ---p 00048000 08:17 819200                     /usr/lib64/libpango-1.0.so.0.3000.1
7ff47ac9e000-7ff47aca1000 rwxp 00048000 08:17 819200                     /usr/lib64/libpango-1.0.so.0.3000.1
7ff47aca1000-7ff47ad84000 r-xp 00000000 08:17 782028                     /usr/lib64/libstdc++.so.6.0.17
7ff47ad84000-7ff47af83000 ---p 000e3000 08:17 782028                     /usr/lib64/libstdc++.so.6.0.17
7ff47af83000-7ff47af8b000 r-xp 000e2000 08:17 782028                     /usr/lib64/libstdc++.so.6.0.17
7ff47af8b000-7ff47af8d000 rwxp 000ea000 08:17 782028                     /usr/lib64/libstdc++.so.6.0.17
7ff47af8d000-7ff47afa2000 rwxp 00000000 00:00 0 
7ff47afa2000-7ff47afcd000 r-xp 00000000 08:17 819166                     /usr/lib64/libpangoft2-1.0.so.0.3000.1
7ff47afcd000-7ff47b1cd000 ---p 0002b000 08:17 819166                     /usr/lib64/libpangoft2-1.0.so.0.3000.1
7ff47b1cd000-7ff47b1ce000 rwxp 0002b000 08:17 819166                     /usr/lib64/libpangoft2-1.0.so.0.3000.1
7ff47b1ce000-7ff47b1da000 r-xp 00000000 08:17 819194                     /usr/lib64/libpangocairo-1.0.so.0.3000.1
7ff47b1da000-7ff47b3d9000 ---p 0000c000 08:17 819194                     /usr/lib64/libpangocairo-1.0.so.0.3000.1
7ff47b3d9000-7ff47b3da000 rwxp 0000b000 08:17 819194                     /usr/lib64/libpangocairo-1.0.so.0.3000.1
7ff47b3da000-7ff47b487000 r-xp 00000000 08:17 817734                     /usr/lib64/libgdk-x11-2.0.so.0.2400.10
7ff47b487000-7ff47b687000 ---p 000ad000 08:17 817734                     /usr/lib64/libgdk-x11-2.0.so.0.2400.10
7ff47b687000-7ff47b68c000 rwxp 000ad000 08:17 817734                     /usr/lib64/libgdk-x11-2.0.so.0.2400.10
7ff47b68c000-7ff47b693000 r-xp 00000000 08:17 818326                     /usr/lib64/libffi.so.6.0.0
7ff47b693000-7ff47b893000 ---p 00007000 08:17 818326                     /usr/lib64/libffi.so.6.0.0
7ff47b893000-7ff47b894000 rwxp 00007000 08:17 818326                     /usr/lib64/libffi.so.6.0.0
7ff47b894000-7ff47b9b0000 r-xp 00000000 08:17 781861                     /usr/lib64/libglib-2.0.so.0.3200.4
7ff47b9b0000-7ff47bbb0000 ---p 0011c000 08:17 781861                     /usr/lib64/libglib-2.0.so.0.3200.4
7ff47bbb0000-7ff47bbb2000 rwxp 0011c000 08:17 781861                     /usr/lib64/libglib-2.0.so.0.3200.4
7ff47bbb2000-7ff47bbb3000 r-xp 00000000 08:17 781873                     /usr/lib64/libgthread-2.0.so.0.3200.4
7ff47bbb3000-7ff47bdb2000 ---p 00001000 08:17 781873                     /usr/lib64/libgthread-2.0.so.0.3200.4
7ff47bdb2000-7ff47bdb3000 rwxp 00000000 08:17 781873                     /usr/lib64/libgthread-2.0.so.0.3200.4
7ff47bdb3000-7ff47bdfe000 r-xp 00000000 08:17 781876                     /usr/lib64/libgobject-2.0.so.0.3200.4
7ff47bdfe000-7ff47bffe000 ---p 0004b000 08:17 781876                     /usr/lib64/libgobject-2.0.so.0.3200.4
7ff47bffe000-7ff47c000000 rwxp 0004b000 08:17 781876                     /usr/lib64/libgobject-2.0.so.0.3200.4
7ff47c000000-7ff47e2fb000 rwxp 00000000 00:00 0 
7ff47e2fb000-7ff480000000 ---p 00000000 00:00 0 
7ff480000000-7ff480021000 rwxp 00000000 00:00 0 
7ff480021000-7ff484000000 ---p 00000000 00:00 0 
7ff484000000-7ff484021000 rwxp 00000000 00:00 0 
7ff484021000-7ff488000000 ---p 00000000 00:00 0 
7ff488000000-7ff48a5fb000 rwxp 00000000 00:00 0 
7ff48a5fb000-7ff48c000000 ---p 00000000 00:00 0 
7ff48c000000-7ff48c021000 rwxp 00000000 00:00 0 
7ff48c021000-7ff490000000 ---p 00000000 00:00 0 
7ff490000000-7ff490021000 rwxp 00000000 00:00 0 
7ff490021000-7ff494000000 ---p 00000000 00:00 0 
7ff494000000-7ff494021000 rwxp 00000000 00:00 0 
7ff494021000-7ff498000000 ---p 00000000 00:00 0 
7ff498000000-7ff4980c2000 rwxp 00000000 00:00 0 
7ff4980c2000-7ff49c000000 ---p 00000000 00:00 0 
7ff49c000000-7ff49c021000 rwxp 00000000 00:00 0 
7ff49c021000-7ff4a0000000 ---p 00000000 00:00 0 
7ff4a0000000-7ff4a0021000 rwxp 00000000 00:00 0 
7ff4a0021000-7ff4a4000000 ---p 00000000 00:00 0 
7ff4a4000000-7ff4a4021000 rwxp 00000000 00:00 0 
7ff4a4021000-7ff4a8000000 ---p 00000000 00:00 0 
7ff4a8000000-7ff4a8002000 r-xs 00009000 08:0b 8388919                    /mnt/armazem/openflow/beacon/beacon-tutorial-1.0.4/eclipse/plugins/org.eclipse.jdt_3.7.0.v201106131736.jar
7ff4a8002000-7ff4a8007000 r-xs 00021000 08:0b 8389239                    /mnt/armazem/openflow/beacon/beacon-tutorial-1.0.4/eclipse/plugins/org.eclipse.ui_3.7.0.I20110602-0100.jar
7ff4a8007000-7ff4a800b000 r-xs 00034000 08:0b 8389424                    /mnt/armazem/openflow/beacon/beacon-tutorial-1.0.4/eclipse/plugins/com.jcraft.jsch_0.1.41.v201101211617.jar
7ff4a800e000-7ff4a8010000 r-xs 00017000 08:0b 8389906                    /mnt/armazem/openflow/beacon/beacon-tutorial-1.0.4/eclipse/plugins/org.eclipse.equinox.p2.publisher_1.2.0.v20110511.jar
7ff4a8010000-7ff4a8014000 r-xs 00024000 08:0b 8389241                    /mnt/armazem/openflow/beacon/beacon-tutorial-1.0.4/eclipse/plugins/org.eclipse.ui.console_3.5.100.v20110511.jar
7ff4a8014000-7ff4a8029000 r-xs 0024a000 08:0b 8389142                    /mnt/armazem/openflow/beacon/beacon-tutorial-1.0.4/eclipse/plugins/org.eclipse.swt.gtk.linux.x86_64_3.7.0.v3735b.jar
7ff4a8029000-7ff4a803d000 r-xs 000f3000 08:0b 8389269                    /mnt/armazem/openflow/beacon/beacon-tutorial-1.0.4/eclipse/plugins/org.eclipse.jface_3.7.0.I20110522-1430.jar
7ff4a803d000-7ff4a803f000 r-xs 00001000 08:0b 8389911                    /mnt/armazem/openflow/beacon/beacon-tutorial-1.0.4/eclipse/plugins/org.eclipse.ui.workbench.compatibility_3.2.100.I20110413-1600/compatibility.jar
7ff4a803f000-7ff4a8041000 r-xs 00008000 08:0b 8388916                    /mnt/armazem/openflow/beacon/beacon-tutorial-1.0.4/eclipse/plugins/org.eclipse.equinox.simpleconfigurator_1.0.200.v20110502-1955.jar
7ff4a8041000-7ff4a804b000 r-xs 00088000 08:0b 8389056                    /mnt/armazem/openflow/beacon/beacon-tutorial-1.0.4/eclipse/plugins/org.eclipse.update.core_3.2.500.v20110330.jar
7ff4a804b000-7ff4a804f000 r-xs 0001e000 08:0b 8388926                    /mnt/armazem/openflow/beacon/beacon-tutorial-1.0.4/eclipse/plugins/org.eclipse.ui.externaltools_3.2.0.v20110506.jar
7ff4a804f000-7ff4a8051000 r-xs 00004000 08:0b 8389155                    /mnt/armazem/openflow/beacon/beacon-tutorial-1.0.4/eclipse/plugins/org.eclipse.mylyn.team.cvs_3.6.0.v20110608-1400.jar
7ff4a8051000-7ff4a8053000 r-xs 00008000 08:0b 8389898                    /mnt/armazem/openflow/beacon/beacon-tutorial-1.0.4/eclipse/plugins/org.eclipse.epp.usagedata.gathering_1.3.1.R201106061540.jar
7ff4a8053000-7ff4a8056000 r-xs 00014000 08:0b 8389264                    /mnt/armazem/openflow/beacon/beacon-tutorial-1.0.4/eclipse/plugins/org.eclipse.core.jobs_3.5.100.v20110404.jar
7ff4a8056000-7ff4a805a000 r-xs 0002a000 08:0b 8389928                    /mnt/armazem/openflow/beacon/beacon-tutorial-1.0.4/eclipse/plugins/org.eclipse.equinox.p2.engine_2.1.0.v20110511.jar
7ff4a805a000-7ff4a805e000 r-xs 0001c000 08:0b 8389393                    /mnt/armazem/openflow/beacon/beacon-tutorial-1.0.4/eclipse/plugins/org.eclipse.equinox.p2.repository_2.1.0.v20110601.jar
7ff4a805e000-7ff4a8062000 r-xs 00024000 08:0b 8389957                    /mnt/armazem/openflow/beacon/beacon-tutorial-1.0.4/eclipse/plugins/org.eclipse.epp.usagedata.ui_1.3.1.R201106061540.jar
7ff4a8063000-7ff4a8067000 r-xs 0001b000 08:0b 8389935                    /mnt/armazem/openflow/beacon/beacon-tutorial-1.0.4/eclipse/plugins/org.eclipse.mylyn.team.ui_3.6.0.v20110608-1400.jar
7ff4a8067000-7ff4a8069000 r-xs 00003000 08:0b 8389920                    /mnt/armazem/openflow/beacon/beacon-tutorial-1.0.4/eclipse/plugins/org.eclipse.equinox.p2.updatechecker_1.1.200.v20110502-1955.jar
7ff4a8069000-7ff4a806b000 r-xs 0000d000 08:0b 8388890                    /mnt/armazem/openflow/beacon/beacon-tutorial-1.0.4/eclipse/plugins/org.eclipse.equinox.p2.ui.sdk.scheduler_1.0.100.v20110502-1955.jar
7ff4a806b000-7ff4a806d000 r-xs 0000a000 08:0b 8388896                    /mnt/armazem/openflow/beacon/beacon-tutorial-1.0.4/eclipse/plugins/org.eclipse.epp.usagedata.recording_1.3.1.R201106061540.jar
7ff4a806d000-7ff4a8070000 r-xs 00013000 08:0b 8389198                    /mnt/armazem/openflow/beacon/beacon-tutorial-1.0.4/eclipse/plugins/org.eclipse.mylyn.tasks.bugs_3.6.0.v20110608-1400.jar
7ff4a8070000-7ff4a8072000 r-xs 0000c000 08:0b 8388907                    /mnt/armazem/openflow/beacon/beacon-tutorial-1.0.4/eclipse/plugins/org.eclipse.equinox.p2.operations_2.1.0.v20110511-1821.jar
7ff4a8072000-7ff4a8074000 r-xs 00015000 08:0b 8389128                    /mnt/armazem/openflow/beacon/beacon-tutorial-1.0.4/eclipse/plugins/org.eclipse.core.runtime.compatibility_3.2.100.v20100505.jar
7ff4a8074000-7ff4a8076000 r-xs 00010000 08:0b 8388922                    /mnt/armazem/openflow/beacon/beacon-tutorial-1.0.4/eclipse/plugins/org.eclipse.core.runtime_3.7.0.v20110110.jar
7ff4a8076000-7ff4a8078000 r-xs 0000f000 08:0b 8389231                    /mnt/armazem/openflow/beacon/beacon-tutorial-1.0.4/eclipse/plugins/org.eclipse.mylyn.tasks.search_3.6.0.v20110608-1400.jar
7ff4a8079000-7ff4a807c000 r-xs 00013000 08:0b 8388921                    /mnt/armazem/openflow/beacon/beacon-tutorial-1.0.4/eclipse/plugins/org.eclipse.core.expressions_3.4.300.v20110228.jar
7ff4a807c000-7ff4a807e000 r-xs 00014000 08:0b 8389861                    /mnt/armazem/openflow/beacon/beacon-tutorial-1.0.4/eclipse/plugins/org.eclipse.ui.intro.universal_3.2.500.v20110510/universal.jar
7ff4a807f000-7ff4a8080000 r-xs 00002000 08:0b 8389949                    /mnt/armazem/openflow/beacon/beacon-tutorial-1.0.4/eclipse/plugins/org.eclipse.core.runtime.compatibility.registry_3.5.0.v20110505/runtime_registry_compatibility.jar
7ff4a8080000-7ff4a8084000 r-xs 00029000 08:0b 8389377                    /mnt/armazem/openflow/beacon/beacon-tutorial-1.0.4/eclipse/plugins/org.eclipse.equinox.registry_3.5.100.v20110502.jar
7ff4a8084000-7ff4a8086000 r-xs 0000e000 08:0b 8389051                    /mnt/armazem/openflow/beacon/beacon-tutorial-1.0.4/eclipse/plugins/org.eclipse.ui.ide.application_1.0.300.I20110306-2000.jar
7ff4a8087000-7ff4a8089000 r-xs 0000c000 08:0b 8389901                    /mnt/armazem/openflow/beacon/beacon-tutorial-1.0.4/eclipse/plugins/org.eclipse.rap.ui.intro_1.4.0.20110614-2335.jar
7ff4a8089000-7ff4a808b000 r-xs 00013000 08:0b 8389942                    /mnt/armazem/openflow/beacon/beacon-tutorial-1.0.4/eclipse/plugins/org.eclipse.equinox.app_1.3.100.v20110321.jar
7ff4a808b000-7ff4a808e000 r-xs 00019000 08:0b 8389918                    /mnt/armazem/openflow/beacon/beacon-tutorial-1.0.4/eclipse/plugins/org.eclipse.equinox.preferences_3.4.0.v20110502.jar
7ff4a808f000-7ff4a8091000 r-xs 0000b000 08:0b 8389228                    /mnt/armazem/openflow/beacon/beacon-tutorial-1.0.4/eclipse/plugins/org.eclipse.core.filesystem_1.3.100.v20110423-0524.jar
7ff4a8095000-7ff4a8098000 r-xs 00019000 08:0b 8389406                    /mnt/armazem/openflow/beacon/beacon-tutorial-1.0.4/eclipse/plugins/org.eclipse.core.filebuffers_3.5.200.v20110505-0800.jar
7ff4a809a000-7ff4a809b000 r-xs 00005000 08:0b 8389384                    /mnt/armazem/openflow/beacon/beacon-tutorial-1.0.4/eclipse/plugins/org.eclipse.equinox.simpleconfigurator.manipulator_2.0.0.v20110502-1955.jar
7ff4a809b000-7ff4a809e000 r-xs 00023000 08:0b 8388943                    /mnt/armazem/openflow/beacon/beacon-tutorial-1.0.4/eclipse/plugins/org.eclipse.jdt.compiler.apt_1.0.400.v0110509-1300.jar
7ff4a809e000-7ff4a80a3000 r-xs 00038000 08:0b 8389174                    /mnt/armazem/openflow/beacon/beacon-tutorial-1.0.4/eclipse/plugins/org.eclipse.text_3.5.100.v20110505-0800.jar
7ff4a80a3000-7ff4a80b7000 r-xs 00139000 08:0b 8388964                    /mnt/armazem/openflow/beacon/beacon-tutorial-1.0.4/eclipse/plugins/org.eclipse.osgi_3.7.0.v20110613.jar
7ff4a80b7000-7ff4a8117000 rwxs 00000000 00:04 9404464                    /SYSV00000000 (deleted)
7ff4a8117000-7ff4a817a000 rwxp 00000000 00:00 0 
7ff4a817a000-7ff4a819a000 r-xs 00000000 08:17 801870                     /usr/share/mime/mime.cache
7ff4a819a000-7ff4a81ba000 r-xs 00000000 08:17 801870                     /usr/share/mime/mime.cache
7ff4a81ba000-7ff4a81e3000 r-xp 00000000 08:17 679979                     /usr/share/locale/pt/LC_MESSAGES/gtk20-properties.mo
7ff4a81e3000-7ff4a81f2000 r-xp 00000000 08:0b 8389219                    /mnt/armazem/openflow/beacon/beacon-tutorial-1.0.4/eclipse/plugins/org.eclipse.equinox.launcher.gtk.linux.x86_64_1.1.100.v20110505/eclipse_1407.so
7ff4a81f2000-7ff4a82f1000 ---p 0000f000 08:0b 8389219                    /mnt/armazem/openflow/beacon/beacon-tutorial-1.0.4/eclipse/plugins/org.eclipse.equinox.launcher.gtk.linux.x86_64_1.1.100.v20110505/eclipse_1407.so
7ff4a82f1000-7ff4a82f3000 rwxp 0000e000 08:0b 8389219                    /mnt/armazem/openflow/beacon/beacon-tutorial-1.0.4/eclipse/plugins/org.eclipse.equinox.launcher.gtk.linux.x86_64_1.1.100.v20110505/eclipse_1407.so
7ff4a82f3000-7ff4a82f4000 ---p 00000000 00:00 0 
7ff4a82f4000-7ff4a83f4000 rwxp 00000000 00:00 0                          [stack:8961]
7ff4a83f4000-7ff4a83f7000 ---p 00000000 00:00 0 
7ff4a83f7000-7ff4a84f5000 rwxp 00000000 00:00 0                          [stack:8960]
7ff4a84f5000-7ff4a84f8000 ---p 00000000 00:00 0 
7ff4a84f8000-7ff4a85f6000 rwxp 00000000 00:00 0                          [stack:8959]
7ff4a85f6000-7ff4a85f9000 ---p 00000000 00:00 0 
7ff4a85f9000-7ff4a86f7000 rwxp 00000000 00:00 0                          [stack:8958]
7ff4a86f7000-7ff4a86fa000 ---p 00000000 00:00 0 
7ff4a86fa000-7ff4a87f8000 rwxp 00000000 00:00 0                          [stack:8957]
7ff4a87f8000-7ff4a87fb000 ---p 00000000 00:00 0 
7ff4a87fb000-7ff4a88f9000 rwxp 00000000 00:00 0                          [stack:8956]
7ff4a88f9000-7ff4a88fc000 ---p 00000000 00:00 0 
7ff4a88fc000-7ff4a89fa000 rwxp 00000000 00:00 0                          [stack:8955]
7ff4a89fa000-7ff4a89fb000 ---p 00000000 00:00 0 
7ff4a89fb000-7ff4a93a0000 rwxp 00000000 00:00 0                          [stack:8954]
7ff4a93a0000-7ff4ad37c000 rwxp 00000000 00:00 0 
7ff4ad37c000-7ff4b0000000 ---p 00000000 00:00 0 
7ff4b0000000-7ff4b0001000 r-xs 00002000 08:0b 8389386                    /mnt/armazem/openflow/beacon/beacon-tutorial-1.0.4/eclipse/plugins/org.eclipse.core.filesystem.linux.x86_64_1.2.0.v20110423-0524.jar
7ff4b0001000-7ff4b0003000 r-xs 00018000 08:0b 8388902                    /mnt/armazem/openflow/beacon/beacon-tutorial-1.0.4/eclipse/plugins/org.eclipse.equinox.common_3.6.0.v20110523.jar
7ff4b0003000-7ff4b0004000 r-xs 00008000 08:0b 8389236                    /mnt/armazem/openflow/beacon/beacon-tutorial-1.0.4/eclipse/plugins/org.eclipse.jsch.core_1.1.300.I20110514-0800.jar
7ff4b0006000-7ff4b0008000 r-xs 00007000 08:0b 8388898                    /mnt/armazem/openflow/beacon/beacon-tutorial-1.0.4/eclipse/plugins/org.eclipse.core.variables_3.2.500.v20110511.jar
7ff4b0008000-7ff4b0009000 r-xs 0000e000 08:0b 8389907                    /mnt/armazem/openflow/beacon/beacon-tutorial-1.0.4/eclipse/plugins/org.eclipse.equinox.frameworkadmin.equinox_1.0.300.v20110506.jar
7ff4b0009000-7ff4b000b000 r-xs 00007000 08:0b 8389157                    /mnt/armazem/openflow/beacon/beacon-tutorial-1.0.4/eclipse/plugins/org.eclipse.equinox.frameworkadmin_2.0.0.v20110502-1955.jar
7ff4b000b000-7ff4b000c000 r-xs 00005000 08:0b 8389043                    /mnt/armazem/openflow/beacon/beacon-tutorial-1.0.4/eclipse/plugins/org.eclipse.core.runtime.compatibility.auth_3.2.200.v20110110.jar
7ff4b000c000-7ff4b000e000 r-xs 00007000 08:0b 8389930                    /mnt/armazem/openflow/beacon/beacon-tutorial-1.0.4/eclipse/plugins/org.eclipse.mylyn.ide.ui_3.6.0.v20110608-1400.jar
7ff4b000e000-7ff4b0014000 r-xp 00000000 08:17 677798                     /usr/share/locale/pt/LC_MESSAGES/gdk-pixbuf.mo
7ff4b0014000-7ff4b002b000 r-xp 00000000 08:17 678473                     /usr/share/locale/pt/LC_MESSAGES/glib20.mo
7ff4b002b000-7ff4b0042000 r-xp 00000000 08:17 678536                     /usr/share/locale/pt_BR/LC_MESSAGES/glib20.mo
7ff4b0042000-7ff4b006b000 r-xp 00000000 08:17 680117                     /usr/share/locale/pt_BR/LC_MESSAGES/gtk20-properties.mo
7ff4b006b000-7ff4b0080000 r-xp 00000000 08:17 654761                     /usr/share/locale/pt_BR/LC_MESSAGES/libc.mo
7ff4b0080000-7ff4b00b7000 r-xp 00000000 08:17 810830                     /usr/lib64/locale/pt_BR/LC_CTYPE
7ff4b00b7000-7ff4b00eb000 rwxp 00000000 00:00 0 
7ff4b00eb000-7ff4b0284000 r-xs 03087000 08:12 8498                       /opt/jdk1.6.0_45/jre/lib/rt.jar
7ff4b0284000-7ff4b0285000 ---p 00000000 00:00 0 
7ff4b0285000-7ff4b0385000 rwxp 00000000 00:00 0                          [stack:8953]
7ff4b0385000-7ff4b0386000 ---p 00000000 00:00 0 
7ff4b0386000-7ff4b0486000 rwxp 00000000 00:00 0                          [stack:8952]
7ff4b0486000-7ff4b0487000 ---p 00000000 00:00 0 
7ff4b0487000-7ff4b0587000 rwxp 00000000 00:00 0                          [stack:8951]
7ff4b0587000-7ff4b0588000 ---p 00000000 00:00 0 
7ff4b0588000-7ff4b06c5000 rwxp 00000000 00:00 0                          [stack:8950]
7ff4b06c5000-7ff4b0708000 rwxp 00000000 00:00 0 
7ff4b0708000-7ff4b071d000 rwxp 00000000 00:00 0 
7ff4b071d000-7ff4b07b3000 rwxp 00000000 00:00 0 
7ff4b07b3000-7ff4b07f0000 rwxp 00000000 00:00 0 
7ff4b07f0000-7ff4b0833000 rwxp 00000000 00:00 0 
7ff4b0833000-7ff4b0848000 rwxp 00000000 00:00 0 
7ff4b0848000-7ff4b08dd000 rwxp 00000000 00:00 0 
7ff4b08dd000-7ff4b091d000 rwxp 00000000 00:00 0 
7ff4b091d000-7ff4b0923000 ---p 00000000 00:00 0 
7ff4b0923000-7ff4b0933000 rwxp 00000000 00:00 0 
7ff4b0933000-7ff4b0934000 rwxp 00000000 00:00 0 
7ff4b0934000-7ff4b0942000 r-xp 00000000 08:12 9166                       /opt/jdk1.6.0_45/jre/lib/amd64/libzip.so
7ff4b0942000-7ff4b0a44000 ---p 0000e000 08:12 9166                       /opt/jdk1.6.0_45/jre/lib/amd64/libzip.so
7ff4b0a44000-7ff4b0a47000 rwxp 00010000 08:12 9166                       /opt/jdk1.6.0_45/jre/lib/amd64/libzip.so
7ff4b0a47000-7ff4b0a48000 rwxp 00000000 00:00 0 
7ff4b0a48000-7ff4b0a54000 r-xp 00000000 08:11 10588                      /lib64/libnss_files-2.15.so
7ff4b0a54000-7ff4b0c53000 ---p 0000c000 08:11 10588                      /lib64/libnss_files-2.15.so
7ff4b0c53000-7ff4b0c54000 r-xp 0000b000 08:11 10588                      /lib64/libnss_files-2.15.so
7ff4b0c54000-7ff4b0c55000 rwxp 0000c000 08:11 10588                      /lib64/libnss_files-2.15.so
7ff4b0c55000-7ff4b0c60000 r-xp 00000000 08:11 10590                      /lib64/libnss_nis-2.15.so
7ff4b0c60000-7ff4b0e5f000 ---p 0000b000 08:11 10590                      /lib64/libnss_nis-2.15.so
7ff4b0e5f000-7ff4b0e60000 r-xp 0000a000 08:11 10590                      /lib64/libnss_nis-2.15.so
7ff4b0e60000-7ff4b0e61000 rwxp 0000b000 08:11 10590                      /lib64/libnss_nis-2.15.so
7ff4b0e61000-7ff4b0e69000 r-xp 00000000 08:11 10585                      /lib64/libnss_compat-2.15.so
7ff4b0e69000-7ff4b1068000 ---p 00008000 08:11 10585                      /lib64/libnss_compat-2.15.so
7ff4b1068000-7ff4b1069000 r-xp 00007000 08:11 10585                      /lib64/libnss_compat-2.15.so
7ff4b1069000-7ff4b106a000 rwxp 00008000 08:11 10585                      /lib64/libnss_compat-2.15.so
7ff4b106a000-7ff4b1081000 r-xp 00000000 08:11 10584                      /lib64/libnsl-2.15.so
7ff4b1081000-7ff4b1280000 ---p 00017000 08:11 10584                      /lib64/libnsl-2.15.so
7ff4b1280000-7ff4b1281000 r-xp 00016000 08:11 10584                      /lib64/libnsl-2.15.so
7ff4b1281000-7ff4b1282000 rwxp 00017000 08:11 10584                      /lib64/libnsl-2.15.so
7ff4b1282000-7ff4b1284000 rwxp 00000000 00:00 0 
7ff4b1284000-7ff4b12ad000 r-xp 00000000 08:12 9157                       /opt/jdk1.6.0_45/jre/lib/amd64/libjava.so
7ff4b12ad000-7ff4b13ac000 ---p 00029000 08:12 9157                       /opt/jdk1.6.0_45/jre/lib/amd64/libjava.so
7ff4b13ac000-7ff4b13b3000 rwxp 00028000 08:12 9157                       /opt/jdk1.6.0_45/jre/lib/amd64/libjava.so
7ff4b13b3000-7ff4b13c0000 r-xp 00000000 08:12 9144                       /opt/jdk1.6.0_45/jre/lib/amd64/libverify.so
7ff4b13c0000-7ff4b14bf000 ---p 0000d000 08:12 9144                       /opt/jdk1.6.0_45/jre/lib/amd64/libverify.so
7ff4b14bf000-7ff4b14c2000 rwxp 0000c000 08:12 9144                       /opt/jdk1.6.0_45/jre/lib/amd64/libverify.so
7ff4b14c2000-7ff4b14c9000 r-xp 00000000 08:11 10595                      /lib64/librt-2.15.so
7ff4b14c9000-7ff4b16c8000 ---p 00007000 08:11 10595                      /lib64/librt-2.15.so
7ff4b16c8000-7ff4b16c9000 r-xp 00006000 08:11 10595                      /lib64/librt-2.15.so
7ff4b16c9000-7ff4b16ca000 rwxp 00007000 08:11 10595                      /lib64/librt-2.15.so
7ff4b16ca000-7ff4b16cd000 ---p 00000000 00:00 0 
7ff4b16cd000-7ff4b17cb000 rwxp 00000000 00:00 0                          [stack:8949]
7ff4b17cb000-7ff4b18c5000 r-xp 00000000 08:11 10582                      /lib64/libm-2.15.so
7ff4b18c5000-7ff4b1ac4000 ---p 000fa000 08:11 10582                      /lib64/libm-2.15.so
7ff4b1ac4000-7ff4b1ac5000 r-xp 000f9000 08:11 10582                      /lib64/libm-2.15.so
7ff4b1ac5000-7ff4b1ac6000 rwxp 000fa000 08:11 10582                      /lib64/libm-2.15.so
7ff4b1ac6000-7ff4b23e4000 r-xp 00000000 08:12 9162                       /opt/jdk1.6.0_45/jre/lib/amd64/server/libjvm.so
7ff4b23e4000-7ff4b24e6000 ---p 0091e000 08:12 9162                       /opt/jdk1.6.0_45/jre/lib/amd64/server/libjvm.so
7ff4b24e6000-7ff4b269c000 rwxp 00920000 08:12 9162                       /opt/jdk1.6.0_45/jre/lib/amd64/server/libjvm.so
7ff4b269c000-7ff4b26d6000 rwxp 00000000 00:00 0 
7ff4b26d6000-7ff4b288b000 r-xp 00000000 08:11 10578                      /lib64/libc-2.15.so
7ff4b288b000-7ff4b2a8b000 ---p 001b5000 08:11 10578                      /lib64/libc-2.15.so
7ff4b2a8b000-7ff4b2a8f000 r-xp 001b5000 08:11 10578                      /lib64/libc-2.15.so
7ff4b2a8f000-7ff4b2a91000 rwxp 001b9000 08:11 10578                      /lib64/libc-2.15.so
7ff4b2a91000-7ff4b2a96000 rwxp 00000000 00:00 0 
7ff4b2a96000-7ff4b2a99000 r-xp 00000000 08:11 10581                      /lib64/libdl-2.15.so
7ff4b2a99000-7ff4b2c98000 ---p 00003000 08:11 10581                      /lib64/libdl-2.15.so
7ff4b2c98000-7ff4b2c99000 r-xp 00002000 08:11 10581                      /lib64/libdl-2.15.so
7ff4b2c99000-7ff4b2c9a000 rwxp 00003000 08:11 10581                      /lib64/libdl-2.15.so
7ff4b2c9a000-7ff4b2cb1000 r-xp 00000000 08:11 10593                      /lib64/libpthread-2.15.so
7ff4b2cb1000-7ff4b2eb0000 ---p 00017000 08:11 10593                      /lib64/libpthread-2.15.so
7ff4b2eb0000-7ff4b2eb1000 r-xp 00016000 08:11 10593                      /lib64/libpthread-2.15.so
7ff4b2eb1000-7ff4b2eb2000 rwxp 00017000 08:11 10593                      /lib64/libpthread-2.15.so
7ff4b2eb2000-7ff4b2eb6000 rwxp 00000000 00:00 0 
7ff4b2eb6000-7ff4b2ed9000 r-xp 00000000 08:11 10622                      /lib64/ld-2.15.so
7ff4b2ed9000-7ff4b2eda000 r-xs 00007000 08:0b 8389137                    /mnt/armazem/openflow/beacon/beacon-tutorial-1.0.4/eclipse/plugins/org.eclipse.equinox.event_1.2.100.v20110502.jar
7ff4b2eda000-7ff4b2ee9000 rwxp 00000000 00:00 0 
7ff4b2ee9000-7ff4b2f9a000 rwxp 00000000 00:00 0 
7ff4b2f9a000-7ff4b2f9d000 rwxp 00000000 00:00 0 
7ff4b2f9d000-7ff4b2fa4000 r-xp 00000000 08:12 9179                       /opt/jdk1.6.0_45/jre/lib/amd64/jli/libjli.so
7ff4b2fa4000-7ff4b30a5000 ---p 00007000 08:12 9179                       /opt/jdk1.6.0_45/jre/lib/amd64/jli/libjli.so
7ff4b30a5000-7ff4b30a7000 rwxp 00008000 08:12 9179                       /opt/jdk1.6.0_45/jre/lib/amd64/jli/libjli.so
7ff4b30a7000-7ff4b30a8000 rwxp 00000000 00:00 0 
7ff4b30a8000-7ff4b30a9000 r-xs 00007000 08:0b 8389395                    /mnt/armazem/openflow/beacon/beacon-tutorial-1.0.4/eclipse/plugins/org.eclipse.equinox.p2.directorywatcher_1.0.300.v20110502-1955.jar
7ff4b30a9000-7ff4b30aa000 r-xs 00007000 08:0b 8389186                    /mnt/armazem/openflow/beacon/beacon-tutorial-1.0.4/eclipse/plugins/org.eclipse.update.scheduler_3.2.300.v20100512.jar
7ff4b30aa000-7ff4b30ab000 r-xs 0000d000 08:0b 8389964                    /mnt/armazem/openflow/beacon/beacon-tutorial-1.0.4/eclipse/plugins/org.eclipse.jdt.compiler.tool_1.0.100.v_B61.jar
7ff4b30ab000-7ff4b30b1000 r-xp 00000000 08:17 677867                     /usr/share/locale/pt_BR/LC_MESSAGES/gdk-pixbuf.mo
7ff4b30b1000-7ff4b30b2000 r-xs 00000000 08:16 523                        /home/luiz/.local/share/mime/mime.cache
7ff4b30b2000-7ff4b30b3000 r-xs 00004000 08:0b 8389413                    /mnt/armazem/openflow/beacon/beacon-tutorial-1.0.4/eclipse/plugins/org.eclipse.swt_3.7.0.v3735b.jar
7ff4b30b3000-7ff4b30c2000 r-xp 00000000 08:17 680116                     /usr/share/locale/pt_BR/LC_MESSAGES/gtk20.mo
7ff4b30c2000-7ff4b30c3000 r-xp 00000000 08:17 810831                     /usr/lib64/locale/pt_BR/LC_NUMERIC
7ff4b30c3000-7ff4b30c4000 r-xp 00000000 08:17 147768                     /usr/lib64/locale/pt_BR/LC_TIME
7ff4b30c4000-7ff4b30c5000 r-xp 00000000 08:17 147764                     /usr/lib64/locale/pt_BR/LC_MONETARY
7ff4b30c5000-7ff4b30c6000 r-xp 00000000 08:17 148081                     /usr/lib64/locale/pt_BR/LC_MESSAGES/SYS_LC_MESSAGES
7ff4b30c6000-7ff4b30c7000 r-xp 00000000 08:17 810839                     /usr/lib64/locale/pt_BR/LC_PAPER
7ff4b30c7000-7ff4b30c8000 r-xp 00000000 08:17 810829                     /usr/lib64/locale/pt_BR/LC_NAME
7ff4b30c8000-7ff4b30c9000 r-xp 00000000 08:17 147770                     /usr/lib64/locale/pt_BR/LC_ADDRESS
7ff4b30c9000-7ff4b30ca000 r-xp 00000000 08:17 147769                     /usr/lib64/locale/pt_BR/LC_TELEPHONE
7ff4b30ca000-7ff4b30cb000 r-xp 00000000 08:17 810833                     /usr/lib64/locale/pt_BR/LC_MEASUREMENT
7ff4b30cb000-7ff4b30cc000 r-xp 00000000 08:17 147765                     /usr/lib64/locale/pt_BR/LC_IDENTIFICATION
7ff4b30cc000-7ff4b30cd000 r-xs 0000b000 08:0b 8389251                    /mnt/armazem/openflow/beacon/beacon-tutorial-1.0.4/eclipse/plugins/org.eclipse.equinox.launcher_1.2.0.v20110502.jar
7ff4b30cd000-7ff4b30d5000 rwxs 00000000 08:15 888                        /tmp/hsperfdata_luiz/8948
7ff4b30d5000-7ff4b30d6000 rwxp 00000000 00:00 0 
7ff4b30d6000-7ff4b30d7000 r-xp 00000000 00:00 0 
7ff4b30d7000-7ff4b30d8000 rwxp 00000000 00:00 0 
7ff4b30d8000-7ff4b30d9000 r-xp 00022000 08:11 10622                      /lib64/ld-2.15.so
7ff4b30d9000-7ff4b30db000 rwxp 00023000 08:11 10622                      /lib64/ld-2.15.so
7fff8579b000-7fff857bd000 rwxp 00000000 00:00 0                          [stack]
7fff857ff000-7fff85800000 r-xp 00000000 00:00 0                          [vdso]
ffffffffff600000-ffffffffff601000 r-xp 00000000 00:00 0                  [vsyscall]

VM Arguments:
jvm_args: -Dosgi.requiredJavaVersion=1.5 -XX:MaxPermSize=256m -Xms40m -Xmx512m 
java_command: /mnt/armazem/openflow/beacon/beacon-tutorial-1.0.4/eclipse//plugins/org.eclipse.equinox.launcher_1.2.0.v20110502.jar -os linux -ws gtk -arch x86_64 -showsplash -launcher /mnt/armazem/openflow/beacon/beacon-tutorial-1.0.4/eclipse/eclipse -name Eclipse --launcher.library /mnt/armazem/openflow/beacon/beacon-tutorial-1.0.4/eclipse//plugins/org.eclipse.equinox.launcher.gtk.linux.x86_64_1.1.100.v20110505/eclipse_1407.so -startup /mnt/armazem/openflow/beacon/beacon-tutorial-1.0.4/eclipse//plugins/org.eclipse.equinox.launcher_1.2.0.v20110502.jar --launcher.overrideVmargs -exitdata 8f002a -product org.eclipse.epp.package.rcp.product -vm /opt/jdk/bin/java -vmargs -Dosgi.requiredJavaVersion=1.5 -XX:MaxPermSize=256m -Xms40m -Xmx512m -jar /mnt/armazem/openflow/beacon/beacon-tutorial-1.0.4/eclipse//plugins/org.eclipse.equinox.launcher_1.2.0.v20110502.jar
Launcher Type: SUN_STANDARD

Environment Variables:
PATH=/usr/local/bin:/usr/bin:/bin:/usr/games:/opt/jdk/bin:/opt/jre/bin:/opt/maven/bin:/usr/lib64/kde4/libexec:/usr/lib64/qt/bin:/usr/share/texmf/bin:.
LD_LIBRARY_PATH=/opt/jdk1.6.0_45/jre/lib/amd64/server:/opt/jdk1.6.0_45/jre/lib/amd64:/opt/jdk1.6.0_45/jre/../lib/amd64
SHELL=/bin/bash
DISPLAY=:0

Signal Handlers:
SIGSEGV: [libjvm.so+0x862a30], sa_mask[0]=0x7ffbfeff, sa_flags=0x10000004
SIGBUS: [libjvm.so+0x862a30], sa_mask[0]=0x7ffbfeff, sa_flags=0x10000004
SIGFPE: [libjvm.so+0x7106f0], sa_mask[0]=0x7ffbfeff, sa_flags=0x10000004
SIGPIPE: SIG_IGN, sa_mask[0]=0x00001000, sa_flags=0x10000000
SIGXFSZ: [libjvm.so+0x7106f0], sa_mask[0]=0x7ffbfeff, sa_flags=0x10000004
SIGILL: [libjvm.so+0x7106f0], sa_mask[0]=0x7ffbfeff, sa_flags=0x10000004
SIGUSR1: SIG_DFL, sa_mask[0]=0x00000000, sa_flags=0x00000000
SIGUSR2: [libjvm.so+0x713520], sa_mask[0]=0x00000000, sa_flags=0x10000004
SIGHUP: [libjvm.so+0x713120], sa_mask[0]=0x7ffbfeff, sa_flags=0x10000004
SIGINT: [libjvm.so+0x713120], sa_mask[0]=0x7ffbfeff, sa_flags=0x10000004
SIGTERM: [libjvm.so+0x713120], sa_mask[0]=0x7ffbfeff, sa_flags=0x10000004
SIGQUIT: [libjvm.so+0x713120], sa_mask[0]=0x7ffbfeff, sa_flags=0x10000004


---------------  S Y S T E M  ---------------

OS:Linux
uname:Linux 3.11.3 #1 SMP Tue Oct 1 17:09:22 BRT 2013 x86_64
libc:glibc 2.15 NPTL 2.15 
rlimit: STACK 8192k, CORE 0k, NPROC 46799, NOFILE 4096, AS infinity
load average:0,14 0,20 0,19

/proc/meminfo:
MemTotal:        5993620 kB
MemFree:          704728 kB
Buffers:          146696 kB
Cached:          3873448 kB
SwapCached:            0 kB
Active:          3412464 kB
Inactive:        1608028 kB
Active(anon):    1003400 kB
Inactive(anon):   181248 kB
Active(file):    2409064 kB
Inactive(file):  1426780 kB
Unevictable:           0 kB
Mlocked:               0 kB
SwapTotal:      11719380 kB
SwapFree:       11719380 kB
Dirty:              1580 kB
Writeback:             0 kB
AnonPages:       1000200 kB
Mapped:           204684 kB
Shmem:            184212 kB
Slab:             197860 kB
SReclaimable:     163856 kB
SUnreclaim:        34004 kB
KernelStack:        3464 kB
PageTables:        27312 kB
NFS_Unstable:          0 kB
Bounce:                0 kB
WritebackTmp:          0 kB
CommitLimit:    14716188 kB
Committed_AS:    2782592 kB
VmallocTotal:   34359738367 kB
VmallocUsed:      356452 kB
VmallocChunk:   34359368059 kB
HugePages_Total:       0
HugePages_Free:        0
HugePages_Rsvd:        0
HugePages_Surp:        0
Hugepagesize:       2048 kB
DirectMap4k:       17148 kB
DirectMap2M:     6154240 kB


CPU:total 4 (2 cores per cpu, 2 threads per core) family 6 model 58 stepping 9, cmov, cx8, fxsr, mmx, sse, sse2, sse3, ssse3, sse4.1, sse4.2, popcnt, ht

/proc/cpuinfo:
processor	: 0
vendor_id	: GenuineIntel
cpu family	: 6
model		: 58
model name	: Intel(R) Core(TM) i5-3337U CPU @ 1.80GHz
stepping	: 9
microcode	: 0x13
cpu MHz		: 1801.000
cache size	: 3072 KB
physical id	: 0
siblings	: 4
core id		: 0
cpu cores	: 2
apicid		: 0
initial apicid	: 0
fpu		: yes
fpu_exception	: yes
cpuid level	: 13
wp		: yes
flags		: fpu vme de pse tsc msr pae mce cx8 apic sep mtrr pge mca cmov pat pse36 clflush dts acpi mmx fxsr sse sse2 ss ht tm pbe syscall nx rdtscp lm constant_tsc arch_perfmon pebs bts rep_good nopl xtopology nonstop_tsc aperfmperf eagerfpu pni pclmulqdq dtes64 monitor ds_cpl vmx est tm2 ssse3 cx16 xtpr pdcm pcid sse4_1 sse4_2 x2apic popcnt tsc_deadline_timer aes xsave avx f16c rdrand lahf_lm ida arat epb xsaveopt pln pts dtherm tpr_shadow vnmi flexpriority ept vpid fsgsbase smep erms
bogomips	: 3591.71
clflush size	: 64
cache_alignment	: 64
address sizes	: 36 bits physical, 48 bits virtual
power management:

processor	: 1
vendor_id	: GenuineIntel
cpu family	: 6
model		: 58
model name	: Intel(R) Core(TM) i5-3337U CPU @ 1.80GHz
stepping	: 9
microcode	: 0x13
cpu MHz		: 1801.000
cache size	: 3072 KB
physical id	: 0
siblings	: 4
core id		: 0
cpu cores	: 2
apicid		: 1
initial apicid	: 1
fpu		: yes
fpu_exception	: yes
cpuid level	: 13
wp		: yes
flags		: fpu vme de pse tsc msr pae mce cx8 apic sep mtrr pge mca cmov pat pse36 clflush dts acpi mmx fxsr sse sse2 ss ht tm pbe syscall nx rdtscp lm constant_tsc arch_perfmon pebs bts rep_good nopl xtopology nonstop_tsc aperfmperf eagerfpu pni pclmulqdq dtes64 monitor ds_cpl vmx est tm2 ssse3 cx16 xtpr pdcm pcid sse4_1 sse4_2 x2apic popcnt tsc_deadline_timer aes xsave avx f16c rdrand lahf_lm ida arat epb xsaveopt pln pts dtherm tpr_shadow vnmi flexpriority ept vpid fsgsbase smep erms
bogomips	: 3591.71
clflush size	: 64
cache_alignment	: 64
address sizes	: 36 bits physical, 48 bits virtual
power management:

processor	: 2
vendor_id	: GenuineIntel
cpu family	: 6
model		: 58
model name	: Intel(R) Core(TM) i5-3337U CPU @ 1.80GHz
stepping	: 9
microcode	: 0x13
cpu MHz		: 1801.000
cache size	: 3072 KB
physical id	: 0
siblings	: 4
core id		: 1
cpu cores	: 2
apicid		: 2
initial apicid	: 2
fpu		: yes
fpu_exception	: yes
cpuid level	: 13
wp		: yes
flags		: fpu vme de pse tsc msr pae mce cx8 apic sep mtrr pge mca cmov pat pse36 clflush dts acpi mmx fxsr sse sse2 ss ht tm pbe syscall nx rdtscp lm constant_tsc arch_perfmon pebs bts rep_good nopl xtopology nonstop_tsc aperfmperf eagerfpu pni pclmulqdq dtes64 monitor ds_cpl vmx est tm2 ssse3 cx16 xtpr pdcm pcid sse4_1 sse4_2 x2apic popcnt tsc_deadline_timer aes xsave avx f16c rdrand lahf_lm ida arat epb xsaveopt pln pts dtherm tpr_shadow vnmi flexpriority ept vpid fsgsbase smep erms
bogomips	: 3591.71
clflush size	: 64
cache_alignment	: 64
address sizes	: 36 bits physical, 48 bits virtual
power management:

processor	: 3
vendor_id	: GenuineIntel
cpu family	: 6
model		: 58
model name	: Intel(R) Core(TM) i5-3337U CPU @ 1.80GHz
stepping	: 9
microcode	: 0x13
cpu MHz		: 1801.000
cache size	: 3072 KB
physical id	: 0
siblings	: 4
core id		: 1
cpu cores	: 2
apicid		: 3
initial apicid	: 3
fpu		: yes
fpu_exception	: yes
cpuid level	: 13
wp		: yes
flags		: fpu vme de pse tsc msr pae mce cx8 apic sep mtrr pge mca cmov pat pse36 clflush dts acpi mmx fxsr sse sse2 ss ht tm pbe syscall nx rdtscp lm constant_tsc arch_perfmon pebs bts rep_good nopl xtopology nonstop_tsc aperfmperf eagerfpu pni pclmulqdq dtes64 monitor ds_cpl vmx est tm2 ssse3 cx16 xtpr pdcm pcid sse4_1 sse4_2 x2apic popcnt tsc_deadline_timer aes xsave avx f16c rdrand lahf_lm ida arat epb xsaveopt pln pts dtherm tpr_shadow vnmi flexpriority ept vpid fsgsbase smep erms
bogomips	: 3591.71
clflush size	: 64
cache_alignment	: 64
address sizes	: 36 bits physical, 48 bits virtual
power management:



Memory: 4k page, physical 5993620k(704728k free), swap 11719380k(11719380k free)

vm_info: Java HotSpot(TM) 64-Bit Server VM (20.45-b01) for linux-amd64 JRE (1.6.0_45-b06), built on Mar 26 2013 14:07:02 by "java_re" with gcc 3.2.2 (SuSE Linux)

time: Sat Oct  5 15:06:30 2013
elapsed time: 159 seconds

